2025-08-30 18:01:30.972 :  ** INFO: Logfile Path Set: /Users/philekins/Documents/Evolve/GitRepos/mva-data-collection/Export/083025180130/Log/MVA_Log_083025180130.log
2025-08-30 18:01:31.024 :  ** INFO: MVA Data Collection Script - Version : 1.0.8
2025-08-30 18:01:31.425 :  ** INFO: Parameter - CollectConnectionsOnly: False
2025-08-30 18:01:31.477 :  ** INFO: Parameter - ExportDacPacs: False
2025-08-30 18:01:31.529 :  ** INFO: Parameter - CollectCloudWatchData: False
2025-08-30 18:01:31.581 :  ** INFO: Parameter - CollectTsqlData: False
2025-08-30 18:01:31.634 :  ** INFO: Parameter - CleanUpEnvironment: False
2025-08-30 18:01:31.687 :  ** INFO: Parameter - SqlServerConnectionTimeout: 300
2025-08-30 18:01:31.747 :  ** INFO: Parameter - SqlServerQueryTimeout: 5
2025-08-30 18:01:31.799 :  ** INFO: Parameter - CloudWatchCollectionPeriod: 30
2025-08-30 18:01:31.850 :  ** INFO: Parameter - IncludeAllMsgs: True
2025-08-30 18:01:31.902 :  ** INFO: Parameter - ValidateResourcesOnly: True
2025-08-30 18:01:31.954 :  ** INFO: Parameter - AWSProfile: 
2025-08-30 18:01:32.006 :  ** INFO: Parameter - UseSSOLogin: False
2025-08-30 18:01:32.059 :  ** INFO: Parameter - SqlUser: admin
2025-08-30 18:01:32.111 :  ** INFO: Parameter - SqlPassword: *********
2025-08-30 18:01:32.163 :  ** INFO: Parameter - ExportPath: 
2025-08-30 18:01:32.215 :  ** INFO: Parameter - FileNameDelimiter: ~~~~
2025-08-30 18:01:32.267 :  ** INFO: Parameter - DebugMode: False
2025-08-30 18:01:32.647 :  ** INFO: AWS CLI v2.x Detected: Version aws-cli/2.28.21 Python/3.13.7 Darwin/24.6.0 source/arm64
2025-08-30 18:01:32.699 :  ** INFO: PS Version: 7.5.2
2025-08-30 18:01:32.791 :  ** INFO: PS Module AWS.Tools.Common Found: Version 5.0.45
2025-08-30 18:01:32.865 :  ** INFO: PS Module AWSPowerShell Found: Version 5.0.45
2025-08-30 18:01:32.941 :  ** INFO: PS Module AWSPowerShell.NetCore Found: Version 5.0.29
2025-08-30 18:01:32.993 :  ** INFO: ValidateResourcesOnly Selected : Disabling all other collections
2025-08-30 18:03:28.793 :  ** INFO: Setting Script Path: /Users/philekins/Documents/Evolve/GitRepos/mva-data-collection
