2025-08-30 18:17:49.775 :  ** INFO: Logfile Path Set: /Users/philekins/Documents/Evolve/GitRepos/mva-data-collection/Export/083025181749/Log/MVA_Log_083025181749.log
2025-08-30 18:17:49.827 :  ** INFO: MVA Data Collection Script - Version : 1.0.8
2025-08-30 18:17:50.225 :  ** INFO: Parameter - CollectConnectionsOnly: False
2025-08-30 18:17:50.277 :  ** INFO: Parameter - ExportDacPacs: False
2025-08-30 18:17:50.329 :  ** INFO: Parameter - CollectCloudWatchData: False
2025-08-30 18:17:50.383 :  ** INFO: Parameter - CollectTsqlData: False
2025-08-30 18:17:50.436 :  ** INFO: Parameter - CleanUpEnvironment: False
2025-08-30 18:17:50.490 :  ** INFO: Parameter - SqlServerConnectionTimeout: 300
2025-08-30 18:17:50.543 :  ** INFO: Parameter - SqlServerQueryTimeout: 5
2025-08-30 18:17:50.596 :  ** INFO: Parameter - CloudWatchCollectionPeriod: 30
2025-08-30 18:17:50.650 :  ** INFO: Parameter - IncludeAllMsgs: True
2025-08-30 18:17:50.703 :  ** INFO: Parameter - ValidateResourcesOnly: True
2025-08-30 18:17:50.766 :  ** INFO: Parameter - AWSProfile: evolve
2025-08-30 18:17:50.818 :  ** INFO: Parameter - UseSSOLogin: False
2025-08-30 18:17:50.871 :  ** INFO: Parameter - SqlUser: admin
2025-08-30 18:17:50.925 :  ** INFO: Parameter - SqlPassword: *********
2025-08-30 18:17:50.978 :  ** INFO: Parameter - ExportPath: 
2025-08-30 18:17:51.032 :  ** INFO: Parameter - FileNameDelimiter: ~~~~
2025-08-30 18:17:51.083 :  ** INFO: Parameter - DebugMode: False
2025-08-30 18:17:51.455 :  ** INFO: AWS CLI v2.x Detected: Version aws-cli/2.28.21 Python/3.13.7 Darwin/24.6.0 source/arm64
2025-08-30 18:17:51.549 :  ** INFO: PS Version: 7.5.2
2025-08-30 18:17:51.614 :  ** INFO: PS Module AWS.Tools.Common Missing
2025-08-30 18:17:51.684 :  ** INFO: PS Module AWSPowerShell Missing
2025-08-30 18:17:51.753 :  ** INFO: PS Module AWSPowerShell.NetCore Found: Version 5.0.29
2025-08-30 18:17:51.805 :  ** INFO: ValidateResourcesOnly Selected : Disabling all other collections
2025-08-30 18:17:51.857 :  ** INFO: Profile evolve Supplied: Validating
2025-08-30 18:18:01.951 :  ** ERROR: Unable to Validate Profile : evolve : The term 'export' is not recognized as a name of a cmdlet, function, script file, or executable program.
Check the spelling of the name, or if a path was included, verify that the path is correct and try again.
2025-08-30 18:18:44.705 :  ** INFO: Setting Script Path: /Users/philekins/Documents/Evolve/GitRepos/mva-data-collection
