2025-08-30 18:08:47.086 :  ** INFO: Logfile Path Set: /Users/philekins/Documents/Evolve/GitRepos/mva-data-collection/Export/083025180847/Log/MVA_Log_083025180847.log
2025-08-30 18:08:47.138 :  ** INFO: MVA Data Collection Script - Version : 1.0.8
2025-08-30 18:08:47.568 :  ** INFO: Parameter - CollectConnectionsOnly: False
2025-08-30 18:08:47.622 :  ** INFO: Parameter - ExportDacPacs: False
2025-08-30 18:08:47.676 :  ** INFO: Parameter - CollectCloudWatchData: False
2025-08-30 18:08:47.730 :  ** INFO: Parameter - CollectTsqlData: False
2025-08-30 18:08:47.784 :  ** INFO: Parameter - CleanUpEnvironment: False
2025-08-30 18:08:47.838 :  ** INFO: Parameter - SqlServerConnectionTimeout: 300
2025-08-30 18:08:47.892 :  ** INFO: Parameter - SqlServerQueryTimeout: 5
2025-08-30 18:08:47.960 :  ** INFO: Parameter - CloudWatchCollectionPeriod: 30
2025-08-30 18:08:48.013 :  ** INFO: Parameter - IncludeAllMsgs: True
2025-08-30 18:08:48.067 :  ** INFO: Parameter - ValidateResourcesOnly: True
2025-08-30 18:08:48.120 :  ** INFO: Parameter - AWSProfile: evolve
2025-08-30 18:08:48.174 :  ** INFO: Parameter - UseSSOLogin: False
2025-08-30 18:08:48.228 :  ** INFO: Parameter - SqlUser: admin
2025-08-30 18:08:48.281 :  ** INFO: Parameter - SqlPassword: *********
2025-08-30 18:08:48.333 :  ** INFO: Parameter - ExportPath: 
2025-08-30 18:08:48.385 :  ** INFO: Parameter - FileNameDelimiter: ~~~~
2025-08-30 18:08:48.437 :  ** INFO: Parameter - DebugMode: False
2025-08-30 18:08:48.732 :  ** INFO: AWS CLI v2.x Detected: Version aws-cli/2.28.21 Python/3.13.7 Darwin/24.6.0 source/arm64
2025-08-30 18:08:48.831 :  ** INFO: PS Version: 7.5.2
2025-08-30 18:08:48.898 :  ** INFO: PS Module AWS.Tools.Common Missing
2025-08-30 18:08:48.964 :  ** INFO: PS Module AWSPowerShell Missing
2025-08-30 18:08:49.034 :  ** INFO: PS Module AWSPowerShell.NetCore Found: Version 5.0.29
2025-08-30 18:08:49.086 :  ** INFO: ValidateResourcesOnly Selected : Disabling all other collections
2025-08-30 18:08:50.489 :  ** INFO: Profile evolve Supplied: Validating
2025-08-30 18:09:49.547 :  ** INFO: Setting Script Path: /Users/philekins/Documents/Evolve/GitRepos/mva-data-collection
