2025-08-31 10:15:24.174 :  ** INFO: Logfile Path Set: /Users/philekins/Documents/Evolve/GitRepos/mva-data-collection/Export/083125101524/Log/MVA_Log_083125101524.log
2025-08-31 10:15:24.226 :  ** INFO: MVA Data Collection Script - Version : 1.0.8
2025-08-31 10:15:24.701 :  ** INFO: Parameter - CollectConnectionsOnly: False
2025-08-31 10:15:24.754 :  ** INFO: Parameter - ExportDacPacs: False
2025-08-31 10:15:24.806 :  ** INFO: Parameter - CollectCloudWatchData: True
2025-08-31 10:15:24.858 :  ** INFO: Parameter - CollectTsqlData: False
2025-08-31 10:15:24.911 :  ** INFO: Parameter - CleanUpEnvironment: False
2025-08-31 10:15:24.964 :  ** INFO: Parameter - SqlServerConnectionTimeout: 300
2025-08-31 10:15:25.018 :  ** INFO: Parameter - SqlServerQueryTimeout: 5
2025-08-31 10:15:25.071 :  ** INFO: Parameter - CloudWatchCollectionPeriod: 30
2025-08-31 10:15:25.124 :  ** INFO: Parameter - IncludeAllMsgs: True
2025-08-31 10:15:25.177 :  ** INFO: Parameter - ValidateResourcesOnly: False
2025-08-31 10:15:25.231 :  ** INFO: Parameter - AWSProfile: evolve
2025-08-31 10:15:25.285 :  ** INFO: Parameter - UseSSOLogin: False
2025-08-31 10:15:25.338 :  ** INFO: Parameter - SqlUser: admin
2025-08-31 10:15:25.391 :  ** INFO: Parameter - SqlPassword: *********
2025-08-31 10:15:25.444 :  ** INFO: Parameter - ExportPath: 
2025-08-31 10:15:25.496 :  ** INFO: Parameter - FileNameDelimiter: ~~~~
2025-08-31 10:15:25.547 :  ** INFO: Parameter - DebugMode: True
2025-08-31 10:15:25.934 :  ** INFO: AWS CLI v2.x Detected: Version aws-cli/2.28.21 Python/3.13.7 Darwin/24.6.0 source/arm64
2025-08-31 10:15:25.985 :  ** INFO: PS Version: 7.5.2
2025-08-31 10:15:26.065 :  ** INFO: PS Module AWS.Tools.Common Missing
2025-08-31 10:15:26.132 :  ** INFO: PS Module AWSPowerShell Missing
2025-08-31 10:15:26.202 :  ** INFO: PS Module AWSPowerShell.NetCore Found: Version 5.0.29
2025-08-31 10:15:26.259 :  ** INFO: Profile evolve Supplied: Validating
2025-08-31 10:15:26.975 :  ** INFO: Profile evolve Found
2025-08-31 10:15:27.027 :  ** INFO: Profile: User ID: AIDATNSDHDOVAB6RTZB4N
2025-08-31 10:15:27.078 :  ** INFO: Profile: Account: 235290434474
2025-08-31 10:15:27.130 :  ** INFO: Profile: ARN: arn:aws:iam::235290434474:user/pekins
2025-08-31 10:15:27.710 :  ** INFO: Region us-east-2 has been validated
2025-08-31 10:15:28.362 :  ** INFO: Instance i-034419e3c67ca1103 has been validated
2025-08-31 10:15:28.414 :  ** INFO: Instance i-034419e3c67ca1103 Private DNS Name Found: ec2-3-14-134-131.us-east-2.compute.amazonaws.com
2025-08-31 10:15:29.071 :  ** INFO: Instance i-041f169de8a947192 has been validated
2025-08-31 10:15:29.122 :  ** INFO: Instance i-041f169de8a947192 Private DNS Name Found: ec2-3-140-195-51.us-east-2.compute.amazonaws.com
2025-08-31 10:15:29.762 :  ** INFO: RDS Node rds-ex has been validated
2025-08-31 10:15:29.813 :  ** INFO: No TSQL Data Collection Specified : Skipping SQL Connectivity Test
2025-08-31 10:15:29.865 :  ** INFO: Database Tsql Filter Created : SELECT [name] FROM [master].[sys].[databases] 
                    WHERE source_database_id IS NULL 
                        and [name] NOT IN('model','tempdb','master','msdb','distribution','ssisdb','rdsadmin','MVA-Data-Collection') 
                        and [name] NOT LIKE '%ReportServer%' 
                        and state_desc = 'ONLINE'  ORDER BY Name
2025-08-31 10:15:45.865 :  ** INFO: Exported EC2 CW Metric CPUUtilization : i-034419e3c67ca1103
2025-08-31 10:15:59.591 :  ** INFO: Exported EC2 CW Metric EBSReadOps : i-034419e3c67ca1103
2025-08-31 10:16:13.254 :  ** INFO: Exported EC2 CW Metric EBSWriteOps : i-034419e3c67ca1103
2025-08-31 10:16:26.946 :  ** INFO: Exported EC2 CW Metric EBSReadBytes : i-034419e3c67ca1103
2025-08-31 10:16:40.711 :  ** INFO: Exported EC2 CW Metric EBSWriteBytes : i-034419e3c67ca1103
2025-08-31 10:16:54.434 :  ** INFO: Exported EC2 CW Metric NetworkIn : i-034419e3c67ca1103
2025-08-31 10:17:07.982 :  ** INFO: Exported EC2 CW Metric NetworkOut : i-034419e3c67ca1103
2025-08-31 10:17:21.731 :  ** INFO: Exported EC2 CW Metric NetworkPacketsIn : i-034419e3c67ca1103
2025-08-31 10:17:35.954 :  ** INFO: Exported EC2 CW Metric NetworkPacketsOut : i-034419e3c67ca1103
2025-08-31 10:24:54.274 :  ** INFO: Debug Mode Enabled
2025-08-31 10:24:54.327 :  ** INFO: Setting Script Path: /Users/philekins/Documents/Evolve/GitRepos/mva-data-collection
