2025-08-31 07:38:24.949 :  ** INFO: Logfile Path Set: /Users/philekins/Documents/Evolve/GitRepos/mva-data-collection/Export/083125073824/Log/MVA_Log_083125073824.log
2025-08-31 07:38:25.001 :  ** INFO: MVA Data Collection Script - Version : 1.0.8
2025-08-31 07:38:25.663 :  ** INFO: Parameter - CollectConnectionsOnly: False
2025-08-31 07:38:25.717 :  ** INFO: Parameter - ExportDacPacs: False
2025-08-31 07:38:25.769 :  ** INFO: Parameter - CollectCloudWatchData: True
2025-08-31 07:38:25.822 :  ** INFO: Parameter - CollectTsqlData: False
2025-08-31 07:38:25.874 :  ** INFO: Parameter - CleanUpEnvironment: False
2025-08-31 07:38:25.927 :  ** INFO: Parameter - SqlServerConnectionTimeout: 300
2025-08-31 07:38:25.979 :  ** INFO: Parameter - SqlServerQueryTimeout: 5
2025-08-31 07:38:26.032 :  ** INFO: Parameter - CloudWatchCollectionPeriod: 30
2025-08-31 07:38:26.086 :  ** INFO: Parameter - IncludeAllMsgs: True
2025-08-31 07:38:26.140 :  ** INFO: Parameter - ValidateResourcesOnly: False
2025-08-31 07:38:26.193 :  ** INFO: Parameter - AWSProfile: evolve
2025-08-31 07:38:26.246 :  ** INFO: Parameter - UseSSOLogin: False
2025-08-31 07:38:26.301 :  ** INFO: Parameter - SqlUser: admin
2025-08-31 07:38:26.354 :  ** INFO: Parameter - SqlPassword: *********
2025-08-31 07:38:26.406 :  ** INFO: Parameter - ExportPath: 
2025-08-31 07:38:26.466 :  ** INFO: Parameter - FileNameDelimiter: ~~~~
2025-08-31 07:38:26.517 :  ** INFO: Parameter - DebugMode: False
2025-08-31 07:38:26.915 :  ** INFO: AWS CLI v2.x Detected: Version aws-cli/2.28.21 Python/3.13.7 Darwin/24.6.0 source/arm64
2025-08-31 07:38:26.967 :  ** INFO: PS Version: 7.5.2
2025-08-31 07:38:27.045 :  ** INFO: PS Module AWS.Tools.Common Missing
2025-08-31 07:38:27.112 :  ** INFO: PS Module AWSPowerShell Missing
2025-08-31 07:38:27.182 :  ** INFO: PS Module AWSPowerShell.NetCore Found: Version 5.0.29
2025-08-31 07:38:27.233 :  ** INFO: Profile evolve Supplied: Validating
2025-08-31 07:38:27.945 :  ** INFO: Profile evolve Found
2025-08-31 07:38:27.997 :  ** INFO: Profile: User ID: AIDATNSDHDOVAB6RTZB4N
2025-08-31 07:38:28.049 :  ** INFO: Profile: Account: 235290434474
2025-08-31 07:38:28.100 :  ** INFO: Profile: ARN: arn:aws:iam::235290434474:user/pekins
2025-08-31 07:38:28.710 :  ** INFO: Region us-east-2 has been validated
2025-08-31 07:38:29.353 :  ** INFO: Instance i-034419e3c67ca1103 has been validated
2025-08-31 07:38:29.404 :  ** INFO: Instance i-034419e3c67ca1103 Private DNS Name Found: ec2-3-14-134-131.us-east-2.compute.amazonaws.com
2025-08-31 07:38:30.035 :  ** INFO: RDS Node rds-ex has been validated
2025-08-31 07:38:30.087 :  ** INFO: No TSQL Data Collection Specified : Skipping SQL Connectivity Test
2025-08-31 07:38:30.139 :  ** INFO: Database Tsql Filter Created : SELECT [name] FROM [master].[sys].[databases] 
                    WHERE source_database_id IS NULL 
                        and [name] NOT IN('model','tempdb','master','msdb','distribution','ssisdb','rdsadmin','MVA-Data-Collection') 
                        and [name] NOT LIKE '%ReportServer%' 
                        and state_desc = 'ONLINE'  ORDER BY Name
2025-08-31 07:39:26.885 :  ** INFO: Setting Script Path: /Users/philekins/Documents/Evolve/GitRepos/mva-data-collection
