2025-08-31 07:46:23.016 :  ** INFO: Logfile Path Set: /Users/philekins/Documents/Evolve/GitRepos/mva-data-collection/Export/083125074623/Log/MVA_Log_083125074623.log
2025-08-31 07:46:23.068 :  ** INFO: MVA Data Collection Script - Version : 1.0.8
2025-08-31 07:46:23.563 :  ** INFO: Parameter - CollectConnectionsOnly: False
2025-08-31 07:46:23.616 :  ** INFO: Parameter - ExportDacPacs: False
2025-08-31 07:46:23.669 :  ** INFO: Parameter - CollectCloudWatchData: True
2025-08-31 07:46:23.723 :  ** INFO: Parameter - CollectTsqlData: False
2025-08-31 07:46:23.776 :  ** INFO: Parameter - CleanUpEnvironment: False
2025-08-31 07:46:23.830 :  ** INFO: Parameter - SqlServerConnectionTimeout: 300
2025-08-31 07:46:23.883 :  ** INFO: Parameter - SqlServerQueryTimeout: 5
2025-08-31 07:46:23.936 :  ** INFO: Parameter - CloudWatchCollectionPeriod: 30
2025-08-31 07:46:23.989 :  ** INFO: Parameter - IncludeAllMsgs: True
2025-08-31 07:46:24.042 :  ** INFO: Parameter - ValidateResourcesOnly: False
2025-08-31 07:46:24.095 :  ** INFO: Parameter - AWSProfile: evolve
2025-08-31 07:46:24.148 :  ** INFO: Parameter - UseSSOLogin: False
2025-08-31 07:46:24.201 :  ** INFO: Parameter - SqlUser: admin
2025-08-31 07:46:24.254 :  ** INFO: Parameter - SqlPassword: *********
2025-08-31 07:46:24.306 :  ** INFO: Parameter - ExportPath: 
2025-08-31 07:46:24.358 :  ** INFO: Parameter - FileNameDelimiter: ~~~~
2025-08-31 07:46:24.410 :  ** INFO: Parameter - DebugMode: True
2025-08-31 07:46:24.689 :  ** INFO: AWS CLI v2.x Detected: Version aws-cli/2.28.21 Python/3.13.7 Darwin/24.6.0 source/arm64
2025-08-31 07:46:24.741 :  ** INFO: PS Version: 7.5.2
2025-08-31 07:46:24.814 :  ** INFO: PS Module AWS.Tools.Common Missing
2025-08-31 07:46:24.883 :  ** INFO: PS Module AWSPowerShell Missing
2025-08-31 07:46:24.954 :  ** INFO: PS Module AWSPowerShell.NetCore Found: Version 5.0.29
2025-08-31 07:46:25.006 :  ** INFO: Profile evolve Supplied: Validating
2025-08-31 07:46:25.698 :  ** INFO: Profile evolve Found
2025-08-31 07:46:25.750 :  ** INFO: Profile: User ID: AIDATNSDHDOVAB6RTZB4N
2025-08-31 07:46:25.801 :  ** INFO: Profile: Account: 235290434474
2025-08-31 07:46:25.853 :  ** INFO: Profile: ARN: arn:aws:iam::235290434474:user/pekins
2025-08-31 07:46:26.430 :  ** INFO: Region us-east-2 has been validated
2025-08-31 07:46:27.002 :  ** INFO: Instance i-034419e3c67ca1103 has been validated
2025-08-31 07:46:27.054 :  ** INFO: Instance i-034419e3c67ca1103 Private DNS Name Found: ec2-3-14-134-131.us-east-2.compute.amazonaws.com
2025-08-31 07:46:27.616 :  ** INFO: RDS Node rds-ex has been validated
2025-08-31 07:46:27.667 :  ** INFO: No TSQL Data Collection Specified : Skipping SQL Connectivity Test
2025-08-31 07:46:27.719 :  ** INFO: Database Tsql Filter Created : SELECT [name] FROM [master].[sys].[databases] 
                    WHERE source_database_id IS NULL 
                        and [name] NOT IN('model','tempdb','master','msdb','distribution','ssisdb','rdsadmin','MVA-Data-Collection') 
                        and [name] NOT LIKE '%ReportServer%' 
                        and state_desc = 'ONLINE'  ORDER BY Name
2025-08-31 07:47:35.112 :  ** INFO: Debug Mode Enabled
2025-08-31 07:47:35.164 :  ** INFO: Setting Script Path: /Users/philekins/Documents/Evolve/GitRepos/mva-data-collection
