2025-08-30 17:01:57.985 :  ** INFO: Logfile Path Set: /Users/philekins/Documents/Evolve/GitRepos/mva-data-collection/Export/083025170157/Log/MVA_Log_083025170157.log
2025-08-30 17:01:58.039 :  ** INFO: MVA Data Collection Script - Version : 1.0.8
2025-08-30 17:01:58.477 :  ** INFO: Parameter - CollectConnectionsOnly: False
2025-08-30 17:01:58.530 :  ** INFO: Parameter - ExportDacPacs: False
2025-08-30 17:01:58.583 :  ** INFO: Parameter - CollectCloudWatchData: False
2025-08-30 17:01:58.637 :  ** INFO: Parameter - CollectTsqlData: False
2025-08-30 17:01:58.689 :  ** INFO: Parameter - CleanUpEnvironment: False
2025-08-30 17:01:58.740 :  ** INFO: Parameter - SqlServerConnectionTimeout: 300
2025-08-30 17:01:58.799 :  ** INFO: Parameter - SqlServerQueryTimeout: 5
2025-08-30 17:01:58.851 :  ** INFO: Parameter - CloudWatchCollectionPeriod: 30
2025-08-30 17:01:58.902 :  ** INFO: Parameter - IncludeAllMsgs: True
2025-08-30 17:01:58.954 :  ** INFO: Parameter - ValidateResourcesOnly: True
2025-08-30 17:01:59.006 :  ** INFO: Parameter - AWSProfile: 
2025-08-30 17:01:59.058 :  ** INFO: Parameter - UseSSOLogin: False
2025-08-30 17:01:59.109 :  ** INFO: Parameter - SqlUser: admin
2025-08-30 17:01:59.161 :  ** INFO: Parameter - SqlPassword: *********
2025-08-30 17:01:59.213 :  ** INFO: Parameter - ExportPath: 
2025-08-30 17:01:59.265 :  ** INFO: Parameter - FileNameDelimiter: ~~~~
2025-08-30 17:01:59.317 :  ** INFO: Parameter - DebugMode: False
2025-08-30 17:01:59.598 :  ** INFO: AWS CLI v2.x Detected: Version aws-cli/2.28.21 Python/3.13.7 Darwin/24.6.0 source/arm64
2025-08-30 17:01:59.650 :  ** INFO: PS Version: 7.5.2
2025-08-30 17:01:59.953 :  ** INFO: PS Module AWS.Tools.Common Missing
2025-08-30 17:02:00.030 :  ** INFO: PS Module AWSPowerShell Missing
2025-08-30 17:02:00.132 :  ** INFO: PS Module AWSPowerShell.NetCore Found: Version 5.0.29
2025-08-30 17:02:00.188 :  ** INFO: ValidateResourcesOnly Selected : Disabling all other collections
2025-08-30 17:02:39.154 :  ** ERROR: Call to Get-EC2Region -RegionName us-east-2 had errors : The term 'Get-EC2Region' is not recognized as a name of a cmdlet, function, script file, or executable program.
Check the spelling of the name, or if a path was included, verify that the path is correct and try again.
2025-08-30 17:06:06.018 :  ** INFO: Setting Script Path: /Users/philekins/Documents/Evolve/GitRepos/mva-data-collection
