2025-08-30 16:52:01.840 :  ** INFO: Logfile Path Set: /Users/philekins/Documents/Evolve/GitRepos/mva-data-collection/Export/083025165059/Log/MVA_Log_083025165059.log
2025-08-30 16:52:04.220 :  ** INFO: MVA Data Collection Script - Version : 1.0.8
2025-08-30 16:52:22.158 :  ** INFO: Parameter - CollectConnectionsOnly: False
2025-08-30 16:52:22.442 :  ** INFO: Parameter - ExportDacPacs: False
2025-08-30 16:52:22.648 :  ** INFO: Parameter - CollectCloudWatchData: False
2025-08-30 16:52:22.896 :  ** INFO: Parameter - CollectTsqlData: False
2025-08-30 16:52:23.164 :  ** INFO: Parameter - CleanUpEnvironment: False
2025-08-30 16:52:23.406 :  ** INFO: Parameter - SqlServerConnectionTimeout: 300
2025-08-30 16:52:23.632 :  ** INFO: Parameter - SqlServerQueryTimeout: 5
2025-08-30 16:52:23.849 :  ** INFO: Parameter - CloudWatchCollectionPeriod: 30
2025-08-30 16:52:24.090 :  ** INFO: Parameter - IncludeAllMsgs: True
2025-08-30 16:52:24.339 :  ** INFO: Parameter - ValidateResourcesOnly: True
2025-08-30 16:52:25.058 :  ** INFO: Parameter - AWSProfile: 
2025-08-30 16:52:25.297 :  ** INFO: Parameter - UseSSOLogin: False
2025-08-30 16:52:25.521 :  ** INFO: Parameter - SqlUser: admin
2025-08-30 16:52:25.971 :  ** INFO: Parameter - SqlPassword: *********
2025-08-30 16:52:26.632 :  ** INFO: Parameter - ExportPath: 
2025-08-30 16:52:26.855 :  ** INFO: Parameter - FileNameDelimiter: ~~~~
2025-08-30 16:52:27.056 :  ** INFO: Parameter - DebugMode: False
2025-08-30 16:52:41.699 :  ** ERROR: AWS CLI Not Found or Accessible: The term 'aws' is not recognized as a name of a cmdlet, function, script file, or executable program.
Check the spelling of the name, or if a path was included, verify that the path is correct and try again.
2025-08-30 16:57:25.706 :  ** INFO: Setting Script Path: /Users/philekins/Documents/Evolve/GitRepos/mva-data-collection
