2025-08-30 17:14:45.593 :  ** INFO: Logfile Path Set: /Users/philekins/Documents/Evolve/GitRepos/mva-data-collection/Export/083025171445/Log/MVA_Log_083025171445.log
2025-08-30 17:14:45.645 :  ** INFO: MVA Data Collection Script - Version : 1.0.8
2025-08-30 17:14:46.041 :  ** INFO: Parameter - CollectConnectionsOnly: False
2025-08-30 17:14:46.093 :  ** INFO: Parameter - ExportDacPacs: False
2025-08-30 17:14:46.146 :  ** INFO: Parameter - CollectCloudWatchData: False
2025-08-30 17:14:46.200 :  ** INFO: Parameter - CollectTsqlData: False
2025-08-30 17:14:46.255 :  ** INFO: Parameter - CleanUpEnvironment: False
2025-08-30 17:14:46.310 :  ** INFO: Parameter - SqlServerConnectionTimeout: 300
2025-08-30 17:14:46.366 :  ** INFO: Parameter - SqlServerQueryTimeout: 5
2025-08-30 17:14:46.421 :  ** INFO: Parameter - CloudWatchCollectionPeriod: 30
2025-08-30 17:14:46.477 :  ** INFO: Parameter - IncludeAllMsgs: True
2025-08-30 17:14:46.532 :  ** INFO: Parameter - ValidateResourcesOnly: True
2025-08-30 17:14:46.588 :  ** INFO: Parameter - AWSProfile: 
2025-08-30 17:14:46.643 :  ** INFO: Parameter - UseSSOLogin: False
2025-08-30 17:14:46.698 :  ** INFO: Parameter - SqlUser: admin
2025-08-30 17:14:46.754 :  ** INFO: Parameter - SqlPassword: *********
2025-08-30 17:14:46.807 :  ** INFO: Parameter - ExportPath: 
2025-08-30 17:14:46.859 :  ** INFO: Parameter - FileNameDelimiter: ~~~~
2025-08-30 17:14:46.911 :  ** INFO: Parameter - DebugMode: False
2025-08-30 17:14:47.202 :  ** INFO: AWS CLI v2.x Detected: Version aws-cli/2.28.21 Python/3.13.7 Darwin/24.6.0 source/arm64
2025-08-30 17:14:57.369 :  ** INFO: PS Version: 7.5.2
2025-08-30 17:15:29.217 :  ** INFO: Setting Script Path: /Users/philekins/Documents/Evolve/GitRepos/mva-data-collection
