2025-08-31 08:21:09.629 :  ** INFO: Logfile Path Set: /Users/philekins/Documents/Evolve/GitRepos/mva-data-collection/Export/083125082109/Log/MVA_Log_083125082109.log
2025-08-31 08:21:09.680 :  ** INFO: MVA Data Collection Script - Version : 1.0.8
2025-08-31 08:21:10.101 :  ** INFO: Parameter - CollectConnectionsOnly: False
2025-08-31 08:21:10.155 :  ** INFO: Parameter - ExportDacPacs: False
2025-08-31 08:21:10.208 :  ** INFO: Parameter - CollectCloudWatchData: True
2025-08-31 08:21:10.261 :  ** INFO: Parameter - CollectTsqlData: False
2025-08-31 08:21:10.315 :  ** INFO: Parameter - CleanUpEnvironment: False
2025-08-31 08:21:10.369 :  ** INFO: Parameter - SqlServerConnectionTimeout: 300
2025-08-31 08:21:10.423 :  ** INFO: Parameter - SqlServerQueryTimeout: 5
2025-08-31 08:21:10.476 :  ** INFO: Parameter - CloudWatchCollectionPeriod: 30
2025-08-31 08:21:10.530 :  ** INFO: Parameter - IncludeAllMsgs: True
2025-08-31 08:21:10.583 :  ** INFO: Parameter - ValidateResourcesOnly: False
2025-08-31 08:21:10.637 :  ** INFO: Parameter - AWSProfile: evolve
2025-08-31 08:21:10.690 :  ** INFO: Parameter - UseSSOLogin: False
2025-08-31 08:21:10.744 :  ** INFO: Parameter - SqlUser: admin
2025-08-31 08:21:10.798 :  ** INFO: Parameter - SqlPassword: *********
2025-08-31 08:21:10.851 :  ** INFO: Parameter - ExportPath: 
2025-08-31 08:21:10.909 :  ** INFO: Parameter - FileNameDelimiter: ~~~~
2025-08-31 08:21:10.961 :  ** INFO: Parameter - DebugMode: True
2025-08-31 08:21:11.424 :  ** INFO: AWS CLI v2.x Detected: Version aws-cli/2.28.21 Python/3.13.7 Darwin/24.6.0 source/arm64
2025-08-31 08:21:11.476 :  ** INFO: PS Version: 7.5.2
2025-08-31 08:21:11.560 :  ** INFO: PS Module AWS.Tools.Common Missing
2025-08-31 08:21:11.626 :  ** INFO: PS Module AWSPowerShell Missing
2025-08-31 08:21:11.695 :  ** INFO: PS Module AWSPowerShell.NetCore Found: Version 5.0.29
2025-08-31 08:21:11.746 :  ** INFO: Profile evolve Supplied: Validating
2025-08-31 08:21:12.482 :  ** INFO: Profile evolve Found
2025-08-31 08:21:12.533 :  ** INFO: Profile: User ID: AIDATNSDHDOVAB6RTZB4N
2025-08-31 08:21:12.585 :  ** INFO: Profile: Account: 235290434474
2025-08-31 08:21:12.636 :  ** INFO: Profile: ARN: arn:aws:iam::235290434474:user/pekins
2025-08-31 08:21:13.219 :  ** INFO: Region us-east-2 has been validated
2025-08-31 08:21:13.850 :  ** INFO: Instance i-034419e3c67ca1103 has been validated
2025-08-31 08:21:13.902 :  ** INFO: Instance i-034419e3c67ca1103 Private DNS Name Found: ec2-3-14-134-131.us-east-2.compute.amazonaws.com
2025-08-31 08:21:14.551 :  ** INFO: Instance i-041f169de8a947192 has been validated
2025-08-31 08:21:14.603 :  ** INFO: Instance i-041f169de8a947192 Private DNS Name Found: ec2-3-140-195-51.us-east-2.compute.amazonaws.com
2025-08-31 08:21:15.193 :  ** INFO: RDS Node rds-ex has been validated
2025-08-31 08:21:15.246 :  ** INFO: No TSQL Data Collection Specified : Skipping SQL Connectivity Test
2025-08-31 08:21:15.301 :  ** INFO: Database Tsql Filter Created : SELECT [name] FROM [master].[sys].[databases] 
                    WHERE source_database_id IS NULL 
                        and [name] NOT IN('model','tempdb','master','msdb','distribution','ssisdb','rdsadmin','MVA-Data-Collection') 
                        and [name] NOT LIKE '%ReportServer%' 
                        and state_desc = 'ONLINE'  ORDER BY Name
2025-08-31 08:21:47.013 :  ** INFO: Exported EC2 CW Metric CPUUtilization : i-034419e3c67ca1103
2025-08-31 08:22:02.355 :  ** INFO: Exported EC2 CW Metric EBSReadOps : i-034419e3c67ca1103
2025-08-31 08:22:17.502 :  ** INFO: Exported EC2 CW Metric EBSWriteOps : i-034419e3c67ca1103
2025-08-31 08:22:32.968 :  ** INFO: Exported EC2 CW Metric EBSReadBytes : i-034419e3c67ca1103
2025-08-31 08:22:47.944 :  ** INFO: Exported EC2 CW Metric EBSWriteBytes : i-034419e3c67ca1103
2025-08-31 08:23:03.702 :  ** INFO: Exported EC2 CW Metric NetworkIn : i-034419e3c67ca1103
2025-08-31 08:23:19.205 :  ** INFO: Exported EC2 CW Metric NetworkOut : i-034419e3c67ca1103
2025-08-31 08:23:34.568 :  ** INFO: Exported EC2 CW Metric NetworkPacketsIn : i-034419e3c67ca1103
2025-08-31 08:23:49.388 :  ** INFO: Exported EC2 CW Metric NetworkPacketsOut : i-034419e3c67ca1103
2025-08-31 08:32:57.447 :  ** INFO: Debug Mode Enabled
2025-08-31 08:32:57.499 :  ** INFO: Setting Script Path: /Users/philekins/Documents/Evolve/GitRepos/mva-data-collection
