2025-08-30 19:20:46.865 :  ** INFO: Logfile Path Set: /Users/philekins/Documents/Evolve/GitRepos/mva-data-collection/Export/083025192046/Log/MVA_Log_083025192046.log
2025-08-30 19:20:46.917 :  ** INFO: MVA Data Collection Script - Version : 1.0.8
2025-08-30 19:20:47.370 :  ** INFO: Parameter - CollectConnectionsOnly: False
2025-08-30 19:20:47.422 :  ** INFO: Parameter - ExportDacPacs: True
2025-08-30 19:20:47.473 :  ** INFO: Parameter - CollectCloudWatchData: False
2025-08-30 19:20:47.526 :  ** INFO: Parameter - CollectTsqlData: False
2025-08-30 19:20:47.579 :  ** INFO: Parameter - CleanUpEnvironment: False
2025-08-30 19:20:47.632 :  ** INFO: Parameter - SqlServerConnectionTimeout: 300
2025-08-30 19:20:47.686 :  ** INFO: Parameter - SqlServerQueryTimeout: 5
2025-08-30 19:20:47.739 :  ** INFO: Parameter - CloudWatchCollectionPeriod: 30
2025-08-30 19:20:47.792 :  ** INFO: Parameter - IncludeAllMsgs: True
2025-08-30 19:20:47.845 :  ** INFO: Parameter - ValidateResourcesOnly: False
2025-08-30 19:20:47.907 :  ** INFO: Parameter - AWSProfile: evolve
2025-08-30 19:20:47.959 :  ** INFO: Parameter - UseSSOLogin: False
2025-08-30 19:20:48.011 :  ** INFO: Parameter - SqlUser: admin
2025-08-30 19:20:48.064 :  ** INFO: Parameter - SqlPassword: *********
2025-08-30 19:20:48.119 :  ** INFO: Parameter - ExportPath: 
2025-08-30 19:20:48.171 :  ** INFO: Parameter - FileNameDelimiter: ~~~~
2025-08-30 19:20:48.223 :  ** INFO: Parameter - DebugMode: False
2025-08-30 19:20:48.632 :  ** INFO: AWS CLI v2.x Detected: Version aws-cli/2.28.21 Python/3.13.7 Darwin/24.6.0 source/arm64
2025-08-30 19:20:48.684 :  ** INFO: PS Version: 7.5.2
2025-08-30 19:20:48.766 :  ** INFO: PS Module AWS.Tools.Common Missing
2025-08-30 19:20:48.835 :  ** INFO: PS Module AWSPowerShell Missing
2025-08-30 19:20:48.906 :  ** INFO: PS Module AWSPowerShell.NetCore Found: Version 5.0.29
2025-08-30 19:20:48.957 :  ** INFO: Profile evolve Supplied: Validating
2025-08-30 19:20:49.668 :  ** INFO: Profile evolve Found
2025-08-30 19:20:49.720 :  ** INFO: Profile: User ID: AIDATNSDHDOVAB6RTZB4N
2025-08-30 19:20:49.771 :  ** INFO: Profile: Account: 235290434474
2025-08-30 19:20:49.823 :  ** INFO: Profile: ARN: arn:aws:iam::235290434474:user/pekins
2025-08-30 19:20:50.418 :  ** INFO: Region us-east-2 has been validated
2025-08-30 19:20:51.099 :  ** INFO: Instance i-034419e3c67ca1103 has been validated
2025-08-30 19:20:51.150 :  ** INFO: Instance i-034419e3c67ca1103 Private DNS Name Found: ec2-3-14-134-131.us-east-2.compute.amazonaws.com
2025-08-30 19:20:51.760 :  ** INFO: RDS Node rds-ex has been validated
2025-08-30 19:20:52.045 :  ** INFO: EC2 InstanceId i-034419e3c67ca1103 SQL Connectivity has been validated
2025-08-30 19:20:52.107 :  ** INFO: DNS Lookup for ec2-3-14-134-131.us-east-2.compute.amazonaws.com : 3.14.134.131
2025-08-30 19:20:52.586 :  ** INFO: RDS Instance rds-ex SQL Connectivity has been validated
2025-08-30 19:20:52.645 :  ** INFO: DNS Lookup for rds-ex.cscudvycznhh.us-east-2.rds.amazonaws.com : 3.150.45.6
2025-08-30 19:20:52.831 :  ** INFO: DNS Lookup for rds-ex.cscudvycznhh.us-east-2.rds.amazonaws.com : 3.150.45.6
2025-08-30 19:20:52.882 :  ** INFO: Duplicate Entry Found: Skipping SQL Data Collection for rds-ex.cscudvycznhh.us-east-2.rds.amazonaws.com
2025-08-30 19:20:52.934 :  ** INFO: Database Tsql Filter Created : SELECT [name] FROM [master].[sys].[databases] 
                    WHERE source_database_id IS NULL 
                        and [name] NOT IN('model','tempdb','master','msdb','distribution','ssisdb','rdsadmin','MVA-Data-Collection') 
                        and [name] NOT LIKE '%ReportServer%' 
                        and state_desc = 'ONLINE'  ORDER BY Name
2025-08-30 19:20:59.163 :  ** ERROR: DacPac Export on MacOS not supported : 
2025-08-30 19:21:00.641 :  ** ERROR: Errors were detected! Data Collection is Incomplete.
2025-08-30 19:21:00.693 :  ** ERROR: Please send Error Log file /Users/philekins/Documents/Evolve/GitRepos/mva-data-collection/Export/083025192046/Log/MVA_Log_083025192046.log to mva@evolvecloudservices.com
2025-08-30 19:21:00.744 :  ** INFO: ***********************************END OF LOGS ************************************* 
2025-08-30 19:21:00.796 :  No match was found for the specified search criteria and module names 'AWSPowerShell'. No match was found for the specified search criteria and module names 'AWS.Tools.Common'.
2025-08-30 19:27:38.919 :  ** INFO: Setting Script Path: /Users/philekins/Documents/Evolve/GitRepos/mva-data-collection
