2025-08-30 17:37:45.000 :  ** INFO: Logfile Path Set: /Users/philekins/Documents/Evolve/GitRepos/mva-data-collection/Export/083025173744/Log/MVA_Log_083025173744.log
2025-08-30 17:37:45.054 :  ** INFO: MVA Data Collection Script - Version : 1.0.8
2025-08-30 17:37:45.492 :  ** INFO: Parameter - CollectConnectionsOnly: False
2025-08-30 17:37:45.544 :  ** INFO: Parameter - ExportDacPacs: False
2025-08-30 17:37:45.597 :  ** INFO: Parameter - CollectCloudWatchData: False
2025-08-30 17:37:45.651 :  ** INFO: Parameter - CollectTsqlData: False
2025-08-30 17:37:45.704 :  ** INFO: Parameter - CleanUpEnvironment: False
2025-08-30 17:37:45.773 :  ** INFO: Parameter - SqlServerConnectionTimeout: 300
2025-08-30 17:37:45.826 :  ** INFO: Parameter - SqlServerQueryTimeout: 5
2025-08-30 17:37:45.877 :  ** INFO: Parameter - CloudWatchCollectionPeriod: 30
2025-08-30 17:37:45.929 :  ** INFO: Parameter - IncludeAllMsgs: True
2025-08-30 17:37:45.981 :  ** INFO: Parameter - ValidateResourcesOnly: True
2025-08-30 17:37:46.033 :  ** INFO: Parameter - AWSProfile: 
2025-08-30 17:37:46.085 :  ** INFO: Parameter - UseSSOLogin: False
2025-08-30 17:37:46.136 :  ** INFO: Parameter - SqlUser: admin
2025-08-30 17:37:46.187 :  ** INFO: Parameter - SqlPassword: *********
2025-08-30 17:37:46.239 :  ** INFO: Parameter - ExportPath: 
2025-08-30 17:37:46.291 :  ** INFO: Parameter - FileNameDelimiter: ~~~~
2025-08-30 17:37:46.343 :  ** INFO: Parameter - DebugMode: False
2025-08-30 17:37:46.602 :  ** INFO: AWS CLI v2.x Detected: Version aws-cli/2.28.21 Python/3.13.7 Darwin/24.6.0 source/arm64
2025-08-30 17:37:59.892 :  ** INFO: PS Version: 7.5.2
2025-08-30 17:38:00.195 :  ** INFO: PS Module AWS.Tools.Common Found: Version 5.0.45
2025-08-30 17:38:00.272 :  ** INFO: PS Module AWSPowerShell Found: Version 5.0.45
2025-08-30 17:38:00.350 :  ** INFO: PS Module AWSPowerShell.NetCore Found: Version 5.0.29
2025-08-30 17:38:00.405 :  ** INFO: ValidateResourcesOnly Selected : Disabling all other collections
2025-08-30 17:38:42.807 :  ** ERROR: Call to Get-EC2Region -RegionName us-east-2 had errors : The term 'Get-EC2Region' is not recognized as a name of a cmdlet, function, script file, or executable program.
Check the spelling of the name, or if a path was included, verify that the path is correct and try again.
