2025-08-31 07:39:26.938 :  ** INFO: Logfile Path Set: /Users/philekins/Documents/Evolve/GitRepos/mva-data-collection/Export/083125073926/Log/MVA_Log_083125073926.log
2025-08-31 07:39:26.990 :  ** INFO: MVA Data Collection Script - Version : 1.0.8
2025-08-31 07:39:27.383 :  ** INFO: Parameter - CollectConnectionsOnly: False
2025-08-31 07:39:27.435 :  ** INFO: Parameter - ExportDacPacs: False
2025-08-31 07:39:27.486 :  ** INFO: Parameter - CollectCloudWatchData: True
2025-08-31 07:39:27.539 :  ** INFO: Parameter - CollectTsqlData: False
2025-08-31 07:39:27.592 :  ** INFO: Parameter - CleanUpEnvironment: False
2025-08-31 07:39:27.645 :  ** INFO: Parameter - SqlServerConnectionTimeout: 300
2025-08-31 07:39:27.698 :  ** INFO: Parameter - SqlServerQueryTimeout: 5
2025-08-31 07:39:27.751 :  ** INFO: Parameter - CloudWatchCollectionPeriod: 30
2025-08-31 07:39:27.805 :  ** INFO: Parameter - IncludeAllMsgs: True
2025-08-31 07:39:27.858 :  ** INFO: Parameter - ValidateResourcesOnly: False
2025-08-31 07:39:27.911 :  ** INFO: Parameter - AWSProfile: evolve
2025-08-31 07:39:27.965 :  ** INFO: Parameter - UseSSOLogin: False
2025-08-31 07:39:28.018 :  ** INFO: Parameter - SqlUser: admin
2025-08-31 07:39:28.071 :  ** INFO: Parameter - SqlPassword: *********
2025-08-31 07:39:28.124 :  ** INFO: Parameter - ExportPath: 
2025-08-31 07:39:28.177 :  ** INFO: Parameter - FileNameDelimiter: ~~~~
2025-08-31 07:39:28.228 :  ** INFO: Parameter - DebugMode: False
2025-08-31 07:39:28.610 :  ** INFO: AWS CLI v2.x Detected: Version aws-cli/2.28.21 Python/3.13.7 Darwin/24.6.0 source/arm64
2025-08-31 07:39:28.661 :  ** INFO: PS Version: 7.5.2
2025-08-31 07:39:28.738 :  ** INFO: PS Module AWS.Tools.Common Missing
2025-08-31 07:39:28.806 :  ** INFO: PS Module AWSPowerShell Missing
2025-08-31 07:39:28.876 :  ** INFO: PS Module AWSPowerShell.NetCore Found: Version 5.0.29
2025-08-31 07:39:28.928 :  ** INFO: Profile evolve Supplied: Validating
2025-08-31 07:39:29.596 :  ** INFO: Profile evolve Found
2025-08-31 07:39:29.648 :  ** INFO: Profile: User ID: AIDATNSDHDOVAB6RTZB4N
2025-08-31 07:39:29.699 :  ** INFO: Profile: Account: 235290434474
2025-08-31 07:39:29.751 :  ** INFO: Profile: ARN: arn:aws:iam::235290434474:user/pekins
2025-08-31 07:39:30.311 :  ** INFO: Region us-east-2 has been validated
2025-08-31 07:39:30.921 :  ** INFO: Instance i-034419e3c67ca1103 has been validated
2025-08-31 07:39:30.972 :  ** INFO: Instance i-034419e3c67ca1103 Private DNS Name Found: ec2-3-14-134-131.us-east-2.compute.amazonaws.com
2025-08-31 07:39:31.472 :  ** INFO: RDS Node rds-ex has been validated
2025-08-31 07:39:31.525 :  ** INFO: No TSQL Data Collection Specified : Skipping SQL Connectivity Test
2025-08-31 07:39:31.576 :  ** INFO: Database Tsql Filter Created : SELECT [name] FROM [master].[sys].[databases] 
                    WHERE source_database_id IS NULL 
                        and [name] NOT IN('model','tempdb','master','msdb','distribution','ssisdb','rdsadmin','MVA-Data-Collection') 
                        and [name] NOT LIKE '%ReportServer%' 
                        and state_desc = 'ONLINE'  ORDER BY Name
2025-08-31 07:40:23.710 :  ** INFO: Setting Script Path: /Users/philekins/Documents/Evolve/GitRepos/mva-data-collection
