2025-08-30 18:37:53.514 :  ** INFO: Logfile Path Set: /Users/philekins/Documents/Evolve/GitRepos/mva-data-collection/Export/083025183753/Log/MVA_Log_083025183753.log
2025-08-30 18:37:53.565 :  ** INFO: MVA Data Collection Script - Version : 1.0.8
2025-08-30 18:37:53.984 :  ** INFO: Parameter - CollectConnectionsOnly: False
2025-08-30 18:37:54.037 :  ** INFO: Parameter - ExportDacPacs: False
2025-08-30 18:37:54.089 :  ** INFO: Parameter - CollectCloudWatchData: False
2025-08-30 18:37:54.158 :  ** INFO: Parameter - CollectTsqlData: False
2025-08-30 18:37:54.210 :  ** INFO: Parameter - CleanUpEnvironment: False
2025-08-30 18:37:54.263 :  ** INFO: Parameter - SqlServerConnectionTimeout: 300
2025-08-30 18:37:54.317 :  ** INFO: Parameter - SqlServerQueryTimeout: 5
2025-08-30 18:37:54.370 :  ** INFO: Parameter - CloudWatchCollectionPeriod: 30
2025-08-30 18:37:54.424 :  ** INFO: Parameter - IncludeAllMsgs: True
2025-08-30 18:37:54.478 :  ** INFO: Parameter - ValidateResourcesOnly: True
2025-08-30 18:37:54.531 :  ** INFO: Parameter - AWSProfile: evolve
2025-08-30 18:37:54.584 :  ** INFO: Parameter - UseSSOLogin: False
2025-08-30 18:37:54.638 :  ** INFO: Parameter - SqlUser: admin
2025-08-30 18:37:54.690 :  ** INFO: Parameter - SqlPassword: *********
2025-08-30 18:37:54.743 :  ** INFO: Parameter - ExportPath: 
2025-08-30 18:37:54.795 :  ** INFO: Parameter - FileNameDelimiter: ~~~~
2025-08-30 18:37:54.846 :  ** INFO: Parameter - DebugMode: False
2025-08-30 18:37:55.231 :  ** INFO: AWS CLI v2.x Detected: Version aws-cli/2.28.21 Python/3.13.7 Darwin/24.6.0 source/arm64
2025-08-30 18:37:55.324 :  ** INFO: PS Version: 7.5.2
2025-08-30 18:37:55.390 :  ** INFO: PS Module AWS.Tools.Common Missing
2025-08-30 18:37:55.456 :  ** INFO: PS Module AWSPowerShell Missing
2025-08-30 18:37:55.526 :  ** INFO: PS Module AWSPowerShell.NetCore Found: Version 5.0.29
2025-08-30 18:37:55.578 :  ** INFO: ValidateResourcesOnly Selected : Disabling all other collections
2025-08-30 18:37:55.629 :  ** INFO: Profile evolve Supplied: Validating
2025-08-30 18:37:56.338 :  ** INFO: Profile evolve Found
2025-08-30 18:37:56.389 :  ** INFO: Profile: User ID: AIDATNSDHDOVAB6RTZB4N
2025-08-30 18:37:56.441 :  ** INFO: Profile: Account: 235290434474
2025-08-30 18:37:56.493 :  ** INFO: Profile: ARN: arn:aws:iam::235290434474:user/pekins
2025-08-30 18:37:57.091 :  ** INFO: Region us-east-2 has been validated
2025-08-30 18:37:57.768 :  ** INFO: Instance i-034419e3c67ca1103 has been validated
2025-08-30 18:38:20.316 :  ** INFO: Instance i-034419e3c67ca1103 Private DNS Name Found: ip-10-0-27-76.us-east-2.compute.internal
2025-08-30 18:39:16.806 :  ** INFO: RDS Node rds-ex has been validated
2025-08-30 18:44:28.329 :  ** INFO: Setting Script Path: /Users/philekins/Documents/Evolve/GitRepos/mva-data-collection
