2025-08-30 18:12:13.136 :  ** INFO: Logfile Path Set: /Users/philekins/Documents/Evolve/GitRepos/mva-data-collection/Export/083025181213/Log/MVA_Log_083025181213.log
2025-08-30 18:12:13.188 :  ** INFO: MVA Data Collection Script - Version : 1.0.8
2025-08-30 18:12:13.608 :  ** INFO: Parameter - CollectConnectionsOnly: False
2025-08-30 18:12:13.660 :  ** INFO: Parameter - ExportDacPacs: False
2025-08-30 18:12:13.711 :  ** INFO: Parameter - CollectCloudWatchData: False
2025-08-30 18:12:13.764 :  ** INFO: Parameter - CollectTsqlData: False
2025-08-30 18:12:13.817 :  ** INFO: Parameter - CleanUpEnvironment: False
2025-08-30 18:12:13.870 :  ** INFO: Parameter - SqlServerConnectionTimeout: 300
2025-08-30 18:12:13.923 :  ** INFO: Parameter - SqlServerQueryTimeout: 5
2025-08-30 18:12:13.975 :  ** INFO: Parameter - CloudWatchCollectionPeriod: 30
2025-08-30 18:12:14.027 :  ** INFO: Parameter - IncludeAllMsgs: True
2025-08-30 18:12:14.080 :  ** INFO: Parameter - ValidateResourcesOnly: True
2025-08-30 18:12:14.133 :  ** INFO: Parameter - AWSProfile: evolve
2025-08-30 18:12:14.186 :  ** INFO: Parameter - UseSSOLogin: False
2025-08-30 18:12:14.247 :  ** INFO: Parameter - SqlUser: admin
2025-08-30 18:12:14.300 :  ** INFO: Parameter - SqlPassword: *********
2025-08-30 18:12:14.354 :  ** INFO: Parameter - ExportPath: 
2025-08-30 18:12:14.405 :  ** INFO: Parameter - FileNameDelimiter: ~~~~
2025-08-30 18:12:14.457 :  ** INFO: Parameter - DebugMode: False
2025-08-30 18:12:14.828 :  ** INFO: AWS CLI v2.x Detected: Version aws-cli/2.28.21 Python/3.13.7 Darwin/24.6.0 source/arm64
2025-08-30 18:12:14.921 :  ** INFO: PS Version: 7.5.2
2025-08-30 18:12:14.987 :  ** INFO: PS Module AWS.Tools.Common Missing
2025-08-30 18:12:15.055 :  ** INFO: PS Module AWSPowerShell Missing
2025-08-30 18:12:15.126 :  ** INFO: PS Module AWSPowerShell.NetCore Found: Version 5.0.29
2025-08-30 18:12:15.178 :  ** INFO: ValidateResourcesOnly Selected : Disabling all other collections
2025-08-30 18:12:15.229 :  ** INFO: Profile evolve Supplied: Validating
2025-08-30 18:17:49.723 :  ** INFO: Setting Script Path: /Users/philekins/Documents/Evolve/GitRepos/mva-data-collection
