2025-08-31 07:27:17.893 :  ** INFO: Logfile Path Set: /Users/philekins/Documents/Evolve/GitRepos/mva-data-collection/Export/083125072717/Log/MVA_Log_083125072717.log
2025-08-31 07:27:17.945 :  ** INFO: MVA Data Collection Script - Version : 1.0.8
2025-08-31 07:27:18.338 :  ** INFO: Parameter - CollectConnectionsOnly: False
2025-08-31 07:27:18.391 :  ** INFO: Parameter - ExportDacPacs: False
2025-08-31 07:27:18.444 :  ** INFO: Parameter - CollectCloudWatchData: True
2025-08-31 07:27:18.497 :  ** INFO: Parameter - CollectTsqlData: False
2025-08-31 07:27:18.550 :  ** INFO: Parameter - CleanUpEnvironment: False
2025-08-31 07:27:18.604 :  ** INFO: Parameter - SqlServerConnectionTimeout: 300
2025-08-31 07:27:18.656 :  ** INFO: Parameter - SqlServerQueryTimeout: 5
2025-08-31 07:27:18.710 :  ** INFO: Parameter - CloudWatchCollectionPeriod: 30
2025-08-31 07:27:18.763 :  ** INFO: Parameter - IncludeAllMsgs: True
2025-08-31 07:27:18.817 :  ** INFO: Parameter - ValidateResourcesOnly: False
2025-08-31 07:27:18.871 :  ** INFO: Parameter - AWSProfile: evolve
2025-08-31 07:27:18.924 :  ** INFO: Parameter - UseSSOLogin: False
2025-08-31 07:27:18.977 :  ** INFO: Parameter - SqlUser: admin
2025-08-31 07:27:19.031 :  ** INFO: Parameter - SqlPassword: *********
2025-08-31 07:27:19.084 :  ** INFO: Parameter - ExportPath: 
2025-08-31 07:27:19.144 :  ** INFO: Parameter - FileNameDelimiter: ~~~~
2025-08-31 07:27:19.196 :  ** INFO: Parameter - DebugMode: False
2025-08-31 07:27:19.603 :  ** INFO: AWS CLI v2.x Detected: Version aws-cli/2.28.21 Python/3.13.7 Darwin/24.6.0 source/arm64
2025-08-31 07:27:19.655 :  ** INFO: PS Version: 7.5.2
2025-08-31 07:27:19.738 :  ** INFO: PS Module AWS.Tools.Common Missing
2025-08-31 07:27:19.808 :  ** INFO: PS Module AWSPowerShell Missing
2025-08-31 07:27:19.877 :  ** INFO: PS Module AWSPowerShell.NetCore Found: Version 5.0.29
2025-08-31 07:27:19.928 :  ** INFO: Profile evolve Supplied: Validating
2025-08-31 07:27:20.677 :  ** INFO: Profile evolve Found
2025-08-31 07:27:20.729 :  ** INFO: Profile: User ID: AIDATNSDHDOVAB6RTZB4N
2025-08-31 07:27:20.781 :  ** INFO: Profile: Account: 235290434474
2025-08-31 07:27:20.832 :  ** INFO: Profile: ARN: arn:aws:iam::235290434474:user/pekins
2025-08-31 07:27:21.422 :  ** INFO: Region us-east-2 has been validated
2025-08-31 07:27:22.077 :  ** INFO: Instance i-034419e3c67ca1103 has been validated
2025-08-31 07:27:22.129 :  ** INFO: Instance i-034419e3c67ca1103 Private DNS Name Found: ec2-3-14-134-131.us-east-2.compute.amazonaws.com
2025-08-31 07:27:22.719 :  ** INFO: RDS Node rds-ex has been validated
2025-08-31 07:27:22.771 :  ** INFO: No TSQL Data Collection Specified : Skipping SQL Connectivity Test
2025-08-31 07:27:22.823 :  ** INFO: Database Tsql Filter Created : SELECT [name] FROM [master].[sys].[databases] 
                    WHERE source_database_id IS NULL 
                        and [name] NOT IN('model','tempdb','master','msdb','distribution','ssisdb','rdsadmin','MVA-Data-Collection') 
                        and [name] NOT LIKE '%ReportServer%' 
                        and state_desc = 'ONLINE'  ORDER BY Name
2025-08-31 07:27:58.702 :  ** ERROR: Exporting EC2 CW Metrics : i-034419e3c67ca1103 : Method invocation failed because [System.String] does not contain a method named 'AddDays'.
2025-08-31 07:29:30.924 :  ** INFO: Setting Script Path: /Users/philekins/Documents/Evolve/GitRepos/mva-data-collection
