2025-08-30 18:19:42.213 :  ** INFO: Logfile Path Set: /Users/philekins/Documents/Evolve/GitRepos/mva-data-collection/Export/083025181942/Log/MVA_Log_083025181942.log
2025-08-30 18:19:42.265 :  ** INFO: MVA Data Collection Script - Version : 1.0.8
2025-08-30 18:19:42.663 :  ** INFO: Parameter - CollectConnectionsOnly: False
2025-08-30 18:19:42.715 :  ** INFO: Parameter - ExportDacPacs: False
2025-08-30 18:19:42.768 :  ** INFO: Parameter - CollectCloudWatchData: False
2025-08-30 18:19:42.820 :  ** INFO: Parameter - CollectTsqlData: False
2025-08-30 18:19:42.873 :  ** INFO: Parameter - CleanUpEnvironment: False
2025-08-30 18:19:42.926 :  ** INFO: Parameter - SqlServerConnectionTimeout: 300
2025-08-30 18:19:42.980 :  ** INFO: Parameter - SqlServerQueryTimeout: 5
2025-08-30 18:19:43.033 :  ** INFO: Parameter - CloudWatchCollectionPeriod: 30
2025-08-30 18:19:43.086 :  ** INFO: Parameter - IncludeAllMsgs: True
2025-08-30 18:19:43.139 :  ** INFO: Parameter - ValidateResourcesOnly: True
2025-08-30 18:19:43.191 :  ** INFO: Parameter - AWSProfile: evolve
2025-08-30 18:19:43.244 :  ** INFO: Parameter - UseSSOLogin: False
2025-08-30 18:19:43.296 :  ** INFO: Parameter - SqlUser: admin
2025-08-30 18:19:43.350 :  ** INFO: Parameter - SqlPassword: *********
2025-08-30 18:19:43.404 :  ** INFO: Parameter - ExportPath: 
2025-08-30 18:19:43.457 :  ** INFO: Parameter - FileNameDelimiter: ~~~~
2025-08-30 18:19:43.511 :  ** INFO: Parameter - DebugMode: False
2025-08-30 18:19:43.794 :  ** INFO: AWS CLI v2.x Detected: Version aws-cli/2.28.21 Python/3.13.7 Darwin/24.6.0 source/arm64
2025-08-30 18:19:43.884 :  ** INFO: PS Version: 7.5.2
2025-08-30 18:19:43.949 :  ** INFO: PS Module AWS.Tools.Common Missing
2025-08-30 18:19:44.017 :  ** INFO: PS Module AWSPowerShell Missing
2025-08-30 18:19:44.085 :  ** INFO: PS Module AWSPowerShell.NetCore Found: Version 5.0.29
2025-08-30 18:19:44.137 :  ** INFO: ValidateResourcesOnly Selected : Disabling all other collections
2025-08-30 18:19:44.190 :  ** INFO: Profile evolve Supplied: Validating
2025-08-30 18:20:13.441 :  ** INFO: Profile evolve Found
2025-08-30 18:20:15.242 :  ** INFO: Profile: User ID: 
2025-08-30 18:20:16.478 :  ** INFO: Profile: Account: 
2025-08-30 18:22:26.625 :  ** INFO: Setting Script Path: /Users/philekins/Documents/Evolve/GitRepos/mva-data-collection
