2025-08-31 07:48:21.931 :  ** INFO: Logfile Path Set: /Users/philekins/Documents/Evolve/GitRepos/mva-data-collection/Export/083125074821/Log/MVA_Log_083125074821.log
2025-08-31 07:48:21.983 :  ** INFO: MVA Data Collection Script - Version : 1.0.8
2025-08-31 07:48:22.391 :  ** INFO: Parameter - CollectConnectionsOnly: False
2025-08-31 07:48:22.445 :  ** INFO: Parameter - ExportDacPacs: False
2025-08-31 07:48:22.499 :  ** INFO: Parameter - CollectCloudWatchData: True
2025-08-31 07:48:22.552 :  ** INFO: Parameter - CollectTsqlData: False
2025-08-31 07:48:22.605 :  ** INFO: Parameter - CleanUpEnvironment: False
2025-08-31 07:48:22.659 :  ** INFO: Parameter - SqlServerConnectionTimeout: 300
2025-08-31 07:48:22.725 :  ** INFO: Parameter - SqlServerQueryTimeout: 5
2025-08-31 07:48:22.777 :  ** INFO: Parameter - CloudWatchCollectionPeriod: 30
2025-08-31 07:48:22.831 :  ** INFO: Parameter - IncludeAllMsgs: True
2025-08-31 07:48:22.883 :  ** INFO: Parameter - ValidateResourcesOnly: False
2025-08-31 07:48:22.935 :  ** INFO: Parameter - AWSProfile: evolve
2025-08-31 07:48:22.989 :  ** INFO: Parameter - UseSSOLogin: False
2025-08-31 07:48:23.042 :  ** INFO: Parameter - SqlUser: admin
2025-08-31 07:48:23.095 :  ** INFO: Parameter - SqlPassword: *********
2025-08-31 07:48:23.147 :  ** INFO: Parameter - ExportPath: 
2025-08-31 07:48:23.199 :  ** INFO: Parameter - FileNameDelimiter: ~~~~
2025-08-31 07:48:23.251 :  ** INFO: Parameter - DebugMode: True
2025-08-31 07:48:23.534 :  ** INFO: AWS CLI v2.x Detected: Version aws-cli/2.28.21 Python/3.13.7 Darwin/24.6.0 source/arm64
2025-08-31 07:48:23.585 :  ** INFO: PS Version: 7.5.2
2025-08-31 07:48:23.664 :  ** INFO: PS Module AWS.Tools.Common Missing
2025-08-31 07:48:23.730 :  ** INFO: PS Module AWSPowerShell Missing
2025-08-31 07:48:23.802 :  ** INFO: PS Module AWSPowerShell.NetCore Found: Version 5.0.29
2025-08-31 07:48:23.854 :  ** INFO: Profile evolve Supplied: Validating
2025-08-31 07:48:24.549 :  ** INFO: Profile evolve Found
2025-08-31 07:48:24.601 :  ** INFO: Profile: User ID: AIDATNSDHDOVAB6RTZB4N
2025-08-31 07:48:24.653 :  ** INFO: Profile: Account: 235290434474
2025-08-31 07:48:24.704 :  ** INFO: Profile: ARN: arn:aws:iam::235290434474:user/pekins
2025-08-31 07:48:25.274 :  ** INFO: Region us-east-2 has been validated
2025-08-31 07:48:25.865 :  ** INFO: Instance i-034419e3c67ca1103 has been validated
2025-08-31 07:48:25.916 :  ** INFO: Instance i-034419e3c67ca1103 Private DNS Name Found: ec2-3-14-134-131.us-east-2.compute.amazonaws.com
2025-08-31 07:48:26.530 :  ** INFO: RDS Node rds-ex has been validated
2025-08-31 07:48:26.583 :  ** INFO: No TSQL Data Collection Specified : Skipping SQL Connectivity Test
2025-08-31 07:48:26.634 :  ** INFO: Database Tsql Filter Created : SELECT [name] FROM [master].[sys].[databases] 
                    WHERE source_database_id IS NULL 
                        and [name] NOT IN('model','tempdb','master','msdb','distribution','ssisdb','rdsadmin','MVA-Data-Collection') 
                        and [name] NOT LIKE '%ReportServer%' 
                        and state_desc = 'ONLINE'  ORDER BY Name
2025-08-31 07:50:23.858 :  ** INFO: Debug Mode Enabled
2025-08-31 07:50:23.909 :  ** INFO: Setting Script Path: /Users/philekins/Documents/Evolve/GitRepos/mva-data-collection
