2025-08-30 18:34:28.428 :  ** INFO: Logfile Path Set: /Users/philekins/Documents/Evolve/GitRepos/mva-data-collection/Export/083025183428/Log/MVA_Log_083025183428.log
2025-08-30 18:34:28.480 :  ** INFO: MVA Data Collection Script - Version : 1.0.8
2025-08-30 18:34:28.919 :  ** INFO: Parameter - CollectConnectionsOnly: False
2025-08-30 18:34:28.973 :  ** INFO: Parameter - ExportDacPacs: False
2025-08-30 18:34:29.042 :  ** INFO: Parameter - CollectCloudWatchData: False
2025-08-30 18:34:29.095 :  ** INFO: Parameter - CollectTsqlData: False
2025-08-30 18:34:29.147 :  ** INFO: Parameter - CleanUpEnvironment: False
2025-08-30 18:34:29.201 :  ** INFO: Parameter - SqlServerConnectionTimeout: 300
2025-08-30 18:34:29.254 :  ** INFO: Parameter - SqlServerQueryTimeout: 5
2025-08-30 18:34:29.308 :  ** INFO: Parameter - CloudWatchCollectionPeriod: 30
2025-08-30 18:34:29.361 :  ** INFO: Parameter - IncludeAllMsgs: True
2025-08-30 18:34:29.415 :  ** INFO: Parameter - ValidateResourcesOnly: True
2025-08-30 18:34:29.469 :  ** INFO: Parameter - AWSProfile: evolve
2025-08-30 18:34:29.523 :  ** INFO: Parameter - UseSSOLogin: False
2025-08-30 18:34:29.576 :  ** INFO: Parameter - SqlUser: admin
2025-08-30 18:34:29.630 :  ** INFO: Parameter - SqlPassword: *********
2025-08-30 18:34:29.683 :  ** INFO: Parameter - ExportPath: 
2025-08-30 18:34:29.735 :  ** INFO: Parameter - FileNameDelimiter: ~~~~
2025-08-30 18:34:29.786 :  ** INFO: Parameter - DebugMode: False
2025-08-30 18:34:30.162 :  ** INFO: AWS CLI v2.x Detected: Version aws-cli/2.28.21 Python/3.13.7 Darwin/24.6.0 source/arm64
2025-08-30 18:34:30.259 :  ** INFO: PS Version: 7.5.2
2025-08-30 18:34:30.325 :  ** INFO: PS Module AWS.Tools.Common Missing
2025-08-30 18:34:30.392 :  ** INFO: PS Module AWSPowerShell Missing
2025-08-30 18:34:30.464 :  ** INFO: PS Module AWSPowerShell.NetCore Found: Version 5.0.29
2025-08-30 18:34:30.516 :  ** INFO: ValidateResourcesOnly Selected : Disabling all other collections
2025-08-30 18:34:30.567 :  ** INFO: Profile evolve Supplied: Validating
2025-08-30 18:34:36.973 :  ** INFO: Profile evolve Found
2025-08-30 18:34:37.024 :  ** INFO: Profile: User ID: AIDATNSDHDOVAB6RTZB4N
2025-08-30 18:34:37.076 :  ** INFO: Profile: Account: 235290434474
2025-08-30 18:34:37.128 :  ** INFO: Profile: ARN: arn:aws:iam::235290434474:user/pekins
2025-08-30 18:34:55.536 :  ** INFO: Region us-east-2 has been validated
2025-08-30 18:34:56.176 :  ** ERROR: Instance i-034419e3c67ca1103 has failed validation
2025-08-30 18:37:53.461 :  ** INFO: Setting Script Path: /Users/philekins/Documents/Evolve/GitRepos/mva-data-collection
