2025-08-31 10:24:54.380 :  ** INFO: Logfile Path Set: /Users/philekins/Documents/Evolve/GitRepos/mva-data-collection/Export/083125102454/Log/MVA_Log_083125102454.log
2025-08-31 10:24:54.432 :  ** INFO: MVA Data Collection Script - Version : 1.0.8
2025-08-31 10:24:54.865 :  ** INFO: Parameter - CollectConnectionsOnly: False
2025-08-31 10:24:54.918 :  ** INFO: Parameter - ExportDacPacs: False
2025-08-31 10:24:54.988 :  ** INFO: Parameter - CollectCloudWatchData: True
2025-08-31 10:24:55.040 :  ** INFO: Parameter - CollectTsqlData: False
2025-08-31 10:24:55.093 :  ** INFO: Parameter - CleanUpEnvironment: False
2025-08-31 10:24:55.146 :  ** INFO: Parameter - SqlServerConnectionTimeout: 300
2025-08-31 10:24:55.200 :  ** INFO: Parameter - SqlServerQueryTimeout: 5
2025-08-31 10:24:55.252 :  ** INFO: Parameter - CloudWatchCollectionPeriod: 30
2025-08-31 10:24:55.306 :  ** INFO: Parameter - IncludeAllMsgs: True
2025-08-31 10:24:55.358 :  ** INFO: Parameter - ValidateResourcesOnly: False
2025-08-31 10:24:55.412 :  ** INFO: Parameter - AWSProfile: evolve
2025-08-31 10:24:55.463 :  ** INFO: Parameter - UseSSOLogin: False
2025-08-31 10:24:55.516 :  ** INFO: Parameter - SqlUser: admin
2025-08-31 10:24:55.569 :  ** INFO: Parameter - SqlPassword: *********
2025-08-31 10:24:55.622 :  ** INFO: Parameter - ExportPath: 
2025-08-31 10:24:55.675 :  ** INFO: Parameter - FileNameDelimiter: ~~~~
2025-08-31 10:24:55.726 :  ** INFO: Parameter - DebugMode: True
2025-08-31 10:24:56.139 :  ** INFO: AWS CLI v2.x Detected: Version aws-cli/2.28.21 Python/3.13.7 Darwin/24.6.0 source/arm64
2025-08-31 10:24:56.190 :  ** INFO: PS Version: 7.5.2
2025-08-31 10:24:56.274 :  ** INFO: PS Module AWS.Tools.Common Missing
2025-08-31 10:24:56.341 :  ** INFO: PS Module AWSPowerShell Missing
2025-08-31 10:24:56.411 :  ** INFO: PS Module AWSPowerShell.NetCore Found: Version 5.0.29
2025-08-31 10:24:56.463 :  ** INFO: Profile evolve Supplied: Validating
2025-08-31 10:24:57.175 :  ** INFO: Profile evolve Found
2025-08-31 10:24:57.226 :  ** INFO: Profile: User ID: AIDATNSDHDOVAB6RTZB4N
2025-08-31 10:24:57.277 :  ** INFO: Profile: Account: 235290434474
2025-08-31 10:24:57.329 :  ** INFO: Profile: ARN: arn:aws:iam::235290434474:user/pekins
2025-08-31 10:24:57.897 :  ** INFO: Region us-east-2 has been validated
2025-08-31 10:24:58.610 :  ** INFO: Instance i-034419e3c67ca1103 has been validated
2025-08-31 10:24:58.661 :  ** INFO: Instance i-034419e3c67ca1103 Private DNS Name Found: ec2-3-14-134-131.us-east-2.compute.amazonaws.com
2025-08-31 10:24:59.291 :  ** INFO: Instance i-041f169de8a947192 has been validated
2025-08-31 10:24:59.343 :  ** INFO: Instance i-041f169de8a947192 Private DNS Name Found: ec2-3-140-195-51.us-east-2.compute.amazonaws.com
2025-08-31 10:24:59.929 :  ** INFO: RDS Node rds-ex has been validated
2025-08-31 10:24:59.982 :  ** INFO: No TSQL Data Collection Specified : Skipping SQL Connectivity Test
2025-08-31 10:25:00.033 :  ** INFO: Database Tsql Filter Created : SELECT [name] FROM [master].[sys].[databases] 
                    WHERE source_database_id IS NULL 
                        and [name] NOT IN('model','tempdb','master','msdb','distribution','ssisdb','rdsadmin','MVA-Data-Collection') 
                        and [name] NOT LIKE '%ReportServer%' 
                        and state_desc = 'ONLINE'  ORDER BY Name
2025-08-31 10:25:15.369 :  ** INFO: Exported EC2 CW Metric CPUUtilization : i-034419e3c67ca1103
2025-08-31 10:25:28.733 :  ** INFO: Exported EC2 CW Metric EBSReadOps : i-034419e3c67ca1103
2025-08-31 10:25:42.087 :  ** INFO: Exported EC2 CW Metric EBSWriteOps : i-034419e3c67ca1103
2025-08-31 10:25:55.536 :  ** INFO: Exported EC2 CW Metric EBSReadBytes : i-034419e3c67ca1103
2025-08-31 10:26:08.728 :  ** INFO: Exported EC2 CW Metric EBSWriteBytes : i-034419e3c67ca1103
2025-08-31 10:26:22.146 :  ** INFO: Exported EC2 CW Metric NetworkIn : i-034419e3c67ca1103
2025-08-31 10:26:35.700 :  ** INFO: Exported EC2 CW Metric NetworkOut : i-034419e3c67ca1103
2025-08-31 10:26:49.020 :  ** INFO: Exported EC2 CW Metric NetworkPacketsIn : i-034419e3c67ca1103
2025-08-31 10:27:02.575 :  ** INFO: Exported EC2 CW Metric NetworkPacketsOut : i-034419e3c67ca1103
2025-08-31 10:29:16.242 :  ** INFO: Exported EBS CW Metric VolumeReadOps : i-034419e3c67ca1103 : vol-024e54ed9ce836fe7
2025-08-31 10:29:29.510 :  ** INFO: Exported EBS CW Metric VolumeWriteOps : i-034419e3c67ca1103 : vol-024e54ed9ce836fe7
2025-08-31 10:29:42.904 :  ** INFO: Exported EBS CW Metric VolumeReadBytes : i-034419e3c67ca1103 : vol-024e54ed9ce836fe7
2025-08-31 10:29:56.612 :  ** INFO: Exported EBS CW Metric VolumeWriteBytes : i-034419e3c67ca1103 : vol-024e54ed9ce836fe7
2025-08-31 10:30:10.192 :  ** INFO: Exported EBS CW Metric VolumeReadOps : i-034419e3c67ca1103 : vol-0e74c238d36a4d8c2
2025-08-31 10:30:23.920 :  ** INFO: Exported EBS CW Metric VolumeWriteOps : i-034419e3c67ca1103 : vol-0e74c238d36a4d8c2
2025-08-31 10:30:37.919 :  ** INFO: Exported EBS CW Metric VolumeReadBytes : i-034419e3c67ca1103 : vol-0e74c238d36a4d8c2
2025-08-31 10:30:51.855 :  ** INFO: Exported EBS CW Metric VolumeWriteBytes : i-034419e3c67ca1103 : vol-0e74c238d36a4d8c2
2025-08-31 10:31:04.398 :  ** INFO: Exported EC2 CW Metric CPUUtilization : i-041f169de8a947192
2025-08-31 10:31:17.135 :  ** INFO: Exported EC2 CW Metric EBSReadOps : i-041f169de8a947192
2025-08-31 10:31:29.808 :  ** INFO: Exported EC2 CW Metric EBSWriteOps : i-041f169de8a947192
2025-08-31 10:31:42.696 :  ** INFO: Exported EC2 CW Metric EBSReadBytes : i-041f169de8a947192
2025-08-31 10:31:55.344 :  ** INFO: Exported EC2 CW Metric EBSWriteBytes : i-041f169de8a947192
2025-08-31 10:32:08.526 :  ** INFO: Exported EC2 CW Metric NetworkIn : i-041f169de8a947192
2025-08-31 10:32:21.334 :  ** INFO: Exported EC2 CW Metric NetworkOut : i-041f169de8a947192
2025-08-31 10:32:33.891 :  ** INFO: Exported EC2 CW Metric NetworkPacketsIn : i-041f169de8a947192
2025-08-31 10:32:46.528 :  ** INFO: Exported EC2 CW Metric NetworkPacketsOut : i-041f169de8a947192
2025-08-31 10:32:59.553 :  ** INFO: Exported EBS CW Metric VolumeReadOps : i-041f169de8a947192 : vol-0532ee40b15815d2f
2025-08-31 10:33:12.381 :  ** INFO: Exported EBS CW Metric VolumeWriteOps : i-041f169de8a947192 : vol-0532ee40b15815d2f
2025-08-31 10:33:25.144 :  ** INFO: Exported EBS CW Metric VolumeReadBytes : i-041f169de8a947192 : vol-0532ee40b15815d2f
2025-08-31 10:33:37.787 :  ** INFO: Exported EBS CW Metric VolumeWriteBytes : i-041f169de8a947192 : vol-0532ee40b15815d2f
2025-08-31 10:33:50.531 :  ** INFO: Exported EBS CW Metric VolumeReadOps : i-041f169de8a947192 : vol-0442aa55f71d378a6
2025-08-31 10:34:03.358 :  ** INFO: Exported EBS CW Metric VolumeWriteOps : i-041f169de8a947192 : vol-0442aa55f71d378a6
2025-08-31 10:34:16.629 :  ** INFO: Exported EBS CW Metric VolumeReadBytes : i-041f169de8a947192 : vol-0442aa55f71d378a6
2025-08-31 10:34:29.619 :  ** INFO: Exported EBS CW Metric VolumeWriteBytes : i-041f169de8a947192 : vol-0442aa55f71d378a6
2025-08-31 10:39:22.791 :  ** INFO: Debug Mode Enabled
2025-08-31 10:39:22.844 :  ** INFO: Setting Script Path: /Users/philekins/Documents/Evolve/GitRepos/mva-data-collection
