2025-08-30 19:05:29.873 :  ** INFO: Logfile Path Set: /Users/philekins/Documents/Evolve/GitRepos/mva-data-collection/Export/083025190529/Log/MVA_Log_083025190529.log
2025-08-30 19:05:29.925 :  ** INFO: MVA Data Collection Script - Version : 1.0.8
2025-08-30 19:05:30.458 :  ** INFO: Parameter - CollectConnectionsOnly: False
2025-08-30 19:05:30.512 :  ** INFO: Parameter - ExportDacPacs: True
2025-08-30 19:05:30.566 :  ** INFO: Parameter - CollectCloudWatchData: False
2025-08-30 19:05:30.620 :  ** INFO: Parameter - CollectTsqlData: False
2025-08-30 19:05:30.674 :  ** INFO: Parameter - CleanUpEnvironment: False
2025-08-30 19:05:30.747 :  ** INFO: Parameter - SqlServerConnectionTimeout: 300
2025-08-30 19:05:30.799 :  ** INFO: Parameter - SqlServerQueryTimeout: 5
2025-08-30 19:05:30.852 :  ** INFO: Parameter - CloudWatchCollectionPeriod: 30
2025-08-30 19:05:30.906 :  ** INFO: Parameter - IncludeAllMsgs: True
2025-08-30 19:05:30.960 :  ** INFO: Parameter - ValidateResourcesOnly: False
2025-08-30 19:05:31.013 :  ** INFO: Parameter - AWSProfile: evolve
2025-08-30 19:05:31.066 :  ** INFO: Parameter - UseSSOLogin: False
2025-08-30 19:05:31.119 :  ** INFO: Parameter - SqlUser: admin
2025-08-30 19:05:31.173 :  ** INFO: Parameter - SqlPassword: *********
2025-08-30 19:05:31.226 :  ** INFO: Parameter - ExportPath: 
2025-08-30 19:05:31.277 :  ** INFO: Parameter - FileNameDelimiter: ~~~~
2025-08-30 19:05:31.328 :  ** INFO: Parameter - DebugMode: False
2025-08-30 19:05:31.760 :  ** INFO: AWS CLI v2.x Detected: Version aws-cli/2.28.21 Python/3.13.7 Darwin/24.6.0 source/arm64
2025-08-30 19:05:31.812 :  ** INFO: PS Version: 7.5.2
2025-08-30 19:05:31.894 :  ** INFO: PS Module AWS.Tools.Common Missing
2025-08-30 19:05:31.961 :  ** INFO: PS Module AWSPowerShell Missing
2025-08-30 19:05:32.031 :  ** INFO: PS Module AWSPowerShell.NetCore Found: Version 5.0.29
2025-08-30 19:05:32.083 :  ** INFO: Profile evolve Supplied: Validating
2025-08-30 19:05:32.985 :  ** INFO: Profile evolve Found
2025-08-30 19:05:33.037 :  ** INFO: Profile: User ID: AIDATNSDHDOVAB6RTZB4N
2025-08-30 19:05:33.088 :  ** INFO: Profile: Account: 235290434474
2025-08-30 19:05:33.140 :  ** INFO: Profile: ARN: arn:aws:iam::235290434474:user/pekins
2025-08-30 19:05:33.720 :  ** INFO: Region us-east-2 has been validated
2025-08-30 19:05:34.382 :  ** INFO: Instance i-034419e3c67ca1103 has been validated
2025-08-30 19:05:34.433 :  ** INFO: Instance i-034419e3c67ca1103 Private DNS Name Found: ec2-3-14-134-131.us-east-2.compute.amazonaws.com
2025-08-30 19:05:35.084 :  ** INFO: RDS Node rds-ex has been validated
2025-08-30 19:05:35.356 :  ** INFO: EC2 InstanceId i-034419e3c67ca1103 SQL Connectivity has been validated
2025-08-30 19:05:35.416 :  ** INFO: DNS Lookup for ec2-3-14-134-131.us-east-2.compute.amazonaws.com : 3.14.134.131
2025-08-30 19:05:35.894 :  ** INFO: RDS Instance rds-ex SQL Connectivity has been validated
2025-08-30 19:05:35.951 :  ** INFO: DNS Lookup for rds-ex.cscudvycznhh.us-east-2.rds.amazonaws.com : 3.150.45.6
2025-08-30 19:05:36.175 :  ** INFO: DNS Lookup for rds-ex.cscudvycznhh.us-east-2.rds.amazonaws.com : 3.150.45.6
2025-08-30 19:05:36.229 :  ** INFO: Duplicate Entry Found: Skipping SQL Data Collection for rds-ex.cscudvycznhh.us-east-2.rds.amazonaws.com
2025-08-30 19:05:36.283 :  ** INFO: Database Tsql Filter Created : SELECT [name] FROM [master].[sys].[databases] 
                    WHERE source_database_id IS NULL 
                        and [name] NOT IN('model','tempdb','master','msdb','distribution','ssisdb','rdsadmin','MVA-Data-Collection') 
                        and [name] NOT LIKE '%ReportServer%' 
                        and state_desc = 'ONLINE'  ORDER BY Name
2025-08-30 19:06:15.600 :  ** ERROR: InstallSqlPackage() : The term '.\sqlpackage.exe' is not recognized as a name of a cmdlet, function, script file, or executable program.
Check the spelling of the name, or if a path was included, verify that the path is correct and try again.
2025-08-30 19:20:46.811 :  ** INFO: Setting Script Path: /Users/philekins/Documents/Evolve/GitRepos/mva-data-collection
