2025-08-30 18:56:03.721 :  ** INFO: Logfile Path Set: /Users/philekins/Documents/Evolve/GitRepos/mva-data-collection/Export/083025185603/Log/MVA_Log_083025185603.log
2025-08-30 18:56:03.773 :  ** INFO: MVA Data Collection Script - Version : 1.0.8
2025-08-30 18:56:04.152 :  ** INFO: Parameter - CollectConnectionsOnly: False
2025-08-30 18:56:04.206 :  ** INFO: Parameter - ExportDacPacs: True
2025-08-30 18:56:04.264 :  ** INFO: Parameter - CollectCloudWatchData: False
2025-08-30 18:56:04.316 :  ** INFO: Parameter - CollectTsqlData: False
2025-08-30 18:56:04.368 :  ** INFO: Parameter - CleanUpEnvironment: False
2025-08-30 18:56:04.422 :  ** INFO: Parameter - SqlServerConnectionTimeout: 300
2025-08-30 18:56:04.475 :  ** INFO: Parameter - SqlServerQueryTimeout: 5
2025-08-30 18:56:04.529 :  ** INFO: Parameter - CloudWatchCollectionPeriod: 30
2025-08-30 18:56:04.582 :  ** INFO: Parameter - IncludeAllMsgs: True
2025-08-30 18:56:04.636 :  ** INFO: Parameter - ValidateResourcesOnly: False
2025-08-30 18:56:04.689 :  ** INFO: Parameter - AWSProfile: evolve
2025-08-30 18:56:04.742 :  ** INFO: Parameter - UseSSOLogin: False
2025-08-30 18:56:04.795 :  ** INFO: Parameter - SqlUser: admin
2025-08-30 18:56:04.849 :  ** INFO: Parameter - SqlPassword: *********
2025-08-30 18:56:04.902 :  ** INFO: Parameter - ExportPath: 
2025-08-30 18:56:04.956 :  ** INFO: Parameter - FileNameDelimiter: ~~~~
2025-08-30 18:56:05.007 :  ** INFO: Parameter - DebugMode: False
2025-08-30 18:56:05.389 :  ** INFO: AWS CLI v2.x Detected: Version aws-cli/2.28.21 Python/3.13.7 Darwin/24.6.0 source/arm64
2025-08-30 18:56:05.441 :  ** INFO: PS Version: 7.5.2
2025-08-30 18:56:05.517 :  ** INFO: PS Module AWS.Tools.Common Missing
2025-08-30 18:56:05.584 :  ** INFO: PS Module AWSPowerShell Missing
2025-08-30 18:56:05.655 :  ** INFO: PS Module AWSPowerShell.NetCore Found: Version 5.0.29
2025-08-30 18:56:05.707 :  ** INFO: Profile evolve Supplied: Validating
2025-08-30 18:56:06.416 :  ** INFO: Profile evolve Found
2025-08-30 18:56:06.467 :  ** INFO: Profile: User ID: AIDATNSDHDOVAB6RTZB4N
2025-08-30 18:56:06.519 :  ** INFO: Profile: Account: 235290434474
2025-08-30 18:56:06.571 :  ** INFO: Profile: ARN: arn:aws:iam::235290434474:user/pekins
2025-08-30 18:56:07.139 :  ** INFO: Region us-east-2 has been validated
2025-08-30 18:56:07.800 :  ** INFO: Instance i-034419e3c67ca1103 has been validated
2025-08-30 18:56:07.853 :  ** INFO: Instance i-034419e3c67ca1103 Private DNS Name Found: ec2-3-14-134-131.us-east-2.compute.amazonaws.com
2025-08-30 18:56:08.416 :  ** INFO: RDS Node rds-ex has been validated
2025-08-30 18:56:08.497 :  ** INFO: EC2 InstanceId i-034419e3c67ca1103 SQL Connectivity has been validated
2025-08-30 18:56:08.577 :  ** INFO: DNS Lookup for ec2-3-14-134-131.us-east-2.compute.amazonaws.com : 3.14.134.131
2025-08-30 18:56:08.962 :  ** INFO: RDS Instance rds-ex SQL Connectivity has been validated
2025-08-30 18:56:09.020 :  ** INFO: DNS Lookup for rds-ex.cscudvycznhh.us-east-2.rds.amazonaws.com : 3.150.45.6
2025-08-30 18:56:09.105 :  ** INFO: DNS Lookup for rds-ex.cscudvycznhh.us-east-2.rds.amazonaws.com : 3.150.45.6
2025-08-30 18:56:09.158 :  ** INFO: Duplicate Entry Found: Skipping SQL Data Collection for rds-ex.cscudvycznhh.us-east-2.rds.amazonaws.com
2025-08-30 18:56:09.210 :  ** INFO: Database Tsql Filter Created : SELECT [name] FROM [master].[sys].[databases] 
                    WHERE source_database_id IS NULL 
                        and [name] NOT IN('model','tempdb','master','msdb','distribution','ssisdb','rdsadmin','MVA-Data-Collection') 
                        and [name] NOT LIKE '%ReportServer%' 
                        and state_desc = 'ONLINE'  ORDER BY Name
2025-08-30 19:05:29.820 :  ** INFO: Setting Script Path: /Users/philekins/Documents/Evolve/GitRepos/mva-data-collection
