2025-08-30 18:48:19.441 :  ** INFO: Logfile Path Set: /Users/philekins/Documents/Evolve/GitRepos/mva-data-collection/Export/083025184819/Log/MVA_Log_083025184819.log
2025-08-30 18:48:19.492 :  ** INFO: MVA Data Collection Script - Version : 1.0.8
2025-08-30 18:48:19.830 :  ** INFO: Parameter - CollectConnectionsOnly: True
2025-08-30 18:48:19.883 :  ** INFO: Parameter - ExportDacPacs: False
2025-08-30 18:48:19.935 :  ** INFO: Parameter - CollectCloudWatchData: False
2025-08-30 18:48:19.987 :  ** INFO: Parameter - CollectTsqlData: False
2025-08-30 18:48:20.039 :  ** INFO: Parameter - CleanUpEnvironment: False
2025-08-30 18:48:20.092 :  ** INFO: Parameter - SqlServerConnectionTimeout: 300
2025-08-30 18:48:20.146 :  ** INFO: Parameter - SqlServerQueryTimeout: 5
2025-08-30 18:48:20.198 :  ** INFO: Parameter - CloudWatchCollectionPeriod: 30
2025-08-30 18:48:20.252 :  ** INFO: Parameter - IncludeAllMsgs: True
2025-08-30 18:48:20.305 :  ** INFO: Parameter - ValidateResourcesOnly: False
2025-08-30 18:48:20.357 :  ** INFO: Parameter - AWSProfile: evolve
2025-08-30 18:48:20.410 :  ** INFO: Parameter - UseSSOLogin: False
2025-08-30 18:48:20.463 :  ** INFO: Parameter - SqlUser: admin
2025-08-30 18:48:20.516 :  ** INFO: Parameter - SqlPassword: *********
2025-08-30 18:48:20.570 :  ** INFO: Parameter - ExportPath: 
2025-08-30 18:48:20.623 :  ** INFO: Parameter - FileNameDelimiter: ~~~~
2025-08-30 18:48:20.675 :  ** INFO: Parameter - DebugMode: False
2025-08-30 18:48:20.949 :  ** INFO: AWS CLI v2.x Detected: Version aws-cli/2.28.21 Python/3.13.7 Darwin/24.6.0 source/arm64
2025-08-30 18:48:21.002 :  ** INFO: PS Version: 7.5.2
2025-08-30 18:48:21.078 :  ** INFO: PS Module AWS.Tools.Common Missing
2025-08-30 18:48:21.145 :  ** INFO: PS Module AWSPowerShell Missing
2025-08-30 18:48:21.215 :  ** INFO: PS Module AWSPowerShell.NetCore Found: Version 5.0.29
2025-08-30 18:48:21.267 :  ** INFO: CollectConnectionsOnly Selected : Disabling all other collections
2025-08-30 18:48:21.319 :  ** INFO: Profile evolve Supplied: Validating
2025-08-30 18:48:22.005 :  ** INFO: Profile evolve Found
2025-08-30 18:48:22.057 :  ** INFO: Profile: User ID: AIDATNSDHDOVAB6RTZB4N
2025-08-30 18:48:22.109 :  ** INFO: Profile: Account: 235290434474
2025-08-30 18:48:22.162 :  ** INFO: Profile: ARN: arn:aws:iam::235290434474:user/pekins
2025-08-30 18:48:22.717 :  ** INFO: Region us-east-2 has been validated
2025-08-30 18:48:23.307 :  ** INFO: Instance i-034419e3c67ca1103 has been validated
2025-08-30 18:48:23.358 :  ** INFO: Instance i-034419e3c67ca1103 Private DNS Name Found: ec2-3-14-134-131.us-east-2.compute.amazonaws.com
2025-08-30 18:48:23.930 :  ** INFO: RDS Node rds-ex has been validated
2025-08-30 18:48:24.021 :  ** INFO: EC2 InstanceId i-034419e3c67ca1103 SQL Connectivity has been validated
2025-08-30 18:48:24.075 :  ** INFO: DNS Lookup for ec2-3-14-134-131.us-east-2.compute.amazonaws.com : 3.14.134.131
2025-08-30 18:48:24.261 :  ** INFO: RDS Instance rds-ex SQL Connectivity has been validated
2025-08-30 18:48:24.328 :  ** INFO: DNS Lookup for rds-ex.cscudvycznhh.us-east-2.rds.amazonaws.com : 3.150.45.6
2025-08-30 18:48:24.518 :  ** INFO: DNS Lookup for rds-ex.cscudvycznhh.us-east-2.rds.amazonaws.com : 3.150.45.6
2025-08-30 18:48:24.572 :  ** INFO: Duplicate Entry Found: Skipping SQL Data Collection for rds-ex.cscudvycznhh.us-east-2.rds.amazonaws.com
2025-08-30 18:48:24.625 :  ** INFO: Database Tsql Filter Created : SELECT [name] FROM [master].[sys].[databases] 
                    WHERE source_database_id IS NULL 
                        and [name] NOT IN('model','tempdb','master','msdb','distribution','ssisdb','rdsadmin','MVA-Data-Collection') 
                        and [name] NOT LIKE '%ReportServer%' 
                        and state_desc = 'ONLINE'  ORDER BY Name
2025-08-30 18:48:25.856 :  ** INFO: Exported 00.001~~~~master~~~~ConnectionInfo : ec2-3-14-134-131.us-east-2.compute.amazonaws.com
2025-08-30 18:48:25.939 :  ** INFO: rds-ex.cscudvycznhh.us-east-2.rds.amazonaws.com is running Express Edition : No Agent Job can be created
2025-08-30 18:48:26.122 :  ** INFO: Exported 00.001~~~~master~~~~ConnectionInfo : rds-ex.cscudvycznhh.us-east-2.rds.amazonaws.com
2025-08-30 18:48:26.267 :  ** INFO: Data Collection is Complete
2025-08-30 18:48:26.319 :  ** INFO: Please review and send zip file /Users/philekins/Documents/Evolve/GitRepos/mva-data-collection/Export/Acme-MVA-Export-ALL-083025184819.zip to mva@evolvecloudservices.com
2025-08-30 18:51:34.602 :  ** INFO: Setting Script Path: /Users/philekins/Documents/Evolve/GitRepos/mva-data-collection
