2025-08-30 19:27:38.971 :  ** INFO: Logfile Path Set: /Users/philekins/Documents/Evolve/GitRepos/mva-data-collection/Export/083025192738/Log/MVA_Log_083025192738.log
2025-08-30 19:27:39.023 :  ** INFO: MVA Data Collection Script - Version : 1.0.8
2025-08-30 19:27:39.527 :  ** INFO: Parameter - CollectConnectionsOnly: False
2025-08-30 19:27:39.581 :  ** INFO: Parameter - ExportDacPacs: False
2025-08-30 19:27:39.633 :  ** INFO: Parameter - CollectCloudWatchData: True
2025-08-30 19:27:39.685 :  ** INFO: Parameter - CollectTsqlData: False
2025-08-30 19:27:39.737 :  ** INFO: Parameter - CleanUpEnvironment: False
2025-08-30 19:27:39.790 :  ** INFO: Parameter - SqlServerConnectionTimeout: 300
2025-08-30 19:27:39.844 :  ** INFO: Parameter - SqlServerQueryTimeout: 5
2025-08-30 19:27:39.898 :  ** INFO: Parameter - CloudWatchCollectionPeriod: 30
2025-08-30 19:27:39.961 :  ** INFO: Parameter - IncludeAllMsgs: True
2025-08-30 19:27:40.014 :  ** INFO: Parameter - ValidateResourcesOnly: False
2025-08-30 19:27:40.066 :  ** INFO: Parameter - AWSProfile: evolve
2025-08-30 19:27:40.118 :  ** INFO: Parameter - UseSSOLogin: False
2025-08-30 19:27:40.170 :  ** INFO: Parameter - SqlUser: admin
2025-08-30 19:27:40.222 :  ** INFO: Parameter - SqlPassword: *********
2025-08-30 19:27:40.274 :  ** INFO: Parameter - ExportPath: 
2025-08-30 19:27:40.326 :  ** INFO: Parameter - FileNameDelimiter: ~~~~
2025-08-30 19:27:40.377 :  ** INFO: Parameter - DebugMode: False
2025-08-30 19:27:40.776 :  ** INFO: AWS CLI v2.x Detected: Version aws-cli/2.28.21 Python/3.13.7 Darwin/24.6.0 source/arm64
2025-08-30 19:27:40.827 :  ** INFO: PS Version: 7.5.2
2025-08-30 19:27:40.906 :  ** INFO: PS Module AWS.Tools.Common Missing
2025-08-30 19:27:40.974 :  ** INFO: PS Module AWSPowerShell Missing
2025-08-30 19:27:41.044 :  ** INFO: PS Module AWSPowerShell.NetCore Found: Version 5.0.29
2025-08-30 19:27:41.096 :  ** INFO: Profile evolve Supplied: Validating
2025-08-30 19:27:41.837 :  ** INFO: Profile evolve Found
2025-08-30 19:27:41.889 :  ** INFO: Profile: User ID: AIDATNSDHDOVAB6RTZB4N
2025-08-30 19:27:41.940 :  ** INFO: Profile: Account: 235290434474
2025-08-30 19:27:41.992 :  ** INFO: Profile: ARN: arn:aws:iam::235290434474:user/pekins
2025-08-30 19:27:42.566 :  ** INFO: Region us-east-2 has been validated
2025-08-30 19:27:43.213 :  ** INFO: Instance i-034419e3c67ca1103 has been validated
2025-08-30 19:27:43.265 :  ** INFO: Instance i-034419e3c67ca1103 Private DNS Name Found: ec2-3-14-134-131.us-east-2.compute.amazonaws.com
2025-08-30 19:27:43.844 :  ** INFO: RDS Node rds-ex has been validated
2025-08-30 19:27:43.896 :  ** INFO: No TSQL Data Collection Specified : Skipping SQL Connectivity Test
2025-08-30 19:27:43.948 :  ** INFO: Database Tsql Filter Created : SELECT [name] FROM [master].[sys].[databases] 
                    WHERE source_database_id IS NULL 
                        and [name] NOT IN('model','tempdb','master','msdb','distribution','ssisdb','rdsadmin','MVA-Data-Collection') 
                        and [name] NOT LIKE '%ReportServer%' 
                        and state_desc = 'ONLINE'  ORDER BY Name
2025-08-30 19:28:20.572 :  ** INFO: Setting Script Path: /Users/philekins/Documents/Evolve/GitRepos/mva-data-collection
