2025-08-30 18:44:33.264 :  ** INFO: Logfile Path Set: /Users/philekins/Documents/Evolve/GitRepos/mva-data-collection/Export/083025184433/Log/MVA_Log_083025184433.log
2025-08-30 18:44:33.316 :  ** INFO: MVA Data Collection Script - Version : 1.0.8
2025-08-30 18:44:33.624 :  ** INFO: Parameter - CollectConnectionsOnly: False
2025-08-30 18:44:33.676 :  ** INFO: Parameter - ExportDacPacs: False
2025-08-30 18:44:33.727 :  ** INFO: Parameter - CollectCloudWatchData: False
2025-08-30 18:44:33.779 :  ** INFO: Parameter - CollectTsqlData: False
2025-08-30 18:44:33.832 :  ** INFO: Parameter - CleanUpEnvironment: False
2025-08-30 18:44:33.886 :  ** INFO: Parameter - SqlServerConnectionTimeout: 300
2025-08-30 18:44:33.942 :  ** INFO: Parameter - SqlServerQueryTimeout: 5
2025-08-30 18:44:33.996 :  ** INFO: Parameter - CloudWatchCollectionPeriod: 30
2025-08-30 18:44:34.050 :  ** INFO: Parameter - IncludeAllMsgs: True
2025-08-30 18:44:34.103 :  ** INFO: Parameter - ValidateResourcesOnly: True
2025-08-30 18:44:34.157 :  ** INFO: Parameter - AWSProfile: evolve
2025-08-30 18:44:34.211 :  ** INFO: Parameter - UseSSOLogin: False
2025-08-30 18:44:34.265 :  ** INFO: Parameter - SqlUser: admin
2025-08-30 18:44:34.319 :  ** INFO: Parameter - SqlPassword: *********
2025-08-30 18:44:34.373 :  ** INFO: Parameter - ExportPath: 
2025-08-30 18:44:34.427 :  ** INFO: Parameter - FileNameDelimiter: ~~~~
2025-08-30 18:44:34.480 :  ** INFO: Parameter - DebugMode: False
2025-08-30 18:44:34.750 :  ** INFO: AWS CLI v2.x Detected: Version aws-cli/2.28.21 Python/3.13.7 Darwin/24.6.0 source/arm64
2025-08-30 18:44:34.850 :  ** INFO: PS Version: 7.5.2
2025-08-30 18:44:34.918 :  ** INFO: PS Module AWS.Tools.Common Missing
2025-08-30 18:44:34.987 :  ** INFO: PS Module AWSPowerShell Missing
2025-08-30 18:44:35.063 :  ** INFO: PS Module AWSPowerShell.NetCore Found: Version 5.0.29
2025-08-30 18:44:35.118 :  ** INFO: ValidateResourcesOnly Selected : Disabling all other collections
2025-08-30 18:44:35.170 :  ** INFO: Profile evolve Supplied: Validating
2025-08-30 18:44:35.838 :  ** INFO: Profile evolve Found
2025-08-30 18:44:35.890 :  ** INFO: Profile: User ID: AIDATNSDHDOVAB6RTZB4N
2025-08-30 18:44:35.942 :  ** INFO: Profile: Account: 235290434474
2025-08-30 18:44:35.993 :  ** INFO: Profile: ARN: arn:aws:iam::235290434474:user/pekins
2025-08-30 18:44:36.553 :  ** INFO: Region us-east-2 has been validated
2025-08-30 18:44:37.137 :  ** INFO: Instance i-034419e3c67ca1103 has been validated
2025-08-30 18:44:37.189 :  ** INFO: Instance i-034419e3c67ca1103 Private DNS Name Found: ec2-3-14-134-131.us-east-2.compute.amazonaws.com
2025-08-30 18:44:37.755 :  ** INFO: RDS Node rds-ex has been validated
2025-08-30 18:44:38.100 :  ** INFO: EC2 InstanceId i-034419e3c67ca1103 SQL Connectivity has been validated
2025-08-30 18:44:38.169 :  ** INFO: DNS Lookup for ec2-3-14-134-131.us-east-2.compute.amazonaws.com : 3.14.134.131
2025-08-30 18:44:38.690 :  ** INFO: RDS Instance rds-ex SQL Connectivity has been validated
2025-08-30 18:44:38.747 :  ** INFO: DNS Lookup for rds-ex.cscudvycznhh.us-east-2.rds.amazonaws.com : 3.150.45.6
2025-08-30 18:44:38.947 :  ** INFO: DNS Lookup for rds-ex.cscudvycznhh.us-east-2.rds.amazonaws.com : 3.150.45.6
2025-08-30 18:44:39.003 :  ** INFO: Duplicate Entry Found: Skipping SQL Data Collection for rds-ex.cscudvycznhh.us-east-2.rds.amazonaws.com
2025-08-30 18:44:39.058 :  ** INFO: Database Tsql Filter Created : SELECT [name] FROM [master].[sys].[databases] 
                    WHERE source_database_id IS NULL 
                        and [name] NOT IN('model','tempdb','master','msdb','distribution','ssisdb','rdsadmin','MVA-Data-Collection') 
                        and [name] NOT LIKE '%ReportServer%' 
                        and state_desc = 'ONLINE'  ORDER BY Name
2025-08-30 18:44:39.119 :  ** INFO: Server Connectivity and Validation is Complete
2025-08-30 18:45:32.812 :  ** INFO: Instance i-034419e3c67ca1103 Private DNS Name Found: ec2-3-14-134-131.us-east-2.compute.amazonaws.com
2025-08-30 18:45:33.378 :  ** INFO: RDS Node rds-ex has been validated
2025-08-30 18:45:56.923 :  ** INFO: EC2 InstanceId i-034419e3c67ca1103 SQL Connectivity has been validated
2025-08-30 18:45:58.366 :  ** INFO: DNS Lookup for ec2-3-14-134-131.us-east-2.compute.amazonaws.com : 3.14.134.131
2025-08-30 18:46:02.966 :  ** INFO: RDS Instance rds-ex SQL Connectivity has been validated
2025-08-30 18:46:03.850 :  ** INFO: DNS Lookup for rds-ex.cscudvycznhh.us-east-2.rds.amazonaws.com : 3.150.45.6
2025-08-30 18:46:09.718 :  ** INFO: DNS Lookup for rds-ex.cscudvycznhh.us-east-2.rds.amazonaws.com : 3.150.45.6
2025-08-30 18:46:10.244 :  ** INFO: Duplicate Entry Found: Skipping SQL Data Collection for rds-ex.cscudvycznhh.us-east-2.rds.amazonaws.com
2025-08-30 18:46:36.613 :  ** INFO: Database Tsql Filter Created : SELECT [name] FROM [master].[sys].[databases] 
                    WHERE source_database_id IS NULL 
                        and [name] NOT IN('model','tempdb','master','msdb','distribution','ssisdb','rdsadmin','MVA-Data-Collection') 
                        and [name] NOT LIKE '%ReportServer%' 
                        and state_desc = 'ONLINE'  ORDER BY Name
2025-08-30 18:46:44.498 :  ** INFO: Server Connectivity and Validation is Complete
2025-08-30 18:47:35.495 :  ** INFO: Setting Script Path: /Users/philekins/Documents/Evolve/GitRepos/mva-data-collection
