2025-08-31 07:44:12.683 :  ** INFO: Logfile Path Set: /Users/philekins/Documents/Evolve/GitRepos/mva-data-collection/Export/083125074412/Log/MVA_Log_083125074412.log
2025-08-31 07:44:12.735 :  ** INFO: MVA Data Collection Script - Version : 1.0.8
2025-08-31 07:44:13.266 :  ** INFO: Parameter - CollectConnectionsOnly: False
2025-08-31 07:44:13.320 :  ** INFO: Parameter - ExportDacPacs: False
2025-08-31 07:44:13.373 :  ** INFO: Parameter - CollectCloudWatchData: True
2025-08-31 07:44:13.427 :  ** INFO: Parameter - CollectTsqlData: False
2025-08-31 07:44:13.480 :  ** INFO: Parameter - CleanUpEnvironment: False
2025-08-31 07:44:13.533 :  ** INFO: Parameter - SqlServerConnectionTimeout: 300
2025-08-31 07:44:13.600 :  ** INFO: Parameter - SqlServerQueryTimeout: 5
2025-08-31 07:44:13.652 :  ** INFO: Parameter - CloudWatchCollectionPeriod: 30
2025-08-31 07:44:13.704 :  ** INFO: Parameter - IncludeAllMsgs: True
2025-08-31 07:44:13.758 :  ** INFO: Parameter - ValidateResourcesOnly: False
2025-08-31 07:44:13.811 :  ** INFO: Parameter - AWSProfile: evolve
2025-08-31 07:44:13.864 :  ** INFO: Parameter - UseSSOLogin: False
2025-08-31 07:44:13.918 :  ** INFO: Parameter - SqlUser: admin
2025-08-31 07:44:13.970 :  ** INFO: Parameter - SqlPassword: *********
2025-08-31 07:44:14.021 :  ** INFO: Parameter - ExportPath: 
2025-08-31 07:44:14.073 :  ** INFO: Parameter - FileNameDelimiter: ~~~~
2025-08-31 07:44:14.124 :  ** INFO: Parameter - DebugMode: False
2025-08-31 07:44:14.421 :  ** INFO: AWS CLI v2.x Detected: Version aws-cli/2.28.21 Python/3.13.7 Darwin/24.6.0 source/arm64
2025-08-31 07:44:14.473 :  ** INFO: PS Version: 7.5.2
2025-08-31 07:44:14.552 :  ** INFO: PS Module AWS.Tools.Common Missing
2025-08-31 07:44:14.621 :  ** INFO: PS Module AWSPowerShell Missing
2025-08-31 07:44:14.695 :  ** INFO: PS Module AWSPowerShell.NetCore Found: Version 5.0.29
2025-08-31 07:44:14.747 :  ** INFO: Profile evolve Supplied: Validating
2025-08-31 07:44:15.427 :  ** INFO: Profile evolve Found
2025-08-31 07:44:15.479 :  ** INFO: Profile: User ID: AIDATNSDHDOVAB6RTZB4N
2025-08-31 07:44:15.530 :  ** INFO: Profile: Account: 235290434474
2025-08-31 07:44:15.582 :  ** INFO: Profile: ARN: arn:aws:iam::235290434474:user/pekins
2025-08-31 07:44:16.183 :  ** INFO: Region us-east-2 has been validated
2025-08-31 07:44:16.827 :  ** INFO: Instance i-034419e3c67ca1103 has been validated
2025-08-31 07:44:16.879 :  ** INFO: Instance i-034419e3c67ca1103 Private DNS Name Found: ec2-3-14-134-131.us-east-2.compute.amazonaws.com
2025-08-31 07:44:17.464 :  ** INFO: RDS Node rds-ex has been validated
2025-08-31 07:44:17.516 :  ** INFO: No TSQL Data Collection Specified : Skipping SQL Connectivity Test
2025-08-31 07:44:17.568 :  ** INFO: Database Tsql Filter Created : SELECT [name] FROM [master].[sys].[databases] 
                    WHERE source_database_id IS NULL 
                        and [name] NOT IN('model','tempdb','master','msdb','distribution','ssisdb','rdsadmin','MVA-Data-Collection') 
                        and [name] NOT LIKE '%ReportServer%' 
                        and state_desc = 'ONLINE'  ORDER BY Name
2025-08-31 07:44:55.756 :  ** INFO: Debug Mode Enabled
2025-08-31 07:44:55.808 :  ** INFO: Setting Script Path: /Users/philekins/Documents/Evolve/GitRepos/mva-data-collection
