2025-08-31 11:14:34.121 :  ** INFO: Logfile Path Set: /Users/philekins/Documents/Evolve/GitRepos/mva-data-collection/Export/083125111434/Log/MVA_Log_083125111434.log
2025-08-31 11:14:34.172 :  ** INFO: MVA Data Collection Script - Version : 1.0.8
2025-08-31 11:14:34.664 :  ** INFO: Parameter - CollectConnectionsOnly: False
2025-08-31 11:14:34.718 :  ** INFO: Parameter - ExportDacPacs: False
2025-08-31 11:14:34.771 :  ** INFO: Parameter - CollectCloudWatchData: True
2025-08-31 11:14:34.824 :  ** INFO: Parameter - CollectTsqlData: False
2025-08-31 11:14:34.878 :  ** INFO: Parameter - CleanUpEnvironment: False
2025-08-31 11:14:34.931 :  ** INFO: Parameter - SqlServerConnectionTimeout: 300
2025-08-31 11:14:34.984 :  ** INFO: Parameter - SqlServerQueryTimeout: 5
2025-08-31 11:14:35.038 :  ** INFO: Parameter - CloudWatchCollectionPeriod: 30
2025-08-31 11:14:35.090 :  ** INFO: Parameter - IncludeAllMsgs: True
2025-08-31 11:14:35.144 :  ** INFO: Parameter - ValidateResourcesOnly: False
2025-08-31 11:14:35.198 :  ** INFO: Parameter - AWSProfile: evolve
2025-08-31 11:14:35.251 :  ** INFO: Parameter - UseSSOLogin: False
2025-08-31 11:14:35.304 :  ** INFO: Parameter - SqlUser: admin
2025-08-31 11:14:35.357 :  ** INFO: Parameter - SqlPassword: *********
2025-08-31 11:14:35.410 :  ** INFO: Parameter - ExportPath: 
2025-08-31 11:14:35.462 :  ** INFO: Parameter - FileNameDelimiter: ~~~~
2025-08-31 11:14:35.516 :  ** INFO: Parameter - DebugMode: True
2025-08-31 11:14:35.794 :  ** INFO: AWS CLI v2.x Detected: Version aws-cli/2.28.21 Python/3.13.7 Darwin/24.6.0 source/arm64
2025-08-31 11:14:35.845 :  ** INFO: PS Version: 7.5.2
2025-08-31 11:14:35.921 :  ** INFO: PS Module AWS.Tools.Common Missing
2025-08-31 11:14:35.988 :  ** INFO: PS Module AWSPowerShell Missing
2025-08-31 11:14:36.058 :  ** INFO: PS Module AWSPowerShell.NetCore Found: Version 5.0.29
2025-08-31 11:14:36.110 :  ** INFO: Profile evolve Supplied: Validating
2025-08-31 11:14:36.848 :  ** INFO: Profile evolve Found
2025-08-31 11:14:36.900 :  ** INFO: Profile: User ID: AIDATNSDHDOVAB6RTZB4N
2025-08-31 11:14:36.952 :  ** INFO: Profile: Account: 235290434474
2025-08-31 11:14:37.004 :  ** INFO: Profile: ARN: arn:aws:iam::235290434474:user/pekins
2025-08-31 11:14:37.575 :  ** INFO: Region us-east-2 has been validated
2025-08-31 11:14:38.183 :  ** INFO: RDS Node rds-ex has been validated
2025-08-31 11:14:38.747 :  ** INFO: RDS Node rds-ex1 has been validated
2025-08-31 11:14:38.799 :  ** INFO: No TSQL Data Collection Specified : Skipping SQL Connectivity Test
2025-08-31 11:14:38.851 :  ** INFO: Database Tsql Filter Created : SELECT [name] FROM [master].[sys].[databases] 
                    WHERE source_database_id IS NULL 
                        and [name] NOT IN('model','tempdb','master','msdb','distribution','ssisdb','rdsadmin','MVA-Data-Collection') 
                        and [name] NOT LIKE '%ReportServer%' 
                        and state_desc = 'ONLINE'  ORDER BY Name
2025-08-31 11:21:28.712 :  ** INFO: Debug Mode Enabled
2025-08-31 11:21:28.763 :  ** INFO: Setting Script Path: /Users/philekins/Documents/Evolve/GitRepos/mva-data-collection
