2025-08-30 18:51:34.655 :  ** INFO: Logfile Path Set: /Users/philekins/Documents/Evolve/GitRepos/mva-data-collection/Export/083025185134/Log/MVA_Log_083025185134.log
2025-08-30 18:51:34.707 :  ** INFO: MVA Data Collection Script - Version : 1.0.8
2025-08-30 18:51:35.136 :  ** INFO: Parameter - CollectConnectionsOnly: False
2025-08-30 18:51:35.189 :  ** INFO: Parameter - ExportDacPacs: True
2025-08-30 18:51:35.242 :  ** INFO: Parameter - CollectCloudWatchData: False
2025-08-30 18:51:35.295 :  ** INFO: Parameter - CollectTsqlData: False
2025-08-30 18:51:35.349 :  ** INFO: Parameter - CleanUpEnvironment: False
2025-08-30 18:51:35.402 :  ** INFO: Parameter - SqlServerConnectionTimeout: 300
2025-08-30 18:51:35.455 :  ** INFO: Parameter - SqlServerQueryTimeout: 5
2025-08-30 18:51:35.508 :  ** INFO: Parameter - CloudWatchCollectionPeriod: 30
2025-08-30 18:51:35.562 :  ** INFO: Parameter - IncludeAllMsgs: True
2025-08-30 18:51:35.615 :  ** INFO: Parameter - ValidateResourcesOnly: False
2025-08-30 18:51:35.669 :  ** INFO: Parameter - AWSProfile: evolve
2025-08-30 18:51:35.721 :  ** INFO: Parameter - UseSSOLogin: False
2025-08-30 18:51:35.774 :  ** INFO: Parameter - SqlUser: admin
2025-08-30 18:51:35.826 :  ** INFO: Parameter - SqlPassword: *********
2025-08-30 18:51:35.879 :  ** INFO: Parameter - ExportPath: 
2025-08-30 18:51:35.935 :  ** INFO: Parameter - FileNameDelimiter: ~~~~
2025-08-30 18:51:35.986 :  ** INFO: Parameter - DebugMode: False
2025-08-30 18:51:36.385 :  ** INFO: AWS CLI v2.x Detected: Version aws-cli/2.28.21 Python/3.13.7 Darwin/24.6.0 source/arm64
2025-08-30 18:51:36.436 :  ** INFO: PS Version: 7.5.2
2025-08-30 18:51:36.520 :  ** INFO: PS Module AWS.Tools.Common Missing
2025-08-30 18:51:36.587 :  ** INFO: PS Module AWSPowerShell Missing
2025-08-30 18:51:36.657 :  ** INFO: PS Module AWSPowerShell.NetCore Found: Version 5.0.29
2025-08-30 18:51:36.709 :  ** INFO: Profile evolve Supplied: Validating
2025-08-30 18:51:37.446 :  ** INFO: Profile evolve Found
2025-08-30 18:51:37.497 :  ** INFO: Profile: User ID: AIDATNSDHDOVAB6RTZB4N
2025-08-30 18:51:37.549 :  ** INFO: Profile: Account: 235290434474
2025-08-30 18:51:37.601 :  ** INFO: Profile: ARN: arn:aws:iam::235290434474:user/pekins
2025-08-30 18:51:38.197 :  ** INFO: Region us-east-2 has been validated
2025-08-30 18:51:38.832 :  ** INFO: Instance i-034419e3c67ca1103 has been validated
2025-08-30 18:51:38.884 :  ** INFO: Instance i-034419e3c67ca1103 Private DNS Name Found: ec2-3-14-134-131.us-east-2.compute.amazonaws.com
2025-08-30 18:51:39.468 :  ** INFO: RDS Node rds-ex has been validated
2025-08-30 18:51:39.586 :  ** INFO: EC2 InstanceId i-034419e3c67ca1103 SQL Connectivity has been validated
2025-08-30 18:51:39.724 :  ** INFO: DNS Lookup for ec2-3-14-134-131.us-east-2.compute.amazonaws.com : 3.14.134.131
2025-08-30 18:51:39.942 :  ** INFO: RDS Instance rds-ex SQL Connectivity has been validated
2025-08-30 18:51:40.031 :  ** INFO: DNS Lookup for rds-ex.cscudvycznhh.us-east-2.rds.amazonaws.com : 3.150.45.6
2025-08-30 18:51:40.248 :  ** INFO: DNS Lookup for rds-ex.cscudvycznhh.us-east-2.rds.amazonaws.com : 3.150.45.6
2025-08-30 18:51:40.302 :  ** INFO: Duplicate Entry Found: Skipping SQL Data Collection for rds-ex.cscudvycznhh.us-east-2.rds.amazonaws.com
2025-08-30 18:51:40.355 :  ** INFO: Database Tsql Filter Created : SELECT [name] FROM [master].[sys].[databases] 
                    WHERE source_database_id IS NULL 
                        and [name] NOT IN('model','tempdb','master','msdb','distribution','ssisdb','rdsadmin','MVA-Data-Collection') 
                        and [name] NOT LIKE '%ReportServer%' 
                        and state_desc = 'ONLINE'  ORDER BY Name
2025-08-30 18:51:42.257 :  ** ERROR: Unable to Install SqlPackage.exe - DacPac being disabled
2025-08-30 18:51:42.308 :  ** INFO: Collecting SQL Schema Data: ec2-3-14-134-131.us-east-2.compute.amazonaws.com
2025-08-30 18:51:42.677 :  ** INFO: Beginning Export : SQL Database Schema : acme : ec2-3-14-134-131.us-east-2.compute.amazonaws.com
2025-08-30 18:51:42.735 :  ** ERROR: Creating DacPac : acme : Cannot process argument transformation on parameter 'Double'. Cannot convert value "System.String" to type "System.Boolean". Boolean parameters accept only Boolean values and numbers, such as $True, $False, 1 or 0.
2025-08-30 18:51:42.788 :  ** INFO: Collecting SQL Schema Data: rds-ex.cscudvycznhh.us-east-2.rds.amazonaws.com
2025-08-30 18:51:43.522 :  ** INFO: Beginning Export : SQL Database Schema : sampledb : rds-ex.cscudvycznhh.us-east-2.rds.amazonaws.com
2025-08-30 18:51:43.576 :  ** ERROR: Creating DacPac : sampledb : Cannot process argument transformation on parameter 'Double'. Cannot convert value "System.String" to type "System.Boolean". Boolean parameters accept only Boolean values and numbers, such as $True, $False, 1 or 0.
2025-08-30 18:51:43.629 :  ** INFO: No Data Collected
2025-08-30 18:52:59.557 :  ** INFO: Setting Script Path: /Users/philekins/Documents/Evolve/GitRepos/mva-data-collection
