2025-08-30 17:21:29.322 :  ** INFO: Logfile Path Set: /Users/philekins/Documents/Evolve/GitRepos/mva-data-collection/Export/083025172129/Log/MVA_Log_083025172129.log
2025-08-30 17:21:29.374 :  ** INFO: MVA Data Collection Script - Version : 1.0.8
2025-08-30 17:21:29.792 :  ** INFO: Parameter - CollectConnectionsOnly: False
2025-08-30 17:21:29.861 :  ** INFO: Parameter - ExportDacPacs: False
2025-08-30 17:21:29.913 :  ** INFO: Parameter - CollectCloudWatchData: False
2025-08-30 17:21:29.966 :  ** INFO: Parameter - CollectTsqlData: False
2025-08-30 17:21:30.019 :  ** INFO: Parameter - CleanUpEnvironment: False
2025-08-30 17:21:30.073 :  ** INFO: Parameter - SqlServerConnectionTimeout: 300
2025-08-30 17:21:30.127 :  ** INFO: Parameter - SqlServerQueryTimeout: 5
2025-08-30 17:21:30.178 :  ** INFO: Parameter - CloudWatchCollectionPeriod: 30
2025-08-30 17:21:30.231 :  ** INFO: Parameter - IncludeAllMsgs: True
2025-08-30 17:21:30.284 :  ** INFO: Parameter - ValidateResourcesOnly: True
2025-08-30 17:21:30.338 :  ** INFO: Parameter - AWSProfile: 
2025-08-30 17:21:30.390 :  ** INFO: Parameter - UseSSOLogin: False
2025-08-30 17:21:30.442 :  ** INFO: Parameter - SqlUser: admin
2025-08-30 17:21:30.495 :  ** INFO: Parameter - SqlPassword: *********
2025-08-30 17:21:30.547 :  ** INFO: Parameter - ExportPath: 
2025-08-30 17:21:30.599 :  ** INFO: Parameter - FileNameDelimiter: ~~~~
2025-08-30 17:21:30.651 :  ** INFO: Parameter - DebugMode: False
2025-08-30 17:21:30.936 :  ** INFO: AWS CLI v2.x Detected: Version aws-cli/2.28.21 Python/3.13.7 Darwin/24.6.0 source/arm64
2025-08-30 17:21:38.423 :  ** INFO: PS Version: 7.5.2
2025-08-30 17:21:39.946 :  ** ERROR: PS Module AWS.Tools.Common Missing
2025-08-30 17:21:43.298 :  ** INFO: PS Module AWSPowerShell Missing
2025-08-30 17:22:06.037 :  ** INFO: PS Module AWSPowerShell.NetCore Found: Version 5.0.29
2025-08-30 17:22:06.098 :  ** INFO: ValidateResourcesOnly Selected : Disabling all other collections
2025-08-30 17:22:12.038 :  ** ERROR: Call to Get-EC2Region -RegionName us-east-2 had errors : The term 'Get-EC2Region' is not recognized as a name of a cmdlet, function, script file, or executable program.
Check the spelling of the name, or if a path was included, verify that the path is correct and try again.
