2025-08-31 07:36:23.964 :  ** INFO: Logfile Path Set: /Users/philekins/Documents/Evolve/GitRepos/mva-data-collection/Export/083125073623/Log/MVA_Log_083125073623.log
2025-08-31 07:36:24.015 :  ** INFO: MVA Data Collection Script - Version : 1.0.8
2025-08-31 07:36:24.370 :  ** INFO: Parameter - CollectConnectionsOnly: False
2025-08-31 07:36:24.422 :  ** INFO: Parameter - ExportDacPacs: False
2025-08-31 07:36:24.475 :  ** INFO: Parameter - CollectCloudWatchData: True
2025-08-31 07:36:24.529 :  ** INFO: Parameter - CollectTsqlData: False
2025-08-31 07:36:24.582 :  ** INFO: Parameter - CleanUpEnvironment: False
2025-08-31 07:36:24.635 :  ** INFO: Parameter - SqlServerConnectionTimeout: 300
2025-08-31 07:36:24.688 :  ** INFO: Parameter - SqlServerQueryTimeout: 5
2025-08-31 07:36:24.742 :  ** INFO: Parameter - CloudWatchCollectionPeriod: 30
2025-08-31 07:36:24.795 :  ** INFO: Parameter - IncludeAllMsgs: True
2025-08-31 07:36:24.849 :  ** INFO: Parameter - ValidateResourcesOnly: False
2025-08-31 07:36:24.901 :  ** INFO: Parameter - AWSProfile: evolve
2025-08-31 07:36:24.954 :  ** INFO: Parameter - UseSSOLogin: False
2025-08-31 07:36:25.007 :  ** INFO: Parameter - SqlUser: admin
2025-08-31 07:36:25.060 :  ** INFO: Parameter - SqlPassword: *********
2025-08-31 07:36:25.114 :  ** INFO: Parameter - ExportPath: 
2025-08-31 07:36:25.167 :  ** INFO: Parameter - FileNameDelimiter: ~~~~
2025-08-31 07:36:25.219 :  ** INFO: Parameter - DebugMode: False
2025-08-31 07:36:25.493 :  ** INFO: AWS CLI v2.x Detected: Version aws-cli/2.28.21 Python/3.13.7 Darwin/24.6.0 source/arm64
2025-08-31 07:36:25.545 :  ** INFO: PS Version: 7.5.2
2025-08-31 07:36:25.619 :  ** INFO: PS Module AWS.Tools.Common Missing
2025-08-31 07:36:25.687 :  ** INFO: PS Module AWSPowerShell Missing
2025-08-31 07:36:25.757 :  ** INFO: PS Module AWSPowerShell.NetCore Found: Version 5.0.29
2025-08-31 07:36:25.809 :  ** INFO: Profile evolve Supplied: Validating
2025-08-31 07:36:26.521 :  ** INFO: Profile evolve Found
2025-08-31 07:36:26.573 :  ** INFO: Profile: User ID: AIDATNSDHDOVAB6RTZB4N
2025-08-31 07:36:26.625 :  ** INFO: Profile: Account: 235290434474
2025-08-31 07:36:26.676 :  ** INFO: Profile: ARN: arn:aws:iam::235290434474:user/pekins
2025-08-31 07:36:27.236 :  ** INFO: Region us-east-2 has been validated
2025-08-31 07:36:27.806 :  ** INFO: Instance i-034419e3c67ca1103 has been validated
2025-08-31 07:36:27.857 :  ** INFO: Instance i-034419e3c67ca1103 Private DNS Name Found: ec2-3-14-134-131.us-east-2.compute.amazonaws.com
2025-08-31 07:36:28.383 :  ** INFO: RDS Node rds-ex has been validated
2025-08-31 07:36:28.435 :  ** INFO: No TSQL Data Collection Specified : Skipping SQL Connectivity Test
2025-08-31 07:36:28.487 :  ** INFO: Database Tsql Filter Created : SELECT [name] FROM [master].[sys].[databases] 
                    WHERE source_database_id IS NULL 
                        and [name] NOT IN('model','tempdb','master','msdb','distribution','ssisdb','rdsadmin','MVA-Data-Collection') 
                        and [name] NOT LIKE '%ReportServer%' 
                        and state_desc = 'ONLINE'  ORDER BY Name
2025-08-31 07:38:24.888 :  ** INFO: Setting Script Path: /Users/philekins/Documents/Evolve/GitRepos/mva-data-collection
