2025-08-31 07:11:48.550 :  ** INFO: Logfile Path Set: /Users/philekins/Documents/Evolve/GitRepos/mva-data-collection/Export/083125071148/Log/MVA_Log_083125071148.log
2025-08-31 07:11:48.602 :  ** INFO: MVA Data Collection Script - Version : 1.0.8
2025-08-31 07:11:49.103 :  ** INFO: Parameter - CollectConnectionsOnly: False
2025-08-31 07:11:49.156 :  ** INFO: Parameter - ExportDacPacs: False
2025-08-31 07:11:49.209 :  ** INFO: Parameter - CollectCloudWatchData: True
2025-08-31 07:11:49.261 :  ** INFO: Parameter - CollectTsqlData: False
2025-08-31 07:11:49.313 :  ** INFO: Parameter - CleanUpEnvironment: False
2025-08-31 07:11:49.365 :  ** INFO: Parameter - SqlServerConnectionTimeout: 300
2025-08-31 07:11:49.418 :  ** INFO: Parameter - SqlServerQueryTimeout: 5
2025-08-31 07:11:49.472 :  ** INFO: Parameter - CloudWatchCollectionPeriod: 30
2025-08-31 07:11:49.525 :  ** INFO: Parameter - IncludeAllMsgs: True
2025-08-31 07:11:49.578 :  ** INFO: Parameter - ValidateResourcesOnly: False
2025-08-31 07:11:49.633 :  ** INFO: Parameter - AWSProfile: evolve
2025-08-31 07:11:49.686 :  ** INFO: Parameter - UseSSOLogin: False
2025-08-31 07:11:49.739 :  ** INFO: Parameter - SqlUser: admin
2025-08-31 07:11:49.792 :  ** INFO: Parameter - SqlPassword: *********
2025-08-31 07:11:49.845 :  ** INFO: Parameter - ExportPath: 
2025-08-31 07:11:49.897 :  ** INFO: Parameter - FileNameDelimiter: ~~~~
2025-08-31 07:11:49.950 :  ** INFO: Parameter - DebugMode: False
2025-08-31 07:11:50.436 :  ** INFO: AWS CLI v2.x Detected: Version aws-cli/2.28.21 Python/3.13.7 Darwin/24.6.0 source/arm64
2025-08-31 07:11:50.489 :  ** INFO: PS Version: 7.5.2
2025-08-31 07:11:50.576 :  ** INFO: PS Module AWS.Tools.Common Missing
2025-08-31 07:11:50.643 :  ** INFO: PS Module AWSPowerShell Missing
2025-08-31 07:11:50.715 :  ** INFO: PS Module AWSPowerShell.NetCore Found: Version 5.0.29
2025-08-31 07:11:50.767 :  ** INFO: Profile evolve Supplied: Validating
2025-08-31 07:11:51.484 :  ** INFO: Profile evolve Found
2025-08-31 07:11:51.539 :  ** INFO: Profile: User ID: AIDATNSDHDOVAB6RTZB4N
2025-08-31 07:11:51.590 :  ** INFO: Profile: Account: 235290434474
2025-08-31 07:11:51.642 :  ** INFO: Profile: ARN: arn:aws:iam::235290434474:user/pekins
2025-08-31 07:11:52.241 :  ** INFO: Region us-east-2 has been validated
2025-08-31 07:11:52.892 :  ** INFO: Instance i-034419e3c67ca1103 has been validated
2025-08-31 07:11:52.944 :  ** INFO: Instance i-034419e3c67ca1103 Private DNS Name Found: ec2-3-14-134-131.us-east-2.compute.amazonaws.com
2025-08-31 07:11:53.549 :  ** INFO: RDS Node rds-ex has been validated
2025-08-31 07:11:53.602 :  ** INFO: No TSQL Data Collection Specified : Skipping SQL Connectivity Test
2025-08-31 07:11:53.654 :  ** INFO: Database Tsql Filter Created : SELECT [name] FROM [master].[sys].[databases] 
                    WHERE source_database_id IS NULL 
                        and [name] NOT IN('model','tempdb','master','msdb','distribution','ssisdb','rdsadmin','MVA-Data-Collection') 
                        and [name] NOT LIKE '%ReportServer%' 
                        and state_desc = 'ONLINE'  ORDER BY Name
2025-08-31 07:12:17.260 :  ** INFO: Setting Script Path: /Users/philekins/Documents/Evolve/GitRepos/mva-data-collection
