2025-08-30 17:35:45.955 :  ** INFO: Logfile Path Set: /Users/philekins/Documents/Evolve/GitRepos/mva-data-collection/Export/083025173545/Log/MVA_Log_083025173545.log
2025-08-30 17:35:46.015 :  ** INFO: MVA Data Collection Script - Version : 1.0.8
2025-08-30 17:35:46.380 :  ** INFO: Parameter - CollectConnectionsOnly: False
2025-08-30 17:35:46.434 :  ** INFO: Parameter - ExportDacPacs: False
2025-08-30 17:35:46.486 :  ** INFO: Parameter - CollectCloudWatchData: False
2025-08-30 17:35:46.538 :  ** INFO: Parameter - CollectTsqlData: False
2025-08-30 17:35:46.590 :  ** INFO: Parameter - CleanUpEnvironment: False
2025-08-30 17:35:46.642 :  ** INFO: Parameter - SqlServerConnectionTimeout: 300
2025-08-30 17:35:46.694 :  ** INFO: Parameter - SqlServerQueryTimeout: 5
2025-08-30 17:35:46.746 :  ** INFO: Parameter - CloudWatchCollectionPeriod: 30
2025-08-30 17:35:46.798 :  ** INFO: Parameter - IncludeAllMsgs: True
2025-08-30 17:35:46.850 :  ** INFO: Parameter - ValidateResourcesOnly: True
2025-08-30 17:35:46.903 :  ** INFO: Parameter - AWSProfile: 
2025-08-30 17:35:46.955 :  ** INFO: Parameter - UseSSOLogin: False
2025-08-30 17:35:47.009 :  ** INFO: Parameter - SqlUser: admin
2025-08-30 17:35:47.064 :  ** INFO: Parameter - SqlPassword: *********
2025-08-30 17:35:47.117 :  ** INFO: Parameter - ExportPath: 
2025-08-30 17:35:47.172 :  ** INFO: Parameter - FileNameDelimiter: ~~~~
2025-08-30 17:35:47.227 :  ** INFO: Parameter - DebugMode: False
2025-08-30 17:35:47.495 :  ** INFO: AWS CLI v2.x Detected: Version aws-cli/2.28.21 Python/3.13.7 Darwin/24.6.0 source/arm64
2025-08-30 17:35:51.192 :  ** INFO: PS Version: 7.5.2
2025-08-30 17:35:53.028 :  ** ERROR: PS Module AWS.Tools.Common Missing
2025-08-30 17:35:57.843 :  ** INFO: PS Module AWSPowerShell Found: Version 5.0.45
2025-08-30 17:35:59.775 :  ** INFO: PS Module AWSPowerShell.NetCore Found: Version 5.0.29
2025-08-30 17:35:59.848 :  ** INFO: ValidateResourcesOnly Selected : Disabling all other collections
2025-08-30 17:36:10.418 :  ** ERROR: Call to Get-EC2Region -RegionName us-east-2 had errors : The term 'Get-EC2Region' is not recognized as a name of a cmdlet, function, script file, or executable program.
Check the spelling of the name, or if a path was included, verify that the path is correct and try again.
2025-08-30 17:36:35.213 :  ** INFO: Setting Script Path: /Users/philekins/Documents/Evolve/GitRepos/mva-data-collection
