2025-08-30 17:16:04.737 :  ** INFO: Logfile Path Set: /Users/philekins/Documents/Evolve/GitRepos/mva-data-collection/Export/083025171604/Log/MVA_Log_083025171604.log
2025-08-30 17:16:04.789 :  ** INFO: MVA Data Collection Script - Version : 1.0.8
2025-08-30 17:16:05.188 :  ** INFO: Parameter - CollectConnectionsOnly: False
2025-08-30 17:16:05.240 :  ** INFO: Parameter - ExportDacPacs: False
2025-08-30 17:16:05.293 :  ** INFO: Parameter - CollectCloudWatchData: False
2025-08-30 17:16:05.345 :  ** INFO: Parameter - CollectTsqlData: False
2025-08-30 17:16:05.397 :  ** INFO: Parameter - CleanUpEnvironment: False
2025-08-30 17:16:05.450 :  ** INFO: Parameter - SqlServerConnectionTimeout: 300
2025-08-30 17:16:05.505 :  ** INFO: Parameter - SqlServerQueryTimeout: 5
2025-08-30 17:16:05.559 :  ** INFO: Parameter - CloudWatchCollectionPeriod: 30
2025-08-30 17:16:05.613 :  ** INFO: Parameter - IncludeAllMsgs: True
2025-08-30 17:16:05.667 :  ** INFO: Parameter - ValidateResourcesOnly: True
2025-08-30 17:16:05.721 :  ** INFO: Parameter - AWSProfile: 
2025-08-30 17:16:05.774 :  ** INFO: Parameter - UseSSOLogin: False
2025-08-30 17:16:05.828 :  ** INFO: Parameter - SqlUser: admin
2025-08-30 17:16:05.882 :  ** INFO: Parameter - SqlPassword: *********
2025-08-30 17:16:05.936 :  ** INFO: Parameter - ExportPath: 
2025-08-30 17:16:05.991 :  ** INFO: Parameter - FileNameDelimiter: ~~~~
2025-08-30 17:16:06.046 :  ** INFO: Parameter - DebugMode: False
2025-08-30 17:16:06.355 :  ** INFO: AWS CLI v2.x Detected: Version aws-cli/2.28.21 Python/3.13.7 Darwin/24.6.0 source/arm64
2025-08-30 17:16:13.073 :  ** INFO: PS Version: 7.5.2
2025-08-30 17:16:16.361 :  ** INFO: PS Module AWS.Tools.Common Found: Version 5.0.45
2025-08-30 17:16:18.439 :  ** INFO: PS Module AWSPowerShell Missing
2025-08-30 17:16:21.490 :  ** INFO: PS Module AWSPowerShell.NetCore Found: Version 5.0.29
2025-08-30 17:16:33.323 :  ** INFO: ValidateResourcesOnly Selected : Disabling all other collections
2025-08-30 17:20:11.447 :  ** ERROR: Call to Get-EC2Region -RegionName us-east-2 had errors : The term 'Get-EC2Region' is not recognized as a name of a cmdlet, function, script file, or executable program.
Check the spelling of the name, or if a path was included, verify that the path is correct and try again.
2025-08-30 17:21:29.268 :  ** INFO: Setting Script Path: /Users/philekins/Documents/Evolve/GitRepos/mva-data-collection
