2025-08-31 10:39:22.897 :  ** INFO: Logfile Path Set: /Users/philekins/Documents/Evolve/GitRepos/mva-data-collection/Export/083125103922/Log/MVA_Log_083125103922.log
2025-08-31 10:39:22.949 :  ** INFO: MVA Data Collection Script - Version : 1.0.8
2025-08-31 10:39:23.386 :  ** INFO: Parameter - CollectConnectionsOnly: False
2025-08-31 10:39:23.439 :  ** INFO: Parameter - ExportDacPacs: False
2025-08-31 10:39:23.493 :  ** INFO: Parameter - CollectCloudWatchData: True
2025-08-31 10:39:23.546 :  ** INFO: Parameter - CollectTsqlData: False
2025-08-31 10:39:23.599 :  ** INFO: Parameter - CleanUpEnvironment: False
2025-08-31 10:39:23.652 :  ** INFO: Parameter - SqlServerConnectionTimeout: 300
2025-08-31 10:39:23.706 :  ** INFO: Parameter - SqlServerQueryTimeout: 5
2025-08-31 10:39:23.772 :  ** INFO: Parameter - CloudWatchCollectionPeriod: 30
2025-08-31 10:39:23.824 :  ** INFO: Parameter - IncludeAllMsgs: True
2025-08-31 10:39:23.877 :  ** INFO: Parameter - ValidateResourcesOnly: False
2025-08-31 10:39:23.931 :  ** INFO: Parameter - AWSProfile: evolve
2025-08-31 10:39:23.985 :  ** INFO: Parameter - UseSSOLogin: False
2025-08-31 10:39:24.038 :  ** INFO: Parameter - SqlUser: admin
2025-08-31 10:39:24.091 :  ** INFO: Parameter - SqlPassword: *********
2025-08-31 10:39:24.144 :  ** INFO: Parameter - ExportPath: 
2025-08-31 10:39:24.195 :  ** INFO: Parameter - FileNameDelimiter: ~~~~
2025-08-31 10:39:24.246 :  ** INFO: Parameter - DebugMode: True
2025-08-31 10:39:24.529 :  ** INFO: AWS CLI v2.x Detected: Version aws-cli/2.28.21 Python/3.13.7 Darwin/24.6.0 source/arm64
2025-08-31 10:39:24.581 :  ** INFO: PS Version: 7.5.2
2025-08-31 10:39:24.666 :  ** INFO: PS Module AWS.Tools.Common Missing
2025-08-31 10:39:24.735 :  ** INFO: PS Module AWSPowerShell Missing
2025-08-31 10:39:24.806 :  ** INFO: PS Module AWSPowerShell.NetCore Found: Version 5.0.29
2025-08-31 10:39:24.858 :  ** INFO: Profile evolve Supplied: Validating
2025-08-31 10:39:25.561 :  ** INFO: Profile evolve Found
2025-08-31 10:39:25.613 :  ** INFO: Profile: User ID: AIDATNSDHDOVAB6RTZB4N
2025-08-31 10:39:25.664 :  ** INFO: Profile: Account: 235290434474
2025-08-31 10:39:25.716 :  ** INFO: Profile: ARN: arn:aws:iam::235290434474:user/pekins
2025-08-31 10:39:26.323 :  ** INFO: Region us-east-2 has been validated
2025-08-31 10:39:26.975 :  ** INFO: Instance i-034419e3c67ca1103 has been validated
2025-08-31 10:39:27.026 :  ** INFO: Instance i-034419e3c67ca1103 Private DNS Name Found: ec2-3-14-134-131.us-east-2.compute.amazonaws.com
2025-08-31 10:39:27.669 :  ** INFO: Instance i-041f169de8a947192 has been validated
2025-08-31 10:39:27.721 :  ** INFO: Instance i-041f169de8a947192 Private DNS Name Found: ec2-3-140-195-51.us-east-2.compute.amazonaws.com
2025-08-31 10:39:28.295 :  ** INFO: RDS Node rds-ex has been validated
2025-08-31 10:39:28.348 :  ** INFO: No TSQL Data Collection Specified : Skipping SQL Connectivity Test
2025-08-31 10:39:28.399 :  ** INFO: Database Tsql Filter Created : SELECT [name] FROM [master].[sys].[databases] 
                    WHERE source_database_id IS NULL 
                        and [name] NOT IN('model','tempdb','master','msdb','distribution','ssisdb','rdsadmin','MVA-Data-Collection') 
                        and [name] NOT LIKE '%ReportServer%' 
                        and state_desc = 'ONLINE'  ORDER BY Name
2025-08-31 10:39:44.303 :  ** INFO: Exported EC2 CW Metric CPUUtilization : i-034419e3c67ca1103
2025-08-31 10:39:58.087 :  ** INFO: Exported EC2 CW Metric EBSReadOps : i-034419e3c67ca1103
2025-08-31 10:40:11.874 :  ** INFO: Exported EC2 CW Metric EBSWriteOps : i-034419e3c67ca1103
2025-08-31 10:40:26.149 :  ** INFO: Exported EC2 CW Metric EBSReadBytes : i-034419e3c67ca1103
2025-08-31 10:40:39.783 :  ** INFO: Exported EC2 CW Metric EBSWriteBytes : i-034419e3c67ca1103
2025-08-31 10:40:54.945 :  ** INFO: Exported EC2 CW Metric NetworkIn : i-034419e3c67ca1103
2025-08-31 10:41:09.342 :  ** INFO: Exported EC2 CW Metric NetworkOut : i-034419e3c67ca1103
2025-08-31 10:41:23.065 :  ** INFO: Exported EC2 CW Metric NetworkPacketsIn : i-034419e3c67ca1103
2025-08-31 10:41:36.842 :  ** INFO: Exported EC2 CW Metric NetworkPacketsOut : i-034419e3c67ca1103
2025-08-31 10:41:51.320 :  ** INFO: Exported EBS CW Metric VolumeReadOps : i-034419e3c67ca1103 : vol-024e54ed9ce836fe7
2025-08-31 10:42:05.473 :  ** INFO: Exported EBS CW Metric VolumeWriteOps : i-034419e3c67ca1103 : vol-024e54ed9ce836fe7
2025-08-31 10:42:19.160 :  ** INFO: Exported EBS CW Metric VolumeReadBytes : i-034419e3c67ca1103 : vol-024e54ed9ce836fe7
2025-08-31 10:42:32.813 :  ** INFO: Exported EBS CW Metric VolumeWriteBytes : i-034419e3c67ca1103 : vol-024e54ed9ce836fe7
2025-08-31 10:42:46.253 :  ** INFO: Exported EBS CW Metric VolumeReadOps : i-034419e3c67ca1103 : vol-0e74c238d36a4d8c2
2025-08-31 10:42:59.586 :  ** INFO: Exported EBS CW Metric VolumeWriteOps : i-034419e3c67ca1103 : vol-0e74c238d36a4d8c2
2025-08-31 10:43:13.437 :  ** INFO: Exported EBS CW Metric VolumeReadBytes : i-034419e3c67ca1103 : vol-0e74c238d36a4d8c2
2025-08-31 10:43:26.985 :  ** INFO: Exported EBS CW Metric VolumeWriteBytes : i-034419e3c67ca1103 : vol-0e74c238d36a4d8c2
2025-08-31 10:43:39.615 :  ** INFO: Exported EC2 CW Metric CPUUtilization : i-041f169de8a947192
2025-08-31 10:43:52.423 :  ** INFO: Exported EC2 CW Metric EBSReadOps : i-041f169de8a947192
2025-08-31 10:44:05.101 :  ** INFO: Exported EC2 CW Metric EBSWriteOps : i-041f169de8a947192
2025-08-31 10:44:17.633 :  ** INFO: Exported EC2 CW Metric EBSReadBytes : i-041f169de8a947192
2025-08-31 10:44:30.205 :  ** INFO: Exported EC2 CW Metric EBSWriteBytes : i-041f169de8a947192
2025-08-31 10:44:42.731 :  ** INFO: Exported EC2 CW Metric NetworkIn : i-041f169de8a947192
2025-08-31 10:44:55.340 :  ** INFO: Exported EC2 CW Metric NetworkOut : i-041f169de8a947192
2025-08-31 10:45:07.913 :  ** INFO: Exported EC2 CW Metric NetworkPacketsIn : i-041f169de8a947192
2025-08-31 10:45:21.434 :  ** INFO: Exported EC2 CW Metric NetworkPacketsOut : i-041f169de8a947192
2025-08-31 10:45:34.628 :  ** INFO: Exported EBS CW Metric VolumeReadOps : i-041f169de8a947192 : vol-0532ee40b15815d2f
2025-08-31 10:45:47.233 :  ** INFO: Exported EBS CW Metric VolumeWriteOps : i-041f169de8a947192 : vol-0532ee40b15815d2f
2025-08-31 10:46:00.174 :  ** INFO: Exported EBS CW Metric VolumeReadBytes : i-041f169de8a947192 : vol-0532ee40b15815d2f
2025-08-31 10:46:13.077 :  ** INFO: Exported EBS CW Metric VolumeWriteBytes : i-041f169de8a947192 : vol-0532ee40b15815d2f
2025-08-31 10:46:25.697 :  ** INFO: Exported EBS CW Metric VolumeReadOps : i-041f169de8a947192 : vol-0442aa55f71d378a6
2025-08-31 10:46:38.305 :  ** INFO: Exported EBS CW Metric VolumeWriteOps : i-041f169de8a947192 : vol-0442aa55f71d378a6
2025-08-31 10:46:51.073 :  ** INFO: Exported EBS CW Metric VolumeReadBytes : i-041f169de8a947192 : vol-0442aa55f71d378a6
2025-08-31 10:47:03.564 :  ** INFO: Exported EBS CW Metric VolumeWriteBytes : i-041f169de8a947192 : vol-0442aa55f71d378a6
2025-08-31 11:00:32.443 :  ** INFO: Debug Mode Enabled
2025-08-31 11:00:32.495 :  ** INFO: Setting Script Path: /Users/philekins/Documents/Evolve/GitRepos/mva-data-collection
