2025-08-30 18:44:28.382 :  ** INFO: Logfile Path Set: /Users/philekins/Documents/Evolve/GitRepos/mva-data-collection/Export/083025184428/Log/MVA_Log_083025184428.log
2025-08-30 18:44:28.433 :  ** INFO: MVA Data Collection Script - Version : 1.0.8
2025-08-30 18:44:29.053 :  ** INFO: Parameter - CollectConnectionsOnly: False
2025-08-30 18:44:29.105 :  ** INFO: Parameter - ExportDacPacs: False
2025-08-30 18:44:29.158 :  ** INFO: Parameter - CollectCloudWatchData: False
2025-08-30 18:44:29.211 :  ** INFO: Parameter - CollectTsqlData: False
2025-08-30 18:44:29.264 :  ** INFO: Parameter - CleanUpEnvironment: False
2025-08-30 18:44:29.317 :  ** INFO: Parameter - SqlServerConnectionTimeout: 300
2025-08-30 18:44:29.369 :  ** INFO: Parameter - SqlServerQueryTimeout: 5
2025-08-30 18:44:29.422 :  ** INFO: Parameter - CloudWatchCollectionPeriod: 30
2025-08-30 18:44:29.473 :  ** INFO: Parameter - IncludeAllMsgs: True
2025-08-30 18:44:29.525 :  ** INFO: Parameter - ValidateResourcesOnly: True
2025-08-30 18:44:29.576 :  ** INFO: Parameter - AWSProfile: evolve
2025-08-30 18:44:29.628 :  ** INFO: Parameter - UseSSOLogin: False
2025-08-30 18:44:29.680 :  ** INFO: Parameter - SqlUser: admin
2025-08-30 18:44:29.731 :  ** INFO: Parameter - SqlPassword: *********
2025-08-30 18:44:29.783 :  ** INFO: Parameter - ExportPath: 
2025-08-30 18:44:29.834 :  ** INFO: Parameter - FileNameDelimiter: ~~~~
2025-08-30 18:44:29.887 :  ** INFO: Parameter - DebugMode: False
2025-08-30 18:44:30.286 :  ** INFO: AWS CLI v2.x Detected: Version aws-cli/2.28.21 Python/3.13.7 Darwin/24.6.0 source/arm64
2025-08-30 18:44:30.385 :  ** INFO: PS Version: 7.5.2
2025-08-30 18:44:30.450 :  ** INFO: PS Module AWS.Tools.Common Missing
2025-08-30 18:44:30.517 :  ** INFO: PS Module AWSPowerShell Missing
2025-08-30 18:44:30.588 :  ** INFO: PS Module AWSPowerShell.NetCore Found: Version 5.0.29
2025-08-30 18:44:30.640 :  ** INFO: ValidateResourcesOnly Selected : Disabling all other collections
2025-08-30 18:44:30.691 :  ** INFO: Profile evolve Supplied: Validating
2025-08-30 18:44:31.395 :  ** INFO: Profile evolve Found
2025-08-30 18:44:31.448 :  ** INFO: Profile: User ID: AIDATNSDHDOVAB6RTZB4N
2025-08-30 18:44:31.500 :  ** INFO: Profile: Account: 235290434474
2025-08-30 18:44:31.552 :  ** INFO: Profile: ARN: arn:aws:iam::235290434474:user/pekins
2025-08-30 18:44:32.129 :  ** INFO: Region us-east-2 has been validated
2025-08-30 18:44:32.768 :  ** INFO: Instance i-034419e3c67ca1103 has been validated
2025-08-30 18:44:33.209 :  ** INFO: Setting Script Path: /Users/philekins/Documents/Evolve/GitRepos/mva-data-collection
