2025-08-30 19:28:20.625 :  ** INFO: Logfile Path Set: /Users/philekins/Documents/Evolve/GitRepos/mva-data-collection/Export/083025192820/Log/MVA_Log_083025192820.log
2025-08-30 19:28:20.676 :  ** INFO: MVA Data Collection Script - Version : 1.0.8
2025-08-30 19:28:21.030 :  ** INFO: Parameter - CollectConnectionsOnly: False
2025-08-30 19:28:21.097 :  ** INFO: Parameter - ExportDacPacs: False
2025-08-30 19:28:21.149 :  ** INFO: Parameter - CollectCloudWatchData: True
2025-08-30 19:28:21.201 :  ** INFO: Parameter - CollectTsqlData: False
2025-08-30 19:28:21.254 :  ** INFO: Parameter - CleanUpEnvironment: False
2025-08-30 19:28:21.308 :  ** INFO: Parameter - SqlServerConnectionTimeout: 300
2025-08-30 19:28:21.361 :  ** INFO: Parameter - SqlServerQueryTimeout: 5
2025-08-30 19:28:21.414 :  ** INFO: Parameter - CloudWatchCollectionPeriod: 30
2025-08-30 19:28:21.467 :  ** INFO: Parameter - IncludeAllMsgs: True
2025-08-30 19:28:21.521 :  ** INFO: Parameter - ValidateResourcesOnly: False
2025-08-30 19:28:21.574 :  ** INFO: Parameter - AWSProfile: evolve
2025-08-30 19:28:21.627 :  ** INFO: Parameter - UseSSOLogin: False
2025-08-30 19:28:21.680 :  ** INFO: Parameter - SqlUser: admin
2025-08-30 19:28:21.733 :  ** INFO: Parameter - SqlPassword: *********
2025-08-30 19:28:21.787 :  ** INFO: Parameter - ExportPath: 
2025-08-30 19:28:21.840 :  ** INFO: Parameter - FileNameDelimiter: ~~~~
2025-08-30 19:28:21.891 :  ** INFO: Parameter - DebugMode: False
2025-08-30 19:28:22.264 :  ** INFO: AWS CLI v2.x Detected: Version aws-cli/2.28.21 Python/3.13.7 Darwin/24.6.0 source/arm64
2025-08-30 19:28:22.315 :  ** INFO: PS Version: 7.5.2
2025-08-30 19:28:22.397 :  ** INFO: PS Module AWS.Tools.Common Missing
2025-08-30 19:28:22.465 :  ** INFO: PS Module AWSPowerShell Missing
2025-08-30 19:28:22.536 :  ** INFO: PS Module AWSPowerShell.NetCore Found: Version 5.0.29
2025-08-30 19:28:22.588 :  ** INFO: Profile evolve Supplied: Validating
2025-08-30 19:28:23.242 :  ** INFO: Profile evolve Found
2025-08-30 19:28:23.293 :  ** INFO: Profile: User ID: AIDATNSDHDOVAB6RTZB4N
2025-08-30 19:28:23.343 :  ** INFO: Profile: Account: 235290434474
2025-08-30 19:28:23.395 :  ** INFO: Profile: ARN: arn:aws:iam::235290434474:user/pekins
2025-08-30 19:28:23.954 :  ** INFO: Region us-east-2 has been validated
2025-08-30 19:28:24.532 :  ** INFO: Instance i-034419e3c67ca1103 has been validated
2025-08-30 19:28:24.584 :  ** INFO: Instance i-034419e3c67ca1103 Private DNS Name Found: ec2-3-14-134-131.us-east-2.compute.amazonaws.com
2025-08-30 19:28:25.169 :  ** INFO: RDS Node rds-ex has been validated
2025-08-30 19:28:25.222 :  ** INFO: No TSQL Data Collection Specified : Skipping SQL Connectivity Test
2025-08-30 19:28:25.273 :  ** INFO: Database Tsql Filter Created : SELECT [name] FROM [master].[sys].[databases] 
                    WHERE source_database_id IS NULL 
                        and [name] NOT IN('model','tempdb','master','msdb','distribution','ssisdb','rdsadmin','MVA-Data-Collection') 
                        and [name] NOT LIKE '%ReportServer%' 
                        and state_desc = 'ONLINE'  ORDER BY Name
2025-08-30 19:30:45.206 :  ** INFO: Setting Script Path: /Users/philekins/Documents/Evolve/GitRepos/mva-data-collection
