2025-08-30 18:09:49.599 :  ** INFO: Logfile Path Set: /Users/philekins/Documents/Evolve/GitRepos/mva-data-collection/Export/083025180949/Log/MVA_Log_083025180949.log
2025-08-30 18:09:49.651 :  ** INFO: MVA Data Collection Script - Version : 1.0.8
2025-08-30 18:09:49.973 :  ** INFO: Parameter - CollectConnectionsOnly: False
2025-08-30 18:09:50.025 :  ** INFO: Parameter - ExportDacPacs: False
2025-08-30 18:09:50.078 :  ** INFO: Parameter - CollectCloudWatchData: False
2025-08-30 18:09:50.131 :  ** INFO: Parameter - CollectTsqlData: False
2025-08-30 18:09:50.184 :  ** INFO: Parameter - CleanUpEnvironment: False
2025-08-30 18:09:50.237 :  ** INFO: Parameter - SqlServerConnectionTimeout: 300
2025-08-30 18:09:50.290 :  ** INFO: Parameter - SqlServerQueryTimeout: 5
2025-08-30 18:09:50.355 :  ** INFO: Parameter - CloudWatchCollectionPeriod: 30
2025-08-30 18:09:50.406 :  ** INFO: Parameter - IncludeAllMsgs: True
2025-08-30 18:09:50.459 :  ** INFO: Parameter - ValidateResourcesOnly: True
2025-08-30 18:09:50.512 :  ** INFO: Parameter - AWSProfile: evolve
2025-08-30 18:09:50.566 :  ** INFO: Parameter - UseSSOLogin: False
2025-08-30 18:09:50.619 :  ** INFO: Parameter - SqlUser: admin
2025-08-30 18:09:50.673 :  ** INFO: Parameter - SqlPassword: *********
2025-08-30 18:09:50.726 :  ** INFO: Parameter - ExportPath: 
2025-08-30 18:09:50.780 :  ** INFO: Parameter - FileNameDelimiter: ~~~~
2025-08-30 18:09:50.832 :  ** INFO: Parameter - DebugMode: False
2025-08-30 18:09:51.105 :  ** INFO: AWS CLI v2.x Detected: Version aws-cli/2.28.21 Python/3.13.7 Darwin/24.6.0 source/arm64
2025-08-30 18:09:51.198 :  ** INFO: PS Version: 7.5.2
2025-08-30 18:09:51.265 :  ** INFO: PS Module AWS.Tools.Common Missing
2025-08-30 18:09:51.331 :  ** INFO: PS Module AWSPowerShell Missing
2025-08-30 18:09:51.401 :  ** INFO: PS Module AWSPowerShell.NetCore Found: Version 5.0.29
2025-08-30 18:09:51.453 :  ** INFO: ValidateResourcesOnly Selected : Disabling all other collections
2025-08-30 18:09:51.504 :  ** INFO: Profile evolve Supplied: Validating
2025-08-30 18:12:13.084 :  ** INFO: Setting Script Path: /Users/philekins/Documents/Evolve/GitRepos/mva-data-collection
