2025-08-31 07:45:20.277 :  ** INFO: Logfile Path Set: /Users/philekins/Documents/Evolve/GitRepos/mva-data-collection/Export/083125074520/Log/MVA_Log_083125074520.log
2025-08-31 07:45:20.329 :  ** INFO: MVA Data Collection Script - Version : 1.0.8
2025-08-31 07:45:20.670 :  ** INFO: Parameter - CollectConnectionsOnly: False
2025-08-31 07:45:20.723 :  ** INFO: Parameter - ExportDacPacs: False
2025-08-31 07:45:20.777 :  ** INFO: Parameter - CollectCloudWatchData: True
2025-08-31 07:45:20.830 :  ** INFO: Parameter - CollectTsqlData: False
2025-08-31 07:45:20.883 :  ** INFO: Parameter - CleanUpEnvironment: False
2025-08-31 07:45:20.952 :  ** INFO: Parameter - SqlServerConnectionTimeout: 300
2025-08-31 07:45:21.004 :  ** INFO: Parameter - SqlServerQueryTimeout: 5
2025-08-31 07:45:21.058 :  ** INFO: Parameter - CloudWatchCollectionPeriod: 30
2025-08-31 07:45:21.111 :  ** INFO: Parameter - IncludeAllMsgs: True
2025-08-31 07:45:21.164 :  ** INFO: Parameter - ValidateResourcesOnly: False
2025-08-31 07:45:21.218 :  ** INFO: Parameter - AWSProfile: evolve
2025-08-31 07:45:21.271 :  ** INFO: Parameter - UseSSOLogin: False
2025-08-31 07:45:21.324 :  ** INFO: Parameter - SqlUser: admin
2025-08-31 07:45:21.377 :  ** INFO: Parameter - SqlPassword: *********
2025-08-31 07:45:21.430 :  ** INFO: Parameter - ExportPath: 
2025-08-31 07:45:21.483 :  ** INFO: Parameter - FileNameDelimiter: ~~~~
2025-08-31 07:45:21.536 :  ** INFO: Parameter - DebugMode: True
2025-08-31 07:45:21.841 :  ** INFO: AWS CLI v2.x Detected: Version aws-cli/2.28.21 Python/3.13.7 Darwin/24.6.0 source/arm64
2025-08-31 07:45:21.893 :  ** INFO: PS Version: 7.5.2
2025-08-31 07:45:21.971 :  ** INFO: PS Module AWS.Tools.Common Missing
2025-08-31 07:45:22.039 :  ** INFO: PS Module AWSPowerShell Missing
2025-08-31 07:45:22.110 :  ** INFO: PS Module AWSPowerShell.NetCore Found: Version 5.0.29
2025-08-31 07:45:22.161 :  ** INFO: Profile evolve Supplied: Validating
2025-08-31 07:45:22.813 :  ** INFO: Profile evolve Found
2025-08-31 07:45:22.865 :  ** INFO: Profile: User ID: AIDATNSDHDOVAB6RTZB4N
2025-08-31 07:45:22.917 :  ** INFO: Profile: Account: 235290434474
2025-08-31 07:45:22.968 :  ** INFO: Profile: ARN: arn:aws:iam::235290434474:user/pekins
2025-08-31 07:45:23.518 :  ** INFO: Region us-east-2 has been validated
2025-08-31 07:45:24.096 :  ** INFO: Instance i-034419e3c67ca1103 has been validated
2025-08-31 07:45:24.147 :  ** INFO: Instance i-034419e3c67ca1103 Private DNS Name Found: ec2-3-14-134-131.us-east-2.compute.amazonaws.com
2025-08-31 07:45:24.726 :  ** INFO: RDS Node rds-ex has been validated
2025-08-31 07:45:24.779 :  ** INFO: No TSQL Data Collection Specified : Skipping SQL Connectivity Test
2025-08-31 07:45:24.830 :  ** INFO: Database Tsql Filter Created : SELECT [name] FROM [master].[sys].[databases] 
                    WHERE source_database_id IS NULL 
                        and [name] NOT IN('model','tempdb','master','msdb','distribution','ssisdb','rdsadmin','MVA-Data-Collection') 
                        and [name] NOT LIKE '%ReportServer%' 
                        and state_desc = 'ONLINE'  ORDER BY Name
2025-08-31 07:46:22.912 :  ** INFO: Debug Mode Enabled
2025-08-31 07:46:22.964 :  ** INFO: Setting Script Path: /Users/philekins/Documents/Evolve/GitRepos/mva-data-collection
