2025-08-31 07:17:29.385 :  ** INFO: Logfile Path Set: /Users/philekins/Documents/Evolve/GitRepos/mva-data-collection/Export/083125071729/Log/MVA_Log_083125071729.log
2025-08-31 07:17:29.437 :  ** INFO: MVA Data Collection Script - Version : 1.0.8
2025-08-31 07:17:29.963 :  ** INFO: Parameter - CollectConnectionsOnly: False
2025-08-31 07:17:30.016 :  ** INFO: Parameter - ExportDacPacs: False
2025-08-31 07:17:30.068 :  ** INFO: Parameter - CollectCloudWatchData: True
2025-08-31 07:17:30.139 :  ** INFO: Parameter - CollectTsqlData: False
2025-08-31 07:17:30.191 :  ** INFO: Parameter - CleanUpEnvironment: False
2025-08-31 07:17:30.245 :  ** INFO: Parameter - SqlServerConnectionTimeout: 300
2025-08-31 07:17:30.298 :  ** INFO: Parameter - SqlServerQueryTimeout: 5
2025-08-31 07:17:30.351 :  ** INFO: Parameter - CloudWatchCollectionPeriod: 30
2025-08-31 07:17:30.405 :  ** INFO: Parameter - IncludeAllMsgs: True
2025-08-31 07:17:30.458 :  ** INFO: Parameter - ValidateResourcesOnly: False
2025-08-31 07:17:30.511 :  ** INFO: Parameter - AWSProfile: evolve
2025-08-31 07:17:30.564 :  ** INFO: Parameter - UseSSOLogin: False
2025-08-31 07:17:30.616 :  ** INFO: Parameter - SqlUser: admin
2025-08-31 07:17:30.669 :  ** INFO: Parameter - SqlPassword: *********
2025-08-31 07:17:30.722 :  ** INFO: Parameter - ExportPath: 
2025-08-31 07:17:30.774 :  ** INFO: Parameter - FileNameDelimiter: ~~~~
2025-08-31 07:17:30.826 :  ** INFO: Parameter - DebugMode: False
2025-08-31 07:17:31.226 :  ** INFO: AWS CLI v2.x Detected: Version aws-cli/2.28.21 Python/3.13.7 Darwin/24.6.0 source/arm64
2025-08-31 07:17:31.277 :  ** INFO: PS Version: 7.5.2
2025-08-31 07:17:31.356 :  ** INFO: PS Module AWS.Tools.Common Missing
2025-08-31 07:17:31.423 :  ** INFO: PS Module AWSPowerShell Missing
2025-08-31 07:17:31.494 :  ** INFO: PS Module AWSPowerShell.NetCore Found: Version 5.0.29
2025-08-31 07:17:31.546 :  ** INFO: Profile evolve Supplied: Validating
2025-08-31 07:17:32.266 :  ** INFO: Profile evolve Found
2025-08-31 07:17:32.318 :  ** INFO: Profile: User ID: AIDATNSDHDOVAB6RTZB4N
2025-08-31 07:17:32.370 :  ** INFO: Profile: Account: 235290434474
2025-08-31 07:17:32.421 :  ** INFO: Profile: ARN: arn:aws:iam::235290434474:user/pekins
2025-08-31 07:17:33.002 :  ** INFO: Region us-east-2 has been validated
2025-08-31 07:17:33.643 :  ** INFO: Instance i-034419e3c67ca1103 has been validated
2025-08-31 07:17:33.697 :  ** INFO: Instance i-034419e3c67ca1103 Private DNS Name Found: ec2-3-14-134-131.us-east-2.compute.amazonaws.com
2025-08-31 07:17:34.318 :  ** INFO: RDS Node rds-ex has been validated
2025-08-31 07:17:34.370 :  ** INFO: No TSQL Data Collection Specified : Skipping SQL Connectivity Test
2025-08-31 07:17:34.421 :  ** INFO: Database Tsql Filter Created : SELECT [name] FROM [master].[sys].[databases] 
                    WHERE source_database_id IS NULL 
                        and [name] NOT IN('model','tempdb','master','msdb','distribution','ssisdb','rdsadmin','MVA-Data-Collection') 
                        and [name] NOT LIKE '%ReportServer%' 
                        and state_desc = 'ONLINE'  ORDER BY Name
2025-08-31 07:27:17.840 :  ** INFO: Setting Script Path: /Users/philekins/Documents/Evolve/GitRepos/mva-data-collection
