2025-08-31 07:12:17.312 :  ** INFO: Logfile Path Set: /Users/philekins/Documents/Evolve/GitRepos/mva-data-collection/Export/083125071217/Log/MVA_Log_083125071217.log
2025-08-31 07:12:17.364 :  ** INFO: MVA Data Collection Script - Version : 1.0.8
2025-08-31 07:12:17.718 :  ** INFO: Parameter - CollectConnectionsOnly: False
2025-08-31 07:12:17.771 :  ** INFO: Parameter - ExportDacPacs: False
2025-08-31 07:12:17.825 :  ** INFO: Parameter - CollectCloudWatchData: True
2025-08-31 07:12:17.878 :  ** INFO: Parameter - CollectTsqlData: False
2025-08-31 07:12:17.933 :  ** INFO: Parameter - CleanUpEnvironment: False
2025-08-31 07:12:17.996 :  ** INFO: Parameter - SqlServerConnectionTimeout: 300
2025-08-31 07:12:18.048 :  ** INFO: Parameter - SqlServerQueryTimeout: 5
2025-08-31 07:12:18.102 :  ** INFO: Parameter - CloudWatchCollectionPeriod: 30
2025-08-31 07:12:18.154 :  ** INFO: Parameter - IncludeAllMsgs: True
2025-08-31 07:12:18.208 :  ** INFO: Parameter - ValidateResourcesOnly: False
2025-08-31 07:12:18.261 :  ** INFO: Parameter - AWSProfile: evolve
2025-08-31 07:12:18.314 :  ** INFO: Parameter - UseSSOLogin: False
2025-08-31 07:12:18.368 :  ** INFO: Parameter - SqlUser: admin
2025-08-31 07:12:18.421 :  ** INFO: Parameter - SqlPassword: *********
2025-08-31 07:12:18.474 :  ** INFO: Parameter - ExportPath: 
2025-08-31 07:12:18.527 :  ** INFO: Parameter - FileNameDelimiter: ~~~~
2025-08-31 07:12:18.579 :  ** INFO: Parameter - DebugMode: False
2025-08-31 07:12:18.855 :  ** INFO: AWS CLI v2.x Detected: Version aws-cli/2.28.21 Python/3.13.7 Darwin/24.6.0 source/arm64
2025-08-31 07:12:18.907 :  ** INFO: PS Version: 7.5.2
2025-08-31 07:12:18.980 :  ** INFO: PS Module AWS.Tools.Common Missing
2025-08-31 07:12:19.046 :  ** INFO: PS Module AWSPowerShell Missing
2025-08-31 07:12:19.118 :  ** INFO: PS Module AWSPowerShell.NetCore Found: Version 5.0.29
2025-08-31 07:12:19.170 :  ** INFO: Profile evolve Supplied: Validating
2025-08-31 07:12:19.829 :  ** INFO: Profile evolve Found
2025-08-31 07:12:19.880 :  ** INFO: Profile: User ID: AIDATNSDHDOVAB6RTZB4N
2025-08-31 07:12:19.932 :  ** INFO: Profile: Account: 235290434474
2025-08-31 07:12:19.984 :  ** INFO: Profile: ARN: arn:aws:iam::235290434474:user/pekins
2025-08-31 07:12:20.538 :  ** INFO: Region us-east-2 has been validated
2025-08-31 07:12:21.125 :  ** INFO: Instance i-034419e3c67ca1103 has been validated
2025-08-31 07:12:21.176 :  ** INFO: Instance i-034419e3c67ca1103 Private DNS Name Found: ec2-3-14-134-131.us-east-2.compute.amazonaws.com
2025-08-31 07:12:21.736 :  ** INFO: RDS Node rds-ex has been validated
2025-08-31 07:12:21.787 :  ** INFO: No TSQL Data Collection Specified : Skipping SQL Connectivity Test
2025-08-31 07:12:21.839 :  ** INFO: Database Tsql Filter Created : SELECT [name] FROM [master].[sys].[databases] 
                    WHERE source_database_id IS NULL 
                        and [name] NOT IN('model','tempdb','master','msdb','distribution','ssisdb','rdsadmin','MVA-Data-Collection') 
                        and [name] NOT LIKE '%ReportServer%' 
                        and state_desc = 'ONLINE'  ORDER BY Name
2025-08-31 07:17:29.332 :  ** INFO: Setting Script Path: /Users/philekins/Documents/Evolve/GitRepos/mva-data-collection
