2025-08-30 16:57:25.761 :  ** INFO: Logfile Path Set: /Users/philekins/Documents/Evolve/GitRepos/mva-data-collection/Export/083025165725/Log/MVA_Log_083025165725.log
2025-08-30 16:57:25.813 :  ** INFO: MVA Data Collection Script - Version : 1.0.8
2025-08-30 16:57:26.239 :  ** INFO: Parameter - CollectConnectionsOnly: False
2025-08-30 16:57:26.292 :  ** INFO: Parameter - ExportDacPacs: False
2025-08-30 16:57:26.344 :  ** INFO: Parameter - CollectCloudWatchData: False
2025-08-30 16:57:26.398 :  ** INFO: Parameter - CollectTsqlData: False
2025-08-30 16:57:26.450 :  ** INFO: Parameter - CleanUpEnvironment: False
2025-08-30 16:57:26.503 :  ** INFO: Parameter - SqlServerConnectionTimeout: 300
2025-08-30 16:57:26.556 :  ** INFO: Parameter - SqlServerQueryTimeout: 5
2025-08-30 16:57:26.609 :  ** INFO: Parameter - CloudWatchCollectionPeriod: 30
2025-08-30 16:57:26.664 :  ** INFO: Parameter - IncludeAllMsgs: True
2025-08-30 16:57:26.719 :  ** INFO: Parameter - ValidateResourcesOnly: True
2025-08-30 16:57:26.771 :  ** INFO: Parameter - AWSProfile: 
2025-08-30 16:57:26.829 :  ** INFO: Parameter - UseSSOLogin: False
2025-08-30 16:57:26.882 :  ** INFO: Parameter - SqlUser: admin
2025-08-30 16:57:26.935 :  ** INFO: Parameter - SqlPassword: *********
2025-08-30 16:57:26.988 :  ** INFO: Parameter - ExportPath: 
2025-08-30 16:57:27.040 :  ** INFO: Parameter - FileNameDelimiter: ~~~~
2025-08-30 16:57:27.093 :  ** INFO: Parameter - DebugMode: False
2025-08-30 16:57:36.630 :  ** INFO: AWS CLI v2.x Detected: Version aws-cli/2.28.21 Python/3.13.7 Darwin/24.6.0 source/arm64
2025-08-30 16:57:42.005 :  ** INFO: PS Version: 7.5.2
2025-08-30 16:58:02.771 :  ** INFO: PS Module AWS.Tools.Common Missing
2025-08-30 16:58:22.437 :  ** INFO: PS Module AWSPowerShell Missing
2025-08-30 16:58:25.667 :  ** INFO: PS Module AWSPowerShell.NetCore Found: Version 5.0.29
2025-08-30 17:00:34.097 :  ** INFO: ValidateResourcesOnly Selected : Disabling all other collections
2025-08-30 17:00:54.459 :  ** ERROR: Call to Get-EC2Region -RegionName us-east-2 had errors : The term 'Get-EC2Region' is not recognized as a name of a cmdlet, function, script file, or executable program.
Check the spelling of the name, or if a path was included, verify that the path is correct and try again.
