2025-08-31 07:47:35.216 :  ** INFO: Logfile Path Set: /Users/philekins/Documents/Evolve/GitRepos/mva-data-collection/Export/083125074735/Log/MVA_Log_083125074735.log
2025-08-31 07:47:35.268 :  ** INFO: MVA Data Collection Script - Version : 1.0.8
2025-08-31 07:47:35.638 :  ** INFO: Parameter - CollectConnectionsOnly: False
2025-08-31 07:47:35.706 :  ** INFO: Parameter - ExportDacPacs: False
2025-08-31 07:47:35.758 :  ** INFO: Parameter - CollectCloudWatchData: True
2025-08-31 07:47:35.812 :  ** INFO: Parameter - CollectTsqlData: False
2025-08-31 07:47:35.865 :  ** INFO: Parameter - CleanUpEnvironment: False
2025-08-31 07:47:35.919 :  ** INFO: Parameter - SqlServerConnectionTimeout: 300
2025-08-31 07:47:35.972 :  ** INFO: Parameter - SqlServerQueryTimeout: 5
2025-08-31 07:47:36.025 :  ** INFO: Parameter - CloudWatchCollectionPeriod: 30
2025-08-31 07:47:36.078 :  ** INFO: Parameter - IncludeAllMsgs: True
2025-08-31 07:47:36.130 :  ** INFO: Parameter - ValidateResourcesOnly: False
2025-08-31 07:47:36.183 :  ** INFO: Parameter - AWSProfile: evolve
2025-08-31 07:47:36.237 :  ** INFO: Parameter - UseSSOLogin: False
2025-08-31 07:47:36.290 :  ** INFO: Parameter - SqlUser: admin
2025-08-31 07:47:36.343 :  ** INFO: Parameter - SqlPassword: *********
2025-08-31 07:47:36.396 :  ** INFO: Parameter - ExportPath: 
2025-08-31 07:47:36.450 :  ** INFO: Parameter - FileNameDelimiter: ~~~~
2025-08-31 07:47:36.502 :  ** INFO: Parameter - DebugMode: True
2025-08-31 07:47:36.804 :  ** INFO: AWS CLI v2.x Detected: Version aws-cli/2.28.21 Python/3.13.7 Darwin/24.6.0 source/arm64
2025-08-31 07:47:36.856 :  ** INFO: PS Version: 7.5.2
2025-08-31 07:47:36.932 :  ** INFO: PS Module AWS.Tools.Common Missing
2025-08-31 07:47:37.000 :  ** INFO: PS Module AWSPowerShell Missing
2025-08-31 07:47:37.070 :  ** INFO: PS Module AWSPowerShell.NetCore Found: Version 5.0.29
2025-08-31 07:47:37.122 :  ** INFO: Profile evolve Supplied: Validating
2025-08-31 07:47:37.785 :  ** INFO: Profile evolve Found
2025-08-31 07:47:37.837 :  ** INFO: Profile: User ID: AIDATNSDHDOVAB6RTZB4N
2025-08-31 07:47:37.889 :  ** INFO: Profile: Account: 235290434474
2025-08-31 07:47:37.940 :  ** INFO: Profile: ARN: arn:aws:iam::235290434474:user/pekins
2025-08-31 07:47:38.499 :  ** INFO: Region us-east-2 has been validated
2025-08-31 07:47:39.163 :  ** INFO: Instance i-034419e3c67ca1103 has been validated
2025-08-31 07:47:39.215 :  ** INFO: Instance i-034419e3c67ca1103 Private DNS Name Found: ec2-3-14-134-131.us-east-2.compute.amazonaws.com
2025-08-31 07:47:39.780 :  ** INFO: RDS Node rds-ex has been validated
2025-08-31 07:47:39.832 :  ** INFO: No TSQL Data Collection Specified : Skipping SQL Connectivity Test
2025-08-31 07:47:39.884 :  ** INFO: Database Tsql Filter Created : SELECT [name] FROM [master].[sys].[databases] 
                    WHERE source_database_id IS NULL 
                        and [name] NOT IN('model','tempdb','master','msdb','distribution','ssisdb','rdsadmin','MVA-Data-Collection') 
                        and [name] NOT LIKE '%ReportServer%' 
                        and state_desc = 'ONLINE'  ORDER BY Name
2025-08-31 07:48:21.828 :  ** INFO: Debug Mode Enabled
2025-08-31 07:48:21.879 :  ** INFO: Setting Script Path: /Users/philekins/Documents/Evolve/GitRepos/mva-data-collection
