2025-08-30 17:35:27.980 :  ** INFO: Logfile Path Set: /Users/philekins/Documents/Evolve/GitRepos/mva-data-collection/Export/083025173527/Log/MVA_Log_083025173527.log
2025-08-30 17:35:28.035 :  ** INFO: MVA Data Collection Script - Version : 1.0.8
2025-08-30 17:35:28.507 :  ** INFO: Parameter - CollectConnectionsOnly: False
2025-08-30 17:35:28.561 :  ** INFO: Parameter - ExportDacPacs: False
2025-08-30 17:35:28.616 :  ** INFO: Parameter - CollectCloudWatchData: False
2025-08-30 17:35:28.672 :  ** INFO: Parameter - CollectTsqlData: False
2025-08-30 17:35:28.726 :  ** INFO: Parameter - CleanUpEnvironment: False
2025-08-30 17:35:28.778 :  ** INFO: Parameter - SqlServerConnectionTimeout: 300
2025-08-30 17:35:28.830 :  ** INFO: Parameter - SqlServerQueryTimeout: 5
2025-08-30 17:35:28.882 :  ** INFO: Parameter - CloudWatchCollectionPeriod: 30
2025-08-30 17:35:28.934 :  ** INFO: Parameter - IncludeAllMsgs: True
2025-08-30 17:35:28.986 :  ** INFO: Parameter - ValidateResourcesOnly: True
2025-08-30 17:35:29.038 :  ** INFO: Parameter - AWSProfile: 
2025-08-30 17:35:29.099 :  ** INFO: Parameter - UseSSOLogin: False
2025-08-30 17:35:29.151 :  ** INFO: Parameter - SqlUser: admin
2025-08-30 17:35:29.203 :  ** INFO: Parameter - SqlPassword: *********
2025-08-30 17:35:29.255 :  ** INFO: Parameter - ExportPath: 
2025-08-30 17:35:29.307 :  ** INFO: Parameter - FileNameDelimiter: ~~~~
2025-08-30 17:35:29.359 :  ** INFO: Parameter - DebugMode: False
2025-08-30 17:35:29.735 :  ** INFO: AWS CLI v2.x Detected: Version aws-cli/2.28.21 Python/3.13.7 Darwin/24.6.0 source/arm64
2025-08-30 17:35:45.901 :  ** INFO: Setting Script Path: /Users/philekins/Documents/Evolve/GitRepos/mva-data-collection
