2025-08-30 17:13:27.284 :  ** INFO: Logfile Path Set: /Users/philekins/Documents/Evolve/GitRepos/mva-data-collection/Export/083025171327/Log/MVA_Log_083025171327.log
2025-08-30 17:13:27.339 :  ** INFO: MVA Data Collection Script - Version : 1.0.8
2025-08-30 17:13:27.733 :  ** INFO: Parameter - CollectConnectionsOnly: False
2025-08-30 17:13:27.787 :  ** INFO: Parameter - ExportDacPacs: False
2025-08-30 17:13:27.841 :  ** INFO: Parameter - CollectCloudWatchData: False
2025-08-30 17:13:27.903 :  ** INFO: Parameter - CollectTsqlData: False
2025-08-30 17:13:27.959 :  ** INFO: Parameter - CleanUpEnvironment: False
2025-08-30 17:13:28.012 :  ** INFO: Parameter - SqlServerConnectionTimeout: 300
2025-08-30 17:13:28.065 :  ** INFO: Parameter - SqlServerQueryTimeout: 5
2025-08-30 17:13:28.117 :  ** INFO: Parameter - CloudWatchCollectionPeriod: 30
2025-08-30 17:13:28.169 :  ** INFO: Parameter - IncludeAllMsgs: True
2025-08-30 17:13:28.222 :  ** INFO: Parameter - ValidateResourcesOnly: True
2025-08-30 17:13:28.274 :  ** INFO: Parameter - AWSProfile: 
2025-08-30 17:13:28.326 :  ** INFO: Parameter - UseSSOLogin: False
2025-08-30 17:13:28.379 :  ** INFO: Parameter - SqlUser: admin
2025-08-30 17:13:28.431 :  ** INFO: Parameter - SqlPassword: *********
2025-08-30 17:13:28.484 :  ** INFO: Parameter - ExportPath: 
2025-08-30 17:13:28.536 :  ** INFO: Parameter - FileNameDelimiter: ~~~~
2025-08-30 17:13:28.588 :  ** INFO: Parameter - DebugMode: False
2025-08-30 17:13:28.853 :  ** INFO: AWS CLI v2.x Detected: Version aws-cli/2.28.21 Python/3.13.7 Darwin/24.6.0 source/arm64
2025-08-30 17:13:32.371 :  ** INFO: PS Version: 7.5.2
2025-08-30 17:14:22.607 :  ** INFO: Setting Script Path: /Users/philekins/Documents/Evolve/GitRepos/mva-data-collection
