2025-08-31 08:50:25.533 :  ** INFO: Logfile Path Set: /Users/philekins/Documents/Evolve/GitRepos/mva-data-collection/Export/083125085025/Log/MVA_Log_083125085025.log
2025-08-31 08:50:25.585 :  ** INFO: MVA Data Collection Script - Version : 1.0.8
2025-08-31 08:50:26.068 :  ** INFO: Parameter - CollectConnectionsOnly: False
2025-08-31 08:50:26.122 :  ** INFO: Parameter - ExportDacPacs: False
2025-08-31 08:50:26.176 :  ** INFO: Parameter - CollectCloudWatchData: True
2025-08-31 08:50:26.230 :  ** INFO: Parameter - CollectTsqlData: False
2025-08-31 08:50:26.283 :  ** INFO: Parameter - CleanUpEnvironment: False
2025-08-31 08:50:26.336 :  ** INFO: Parameter - SqlServerConnectionTimeout: 300
2025-08-31 08:50:26.390 :  ** INFO: Parameter - SqlServerQueryTimeout: 5
2025-08-31 08:50:26.444 :  ** INFO: Parameter - CloudWatchCollectionPeriod: 30
2025-08-31 08:50:26.510 :  ** INFO: Parameter - IncludeAllMsgs: True
2025-08-31 08:50:26.562 :  ** INFO: Parameter - ValidateResourcesOnly: False
2025-08-31 08:50:26.615 :  ** INFO: Parameter - AWSProfile: evolve
2025-08-31 08:50:26.668 :  ** INFO: Parameter - UseSSOLogin: False
2025-08-31 08:50:26.721 :  ** INFO: Parameter - SqlUser: admin
2025-08-31 08:50:26.774 :  ** INFO: Parameter - SqlPassword: *********
2025-08-31 08:50:26.827 :  ** INFO: Parameter - ExportPath: 
2025-08-31 08:50:26.879 :  ** INFO: Parameter - FileNameDelimiter: ~~~~
2025-08-31 08:50:26.931 :  ** INFO: Parameter - DebugMode: True
2025-08-31 08:50:27.220 :  ** INFO: AWS CLI v2.x Detected: Version aws-cli/2.28.21 Python/3.13.7 Darwin/24.6.0 source/arm64
2025-08-31 08:50:27.272 :  ** INFO: PS Version: 7.5.2
2025-08-31 08:50:27.351 :  ** INFO: PS Module AWS.Tools.Common Missing
2025-08-31 08:50:27.420 :  ** INFO: PS Module AWSPowerShell Missing
2025-08-31 08:50:27.490 :  ** INFO: PS Module AWSPowerShell.NetCore Found: Version 5.0.29
2025-08-31 08:50:27.541 :  ** INFO: Profile evolve Supplied: Validating
2025-08-31 08:50:28.250 :  ** INFO: Profile evolve Found
2025-08-31 08:50:28.301 :  ** INFO: Profile: User ID: AIDATNSDHDOVAB6RTZB4N
2025-08-31 08:50:28.353 :  ** INFO: Profile: Account: 235290434474
2025-08-31 08:50:28.404 :  ** INFO: Profile: ARN: arn:aws:iam::235290434474:user/pekins
2025-08-31 08:50:29.029 :  ** INFO: Region us-east-2 has been validated
2025-08-31 08:50:29.744 :  ** INFO: Instance i-034419e3c67ca1103 has been validated
2025-08-31 08:50:29.796 :  ** INFO: Instance i-034419e3c67ca1103 Private DNS Name Found: ec2-3-14-134-131.us-east-2.compute.amazonaws.com
2025-08-31 08:50:30.450 :  ** INFO: Instance i-041f169de8a947192 has been validated
2025-08-31 08:50:30.501 :  ** INFO: Instance i-041f169de8a947192 Private DNS Name Found: ec2-3-140-195-51.us-east-2.compute.amazonaws.com
2025-08-31 08:50:31.131 :  ** INFO: RDS Node rds-ex has been validated
2025-08-31 08:50:31.183 :  ** INFO: No TSQL Data Collection Specified : Skipping SQL Connectivity Test
2025-08-31 08:50:31.235 :  ** INFO: Database Tsql Filter Created : SELECT [name] FROM [master].[sys].[databases] 
                    WHERE source_database_id IS NULL 
                        and [name] NOT IN('model','tempdb','master','msdb','distribution','ssisdb','rdsadmin','MVA-Data-Collection') 
                        and [name] NOT LIKE '%ReportServer%' 
                        and state_desc = 'ONLINE'  ORDER BY Name
2025-08-31 08:50:47.206 :  ** INFO: Exported EC2 CW Metric CPUUtilization : i-034419e3c67ca1103
2025-08-31 08:51:01.583 :  ** INFO: Exported EC2 CW Metric EBSReadOps : i-034419e3c67ca1103
2025-08-31 08:51:14.972 :  ** INFO: Exported EC2 CW Metric EBSWriteOps : i-034419e3c67ca1103
2025-08-31 08:51:28.468 :  ** INFO: Exported EC2 CW Metric EBSReadBytes : i-034419e3c67ca1103
2025-08-31 08:51:42.094 :  ** INFO: Exported EC2 CW Metric EBSWriteBytes : i-034419e3c67ca1103
2025-08-31 08:51:55.641 :  ** INFO: Exported EC2 CW Metric NetworkIn : i-034419e3c67ca1103
2025-08-31 08:52:09.239 :  ** INFO: Exported EC2 CW Metric NetworkOut : i-034419e3c67ca1103
2025-08-31 08:52:22.919 :  ** INFO: Exported EC2 CW Metric NetworkPacketsIn : i-034419e3c67ca1103
2025-08-31 08:52:36.878 :  ** INFO: Exported EC2 CW Metric NetworkPacketsOut : i-034419e3c67ca1103
2025-08-31 08:56:34.819 :  ** INFO: Debug Mode Enabled
2025-08-31 08:56:34.871 :  ** INFO: Setting Script Path: /Users/philekins/Documents/Evolve/GitRepos/mva-data-collection
