2025-08-30 18:03:28.846 :  ** INFO: Logfile Path Set: /Users/philekins/Documents/Evolve/GitRepos/mva-data-collection/Export/083025180328/Log/MVA_Log_083025180328.log
2025-08-30 18:03:28.898 :  ** INFO: MVA Data Collection Script - Version : 1.0.8
2025-08-30 18:03:29.289 :  ** INFO: Parameter - CollectConnectionsOnly: False
2025-08-30 18:03:29.341 :  ** INFO: Parameter - ExportDacPacs: False
2025-08-30 18:03:29.393 :  ** INFO: Parameter - CollectCloudWatchData: False
2025-08-30 18:03:29.445 :  ** INFO: Parameter - CollectTsqlData: False
2025-08-30 18:03:29.498 :  ** INFO: Parameter - CleanUpEnvironment: False
2025-08-30 18:03:29.550 :  ** INFO: Parameter - SqlServerConnectionTimeout: 300
2025-08-30 18:03:29.603 :  ** INFO: Parameter - SqlServerQueryTimeout: 5
2025-08-30 18:03:29.656 :  ** INFO: Parameter - CloudWatchCollectionPeriod: 30
2025-08-30 18:03:29.709 :  ** INFO: Parameter - IncludeAllMsgs: True
2025-08-30 18:03:29.761 :  ** INFO: Parameter - ValidateResourcesOnly: True
2025-08-30 18:03:29.812 :  ** INFO: Parameter - AWSProfile: evolve
2025-08-30 18:03:29.864 :  ** INFO: Parameter - UseSSOLogin: False
2025-08-30 18:03:29.916 :  ** INFO: Parameter - SqlUser: admin
2025-08-30 18:03:29.969 :  ** INFO: Parameter - SqlPassword: *********
2025-08-30 18:03:30.022 :  ** INFO: Parameter - ExportPath: 
2025-08-30 18:03:30.075 :  ** INFO: Parameter - FileNameDelimiter: ~~~~
2025-08-30 18:03:30.127 :  ** INFO: Parameter - DebugMode: False
2025-08-30 18:03:30.494 :  ** INFO: AWS CLI v2.x Detected: Version aws-cli/2.28.21 Python/3.13.7 Darwin/24.6.0 source/arm64
2025-08-30 18:03:30.548 :  ** INFO: PS Version: 7.5.2
2025-08-30 18:03:30.631 :  ** INFO: PS Module AWS.Tools.Common Found: Version 5.0.45
2025-08-30 18:03:30.701 :  ** INFO: PS Module AWSPowerShell Found: Version 5.0.45
2025-08-30 18:03:30.773 :  ** INFO: PS Module AWSPowerShell.NetCore Found: Version 5.0.29
2025-08-30 18:03:30.825 :  ** INFO: ValidateResourcesOnly Selected : Disabling all other collections
2025-08-30 18:03:30.876 :  ** INFO: Profile evolve Supplied: Validating
2025-08-30 18:03:30.993 :  ** ERROR: Unable to Validate Profile : evolve : The term 'Get-STSCallerIdentity' is not recognized as a name of a cmdlet, function, script file, or executable program.
Check the spelling of the name, or if a path was included, verify that the path is correct and try again.
2025-08-30 18:03:31.045 :  ** ERROR: Errors were detected! Data Collection is Incomplete.
2025-08-30 18:03:31.096 :  ** ERROR: Please send Error Log file /Users/philekins/Documents/Evolve/GitRepos/mva-data-collection/Export/083025180328/Log/MVA_Log_083025180328.log to mva@evolvecloudservices.com
2025-08-30 18:03:31.147 :  ** INFO: ***********************************END OF LOGS ************************************* 
2025-08-30 18:03:31.199 :  The term 'Get-STSCallerIdentity' is not recognized as a name of a cmdlet, function, script file, or executable program.
Check the spelling of the name, or if a path was included, verify that the path is correct and try again.
2025-08-30 18:04:39.433 :  ** INFO: Setting Script Path: /Users/philekins/Documents/Evolve/GitRepos/mva-data-collection
