2025-08-30 17:12:29.744 :  ** INFO: Logfile Path Set: /Users/philekins/Documents/Evolve/GitRepos/mva-data-collection/Export/083025171229/Log/MVA_Log_083025171229.log
2025-08-30 17:12:29.796 :  ** INFO: MVA Data Collection Script - Version : 1.0.8
2025-08-30 17:12:30.259 :  ** INFO: Parameter - CollectConnectionsOnly: False
2025-08-30 17:12:30.311 :  ** INFO: Parameter - ExportDacPacs: False
2025-08-30 17:12:30.364 :  ** INFO: Parameter - CollectCloudWatchData: False
2025-08-30 17:12:30.417 :  ** INFO: Parameter - CollectTsqlData: False
2025-08-30 17:12:30.470 :  ** INFO: Parameter - CleanUpEnvironment: False
2025-08-30 17:12:30.524 :  ** INFO: Parameter - SqlServerConnectionTimeout: 300
2025-08-30 17:12:30.577 :  ** INFO: Parameter - SqlServerQueryTimeout: 5
2025-08-30 17:12:30.632 :  ** INFO: Parameter - CloudWatchCollectionPeriod: 30
2025-08-30 17:12:30.685 :  ** INFO: Parameter - IncludeAllMsgs: True
2025-08-30 17:12:30.739 :  ** INFO: Parameter - ValidateResourcesOnly: True
2025-08-30 17:12:30.793 :  ** INFO: Parameter - AWSProfile: 
2025-08-30 17:12:30.846 :  ** INFO: Parameter - UseSSOLogin: False
2025-08-30 17:12:30.900 :  ** INFO: Parameter - SqlUser: admin
2025-08-30 17:12:30.953 :  ** INFO: Parameter - SqlPassword: *********
2025-08-30 17:12:31.015 :  ** INFO: Parameter - ExportPath: 
2025-08-30 17:12:31.066 :  ** INFO: Parameter - FileNameDelimiter: ~~~~
2025-08-30 17:12:31.118 :  ** INFO: Parameter - DebugMode: False
2025-08-30 17:12:31.404 :  ** INFO: AWS CLI v2.x Detected: Version aws-cli/2.28.21 Python/3.13.7 Darwin/24.6.0 source/arm64
2025-08-30 17:12:57.540 :  ** INFO: Setting Script Path: /Users/philekins/Documents/Evolve/GitRepos/mva-data-collection
