2025-08-30 18:18:44.758 :  ** INFO: Logfile Path Set: /Users/philekins/Documents/Evolve/GitRepos/mva-data-collection/Export/083025181844/Log/MVA_Log_083025181844.log
2025-08-30 18:18:44.816 :  ** INFO: MVA Data Collection Script - Version : 1.0.8
2025-08-30 18:18:45.172 :  ** INFO: Parameter - CollectConnectionsOnly: False
2025-08-30 18:18:45.224 :  ** INFO: Parameter - ExportDacPacs: False
2025-08-30 18:18:45.276 :  ** INFO: Parameter - CollectCloudWatchData: False
2025-08-30 18:18:45.330 :  ** INFO: Parameter - CollectTsqlData: False
2025-08-30 18:18:45.384 :  ** INFO: Parameter - CleanUpEnvironment: False
2025-08-30 18:18:45.438 :  ** INFO: Parameter - SqlServerConnectionTimeout: 300
2025-08-30 18:18:45.493 :  ** INFO: Parameter - SqlServerQueryTimeout: 5
2025-08-30 18:18:45.545 :  ** INFO: Parameter - CloudWatchCollectionPeriod: 30
2025-08-30 18:18:45.599 :  ** INFO: Parameter - IncludeAllMsgs: True
2025-08-30 18:18:45.652 :  ** INFO: Parameter - ValidateResourcesOnly: True
2025-08-30 18:18:45.706 :  ** INFO: Parameter - AWSProfile: evolve
2025-08-30 18:18:45.757 :  ** INFO: Parameter - UseSSOLogin: False
2025-08-30 18:18:45.809 :  ** INFO: Parameter - SqlUser: admin
2025-08-30 18:18:45.861 :  ** INFO: Parameter - SqlPassword: *********
2025-08-30 18:18:45.914 :  ** INFO: Parameter - ExportPath: 
2025-08-30 18:18:45.969 :  ** INFO: Parameter - FileNameDelimiter: ~~~~
2025-08-30 18:18:46.022 :  ** INFO: Parameter - DebugMode: False
2025-08-30 18:18:46.296 :  ** INFO: AWS CLI v2.x Detected: Version aws-cli/2.28.21 Python/3.13.7 Darwin/24.6.0 source/arm64
2025-08-30 18:18:46.386 :  ** INFO: PS Version: 7.5.2
2025-08-30 18:18:46.451 :  ** INFO: PS Module AWS.Tools.Common Missing
2025-08-30 18:18:46.518 :  ** INFO: PS Module AWSPowerShell Missing
2025-08-30 18:18:46.586 :  ** INFO: PS Module AWSPowerShell.NetCore Found: Version 5.0.29
2025-08-30 18:18:46.637 :  ** INFO: ValidateResourcesOnly Selected : Disabling all other collections
2025-08-30 18:18:46.689 :  ** INFO: Profile evolve Supplied: Validating
2025-08-30 18:19:42.153 :  ** INFO: Setting Script Path: /Users/philekins/Documents/Evolve/GitRepos/mva-data-collection
