2025-08-31 07:44:55.860 :  ** INFO: Logfile Path Set: /Users/philekins/Documents/Evolve/GitRepos/mva-data-collection/Export/083125074455/Log/MVA_Log_083125074455.log
2025-08-31 07:44:55.912 :  ** INFO: MVA Data Collection Script - Version : 1.0.8
2025-08-31 07:44:56.251 :  ** INFO: Parameter - CollectConnectionsOnly: False
2025-08-31 07:44:56.304 :  ** INFO: Parameter - ExportDacPacs: False
2025-08-31 07:44:56.357 :  ** INFO: Parameter - CollectCloudWatchData: True
2025-08-31 07:44:56.411 :  ** INFO: Parameter - CollectTsqlData: False
2025-08-31 07:44:56.464 :  ** INFO: Parameter - CleanUpEnvironment: False
2025-08-31 07:44:56.517 :  ** INFO: Parameter - SqlServerConnectionTimeout: 300
2025-08-31 07:44:56.571 :  ** INFO: Parameter - SqlServerQueryTimeout: 5
2025-08-31 07:44:56.624 :  ** INFO: Parameter - CloudWatchCollectionPeriod: 30
2025-08-31 07:44:56.677 :  ** INFO: Parameter - IncludeAllMsgs: True
2025-08-31 07:44:56.744 :  ** INFO: Parameter - ValidateResourcesOnly: False
2025-08-31 07:44:56.797 :  ** INFO: Parameter - AWSProfile: evolve
2025-08-31 07:44:56.850 :  ** INFO: Parameter - UseSSOLogin: False
2025-08-31 07:44:56.904 :  ** INFO: Parameter - SqlUser: admin
2025-08-31 07:44:56.957 :  ** INFO: Parameter - SqlPassword: *********
2025-08-31 07:44:57.010 :  ** INFO: Parameter - ExportPath: 
2025-08-31 07:44:57.064 :  ** INFO: Parameter - FileNameDelimiter: ~~~~
2025-08-31 07:44:57.115 :  ** INFO: Parameter - DebugMode: True
2025-08-31 07:44:57.399 :  ** INFO: AWS CLI v2.x Detected: Version aws-cli/2.28.21 Python/3.13.7 Darwin/24.6.0 source/arm64
2025-08-31 07:44:57.451 :  ** INFO: PS Version: 7.5.2
2025-08-31 07:44:57.528 :  ** INFO: PS Module AWS.Tools.Common Missing
2025-08-31 07:44:57.596 :  ** INFO: PS Module AWSPowerShell Missing
2025-08-31 07:44:57.667 :  ** INFO: PS Module AWSPowerShell.NetCore Found: Version 5.0.29
2025-08-31 07:44:57.719 :  ** INFO: Profile evolve Supplied: Validating
2025-08-31 07:44:58.385 :  ** INFO: Profile evolve Found
2025-08-31 07:44:58.436 :  ** INFO: Profile: User ID: AIDATNSDHDOVAB6RTZB4N
2025-08-31 07:44:58.488 :  ** INFO: Profile: Account: 235290434474
2025-08-31 07:44:58.540 :  ** INFO: Profile: ARN: arn:aws:iam::235290434474:user/pekins
2025-08-31 07:44:59.080 :  ** INFO: Region us-east-2 has been validated
2025-08-31 07:44:59.670 :  ** INFO: Instance i-034419e3c67ca1103 has been validated
2025-08-31 07:44:59.722 :  ** INFO: Instance i-034419e3c67ca1103 Private DNS Name Found: ec2-3-14-134-131.us-east-2.compute.amazonaws.com
2025-08-31 07:45:00.234 :  ** INFO: RDS Node rds-ex has been validated
2025-08-31 07:45:00.287 :  ** INFO: No TSQL Data Collection Specified : Skipping SQL Connectivity Test
2025-08-31 07:45:00.338 :  ** INFO: Database Tsql Filter Created : SELECT [name] FROM [master].[sys].[databases] 
                    WHERE source_database_id IS NULL 
                        and [name] NOT IN('model','tempdb','master','msdb','distribution','ssisdb','rdsadmin','MVA-Data-Collection') 
                        and [name] NOT LIKE '%ReportServer%' 
                        and state_desc = 'ONLINE'  ORDER BY Name
2025-08-31 07:45:20.173 :  ** INFO: Debug Mode Enabled
2025-08-31 07:45:20.225 :  ** INFO: Setting Script Path: /Users/philekins/Documents/Evolve/GitRepos/mva-data-collection
