2025-08-30 18:52:59.609 :  ** INFO: Logfile Path Set: /Users/philekins/Documents/Evolve/GitRepos/mva-data-collection/Export/083025185259/Log/MVA_Log_083025185259.log
2025-08-30 18:52:59.661 :  ** INFO: MVA Data Collection Script - Version : 1.0.8
2025-08-30 18:53:00.081 :  ** INFO: Parameter - CollectConnectionsOnly: False
2025-08-30 18:53:00.133 :  ** INFO: Parameter - ExportDacPacs: True
2025-08-30 18:53:00.187 :  ** INFO: Parameter - CollectCloudWatchData: False
2025-08-30 18:53:00.241 :  ** INFO: Parameter - CollectTsqlData: False
2025-08-30 18:53:00.295 :  ** INFO: Parameter - CleanUpEnvironment: False
2025-08-30 18:53:00.349 :  ** INFO: Parameter - SqlServerConnectionTimeout: 300
2025-08-30 18:53:00.402 :  ** INFO: Parameter - SqlServerQueryTimeout: 5
2025-08-30 18:53:00.466 :  ** INFO: Parameter - CloudWatchCollectionPeriod: 30
2025-08-30 18:53:00.519 :  ** INFO: Parameter - IncludeAllMsgs: True
2025-08-30 18:53:00.572 :  ** INFO: Parameter - ValidateResourcesOnly: False
2025-08-30 18:53:00.626 :  ** INFO: Parameter - AWSProfile: evolve
2025-08-30 18:53:00.679 :  ** INFO: Parameter - UseSSOLogin: False
2025-08-30 18:53:00.733 :  ** INFO: Parameter - SqlUser: admin
2025-08-30 18:53:00.786 :  ** INFO: Parameter - SqlPassword: *********
2025-08-30 18:53:00.839 :  ** INFO: Parameter - ExportPath: 
2025-08-30 18:53:00.891 :  ** INFO: Parameter - FileNameDelimiter: ~~~~
2025-08-30 18:53:00.942 :  ** INFO: Parameter - DebugMode: False
2025-08-30 18:53:01.353 :  ** INFO: AWS CLI v2.x Detected: Version aws-cli/2.28.21 Python/3.13.7 Darwin/24.6.0 source/arm64
2025-08-30 18:53:01.405 :  ** INFO: PS Version: 7.5.2
2025-08-30 18:53:01.483 :  ** INFO: PS Module AWS.Tools.Common Missing
2025-08-30 18:53:01.551 :  ** INFO: PS Module AWSPowerShell Missing
2025-08-30 18:53:01.624 :  ** INFO: PS Module AWSPowerShell.NetCore Found: Version 5.0.29
2025-08-30 18:53:01.676 :  ** INFO: Profile evolve Supplied: Validating
2025-08-30 18:53:02.414 :  ** INFO: Profile evolve Found
2025-08-30 18:53:02.466 :  ** INFO: Profile: User ID: AIDATNSDHDOVAB6RTZB4N
2025-08-30 18:53:02.518 :  ** INFO: Profile: Account: 235290434474
2025-08-30 18:53:02.569 :  ** INFO: Profile: ARN: arn:aws:iam::235290434474:user/pekins
2025-08-30 18:53:03.173 :  ** INFO: Region us-east-2 has been validated
2025-08-30 18:53:03.876 :  ** INFO: Instance i-034419e3c67ca1103 has been validated
2025-08-30 18:53:03.927 :  ** INFO: Instance i-034419e3c67ca1103 Private DNS Name Found: ec2-3-14-134-131.us-east-2.compute.amazonaws.com
2025-08-30 18:53:04.503 :  ** INFO: RDS Node rds-ex has been validated
2025-08-30 18:53:04.584 :  ** INFO: EC2 InstanceId i-034419e3c67ca1103 SQL Connectivity has been validated
2025-08-30 18:53:04.707 :  ** INFO: DNS Lookup for ec2-3-14-134-131.us-east-2.compute.amazonaws.com : 3.14.134.131
2025-08-30 18:53:04.914 :  ** INFO: RDS Instance rds-ex SQL Connectivity has been validated
2025-08-30 18:53:05.025 :  ** INFO: DNS Lookup for rds-ex.cscudvycznhh.us-east-2.rds.amazonaws.com : 3.150.45.6
2025-08-30 18:53:05.152 :  ** INFO: DNS Lookup for rds-ex.cscudvycznhh.us-east-2.rds.amazonaws.com : 3.150.45.6
2025-08-30 18:53:05.205 :  ** INFO: Duplicate Entry Found: Skipping SQL Data Collection for rds-ex.cscudvycznhh.us-east-2.rds.amazonaws.com
2025-08-30 18:53:05.259 :  ** INFO: Database Tsql Filter Created : SELECT [name] FROM [master].[sys].[databases] 
                    WHERE source_database_id IS NULL 
                        and [name] NOT IN('model','tempdb','master','msdb','distribution','ssisdb','rdsadmin','MVA-Data-Collection') 
                        and [name] NOT LIKE '%ReportServer%' 
                        and state_desc = 'ONLINE'  ORDER BY Name
2025-08-30 18:56:03.669 :  ** INFO: Setting Script Path: /Users/philekins/Documents/Evolve/GitRepos/mva-data-collection
