2025-08-31 08:56:34.931 :  ** INFO: Logfile Path Set: /Users/philekins/Documents/Evolve/GitRepos/mva-data-collection/Export/083125085634/Log/MVA_Log_083125085634.log
2025-08-31 08:56:34.982 :  ** INFO: MVA Data Collection Script - Version : 1.0.8
2025-08-31 08:56:35.414 :  ** INFO: Parameter - CollectConnectionsOnly: False
2025-08-31 08:56:35.466 :  ** INFO: Parameter - ExportDacPacs: False
2025-08-31 08:56:35.518 :  ** INFO: Parameter - CollectCloudWatchData: True
2025-08-31 08:56:35.570 :  ** INFO: Parameter - CollectTsqlData: False
2025-08-31 08:56:35.622 :  ** INFO: Parameter - CleanUpEnvironment: False
2025-08-31 08:56:35.674 :  ** INFO: Parameter - SqlServerConnectionTimeout: 300
2025-08-31 08:56:35.726 :  ** INFO: Parameter - SqlServerQueryTimeout: 5
2025-08-31 08:56:35.777 :  ** INFO: Parameter - CloudWatchCollectionPeriod: 30
2025-08-31 08:56:35.830 :  ** INFO: Parameter - IncludeAllMsgs: True
2025-08-31 08:56:35.883 :  ** INFO: Parameter - ValidateResourcesOnly: False
2025-08-31 08:56:35.937 :  ** INFO: Parameter - AWSProfile: evolve
2025-08-31 08:56:35.990 :  ** INFO: Parameter - UseSSOLogin: False
2025-08-31 08:56:36.043 :  ** INFO: Parameter - SqlUser: admin
2025-08-31 08:56:36.097 :  ** INFO: Parameter - SqlPassword: *********
2025-08-31 08:56:36.150 :  ** INFO: Parameter - ExportPath: 
2025-08-31 08:56:36.207 :  ** INFO: Parameter - FileNameDelimiter: ~~~~
2025-08-31 08:56:36.259 :  ** INFO: Parameter - DebugMode: True
2025-08-31 08:56:36.538 :  ** INFO: AWS CLI v2.x Detected: Version aws-cli/2.28.21 Python/3.13.7 Darwin/24.6.0 source/arm64
2025-08-31 08:56:36.589 :  ** INFO: PS Version: 7.5.2
2025-08-31 08:56:36.670 :  ** INFO: PS Module AWS.Tools.Common Missing
2025-08-31 08:56:36.738 :  ** INFO: PS Module AWSPowerShell Missing
2025-08-31 08:56:36.808 :  ** INFO: PS Module AWSPowerShell.NetCore Found: Version 5.0.29
2025-08-31 08:56:36.860 :  ** INFO: Profile evolve Supplied: Validating
2025-08-31 08:56:37.585 :  ** INFO: Profile evolve Found
2025-08-31 08:56:37.637 :  ** INFO: Profile: User ID: AIDATNSDHDOVAB6RTZB4N
2025-08-31 08:56:37.688 :  ** INFO: Profile: Account: 235290434474
2025-08-31 08:56:37.740 :  ** INFO: Profile: ARN: arn:aws:iam::235290434474:user/pekins
2025-08-31 08:56:38.400 :  ** INFO: Region us-east-2 has been validated
2025-08-31 08:56:39.108 :  ** INFO: Instance i-034419e3c67ca1103 has been validated
2025-08-31 08:56:39.160 :  ** INFO: Instance i-034419e3c67ca1103 Private DNS Name Found: ec2-3-14-134-131.us-east-2.compute.amazonaws.com
2025-08-31 08:56:39.792 :  ** INFO: Instance i-041f169de8a947192 has been validated
2025-08-31 08:56:39.844 :  ** INFO: Instance i-041f169de8a947192 Private DNS Name Found: ec2-3-140-195-51.us-east-2.compute.amazonaws.com
2025-08-31 08:56:40.467 :  ** INFO: RDS Node rds-ex has been validated
2025-08-31 08:56:40.523 :  ** INFO: No TSQL Data Collection Specified : Skipping SQL Connectivity Test
2025-08-31 08:56:40.575 :  ** INFO: Database Tsql Filter Created : SELECT [name] FROM [master].[sys].[databases] 
                    WHERE source_database_id IS NULL 
                        and [name] NOT IN('model','tempdb','master','msdb','distribution','ssisdb','rdsadmin','MVA-Data-Collection') 
                        and [name] NOT LIKE '%ReportServer%' 
                        and state_desc = 'ONLINE'  ORDER BY Name
2025-08-31 08:56:55.769 :  ** INFO: Exported EC2 CW Metric CPUUtilization : i-034419e3c67ca1103
2025-08-31 08:57:09.267 :  ** INFO: Exported EC2 CW Metric EBSReadOps : i-034419e3c67ca1103
2025-08-31 08:57:22.824 :  ** INFO: Exported EC2 CW Metric EBSWriteOps : i-034419e3c67ca1103
2025-08-31 08:57:36.241 :  ** INFO: Exported EC2 CW Metric EBSReadBytes : i-034419e3c67ca1103
2025-08-31 08:57:49.828 :  ** INFO: Exported EC2 CW Metric EBSWriteBytes : i-034419e3c67ca1103
2025-08-31 08:58:03.476 :  ** INFO: Exported EC2 CW Metric NetworkIn : i-034419e3c67ca1103
2025-08-31 08:58:18.127 :  ** INFO: Exported EC2 CW Metric NetworkOut : i-034419e3c67ca1103
2025-08-31 08:58:32.257 :  ** INFO: Exported EC2 CW Metric NetworkPacketsIn : i-034419e3c67ca1103
2025-08-31 08:58:45.936 :  ** INFO: Exported EC2 CW Metric NetworkPacketsOut : i-034419e3c67ca1103
2025-08-31 09:01:11.711 :  ** INFO: Debug Mode Enabled
2025-08-31 09:01:11.762 :  ** INFO: Setting Script Path: /Users/philekins/Documents/Evolve/GitRepos/mva-data-collection
