2025-08-31 09:01:11.823 :  ** INFO: Logfile Path Set: /Users/philekins/Documents/Evolve/GitRepos/mva-data-collection/Export/083125090111/Log/MVA_Log_083125090111.log
2025-08-31 09:01:11.875 :  ** INFO: MVA Data Collection Script - Version : 1.0.8
2025-08-31 09:01:12.389 :  ** INFO: Parameter - CollectConnectionsOnly: False
2025-08-31 09:01:12.442 :  ** INFO: Parameter - ExportDacPacs: False
2025-08-31 09:01:12.496 :  ** INFO: Parameter - CollectCloudWatchData: True
2025-08-31 09:01:12.550 :  ** INFO: Parameter - CollectTsqlData: False
2025-08-31 09:01:12.604 :  ** INFO: Parameter - CleanUpEnvironment: False
2025-08-31 09:01:12.656 :  ** INFO: Parameter - SqlServerConnectionTimeout: 300
2025-08-31 09:01:12.709 :  ** INFO: Parameter - SqlServerQueryTimeout: 5
2025-08-31 09:01:12.760 :  ** INFO: Parameter - CloudWatchCollectionPeriod: 30
2025-08-31 09:01:12.812 :  ** INFO: Parameter - IncludeAllMsgs: True
2025-08-31 09:01:12.865 :  ** INFO: Parameter - ValidateResourcesOnly: False
2025-08-31 09:01:12.918 :  ** INFO: Parameter - AWSProfile: evolve
2025-08-31 09:01:12.971 :  ** INFO: Parameter - UseSSOLogin: False
2025-08-31 09:01:13.023 :  ** INFO: Parameter - SqlUser: admin
2025-08-31 09:01:13.075 :  ** INFO: Parameter - SqlPassword: *********
2025-08-31 09:01:13.127 :  ** INFO: Parameter - ExportPath: 
2025-08-31 09:01:13.178 :  ** INFO: Parameter - FileNameDelimiter: ~~~~
2025-08-31 09:01:13.230 :  ** INFO: Parameter - DebugMode: True
2025-08-31 09:01:13.516 :  ** INFO: AWS CLI v2.x Detected: Version aws-cli/2.28.21 Python/3.13.7 Darwin/24.6.0 source/arm64
2025-08-31 09:01:13.568 :  ** INFO: PS Version: 7.5.2
2025-08-31 09:01:13.645 :  ** INFO: PS Module AWS.Tools.Common Missing
2025-08-31 09:01:13.715 :  ** INFO: PS Module AWSPowerShell Missing
2025-08-31 09:01:13.793 :  ** INFO: PS Module AWSPowerShell.NetCore Found: Version 5.0.29
2025-08-31 09:01:13.845 :  ** INFO: Profile evolve Supplied: Validating
2025-08-31 09:01:14.555 :  ** INFO: Profile evolve Found
2025-08-31 09:01:14.607 :  ** INFO: Profile: User ID: AIDATNSDHDOVAB6RTZB4N
2025-08-31 09:01:14.660 :  ** INFO: Profile: Account: 235290434474
2025-08-31 09:01:14.712 :  ** INFO: Profile: ARN: arn:aws:iam::235290434474:user/pekins
2025-08-31 09:01:15.327 :  ** INFO: Region us-east-2 has been validated
2025-08-31 09:01:15.987 :  ** INFO: Instance i-034419e3c67ca1103 has been validated
2025-08-31 09:01:16.038 :  ** INFO: Instance i-034419e3c67ca1103 Private DNS Name Found: ec2-3-14-134-131.us-east-2.compute.amazonaws.com
2025-08-31 09:01:16.674 :  ** INFO: Instance i-041f169de8a947192 has been validated
2025-08-31 09:01:16.726 :  ** INFO: Instance i-041f169de8a947192 Private DNS Name Found: ec2-3-140-195-51.us-east-2.compute.amazonaws.com
2025-08-31 09:01:17.336 :  ** INFO: RDS Node rds-ex has been validated
2025-08-31 09:01:17.388 :  ** INFO: No TSQL Data Collection Specified : Skipping SQL Connectivity Test
2025-08-31 09:01:17.440 :  ** INFO: Database Tsql Filter Created : SELECT [name] FROM [master].[sys].[databases] 
                    WHERE source_database_id IS NULL 
                        and [name] NOT IN('model','tempdb','master','msdb','distribution','ssisdb','rdsadmin','MVA-Data-Collection') 
                        and [name] NOT LIKE '%ReportServer%' 
                        and state_desc = 'ONLINE'  ORDER BY Name
2025-08-31 09:01:33.531 :  ** INFO: Exported EC2 CW Metric CPUUtilization : i-034419e3c67ca1103
2025-08-31 09:01:47.634 :  ** INFO: Exported EC2 CW Metric EBSReadOps : i-034419e3c67ca1103
2025-08-31 09:02:01.156 :  ** INFO: Exported EC2 CW Metric EBSWriteOps : i-034419e3c67ca1103
2025-08-31 09:02:14.760 :  ** INFO: Exported EC2 CW Metric EBSReadBytes : i-034419e3c67ca1103
2025-08-31 09:02:28.530 :  ** INFO: Exported EC2 CW Metric EBSWriteBytes : i-034419e3c67ca1103
2025-08-31 09:02:42.360 :  ** INFO: Exported EC2 CW Metric NetworkIn : i-034419e3c67ca1103
2025-08-31 09:02:56.513 :  ** INFO: Exported EC2 CW Metric NetworkOut : i-034419e3c67ca1103
2025-08-31 09:03:10.127 :  ** INFO: Exported EC2 CW Metric NetworkPacketsIn : i-034419e3c67ca1103
2025-08-31 09:03:23.927 :  ** INFO: Exported EC2 CW Metric NetworkPacketsOut : i-034419e3c67ca1103
2025-08-31 09:29:10.342 :  ** INFO: Exported EBS CW Metric VolumeReadOps : i-034419e3c67ca1103 : vol-0532ee40b15815d2f
2025-08-31 09:30:22.800 :  ** INFO: Exported EBS CW Metric VolumeWriteOps : i-034419e3c67ca1103 : vol-0532ee40b15815d2f
2025-08-31 09:30:35.720 :  ** INFO: Exported EBS CW Metric VolumeReadBytes : i-034419e3c67ca1103 : vol-0532ee40b15815d2f
2025-08-31 09:30:48.535 :  ** INFO: Exported EBS CW Metric VolumeWriteBytes : i-034419e3c67ca1103 : vol-0532ee40b15815d2f
2025-08-31 09:31:03.859 :  ** INFO: Exported EBS CW Metric VolumeReadOps : i-034419e3c67ca1103 : vol-024e54ed9ce836fe7
2025-08-31 09:31:19.478 :  ** INFO: Exported EBS CW Metric VolumeWriteOps : i-034419e3c67ca1103 : vol-024e54ed9ce836fe7
2025-08-31 09:31:34.583 :  ** INFO: Exported EBS CW Metric VolumeReadBytes : i-034419e3c67ca1103 : vol-024e54ed9ce836fe7
2025-08-31 09:31:50.279 :  ** INFO: Exported EBS CW Metric VolumeWriteBytes : i-034419e3c67ca1103 : vol-024e54ed9ce836fe7
2025-08-31 09:32:05.406 :  ** INFO: Exported EBS CW Metric VolumeReadOps : i-034419e3c67ca1103 : vol-0e74c238d36a4d8c2
2025-08-31 09:32:19.982 :  ** INFO: Exported EBS CW Metric VolumeWriteOps : i-034419e3c67ca1103 : vol-0e74c238d36a4d8c2
2025-08-31 09:32:34.314 :  ** INFO: Exported EBS CW Metric VolumeReadBytes : i-034419e3c67ca1103 : vol-0e74c238d36a4d8c2
2025-08-31 09:32:50.161 :  ** INFO: Exported EBS CW Metric VolumeWriteBytes : i-034419e3c67ca1103 : vol-0e74c238d36a4d8c2
2025-08-31 09:32:58.225 :  ** INFO: Exported EBS CW Metric VolumeReadOps : i-034419e3c67ca1103 : 
2025-08-31 09:33:06.132 :  ** INFO: Exported EBS CW Metric VolumeWriteOps : i-034419e3c67ca1103 : 
2025-08-31 09:33:14.267 :  ** INFO: Exported EBS CW Metric VolumeReadBytes : i-034419e3c67ca1103 : 
2025-08-31 09:33:22.330 :  ** INFO: Exported EBS CW Metric VolumeWriteBytes : i-034419e3c67ca1103 : 
2025-08-31 09:34:46.072 :  ** INFO: Debug Mode Enabled
2025-08-31 09:34:46.123 :  ** INFO: Setting Script Path: /Users/philekins/Documents/Evolve/GitRepos/mva-data-collection
