2025-08-30 17:36:35.266 :  ** INFO: Logfile Path Set: /Users/philekins/Documents/Evolve/GitRepos/mva-data-collection/Export/083025173635/Log/MVA_Log_083025173635.log
2025-08-30 17:36:35.318 :  ** INFO: MVA Data Collection Script - Version : 1.0.8
2025-08-30 17:36:35.658 :  ** INFO: Parameter - CollectConnectionsOnly: False
2025-08-30 17:36:35.710 :  ** INFO: Parameter - ExportDacPacs: False
2025-08-30 17:36:35.763 :  ** INFO: Parameter - CollectCloudWatchData: False
2025-08-30 17:36:35.817 :  ** INFO: Parameter - CollectTsqlData: False
2025-08-30 17:36:35.871 :  ** INFO: Parameter - CleanUpEnvironment: False
2025-08-30 17:36:35.925 :  ** INFO: Parameter - SqlServerConnectionTimeout: 300
2025-08-30 17:36:35.980 :  ** INFO: Parameter - SqlServerQueryTimeout: 5
2025-08-30 17:36:36.046 :  ** INFO: Parameter - CloudWatchCollectionPeriod: 30
2025-08-30 17:36:36.099 :  ** INFO: Parameter - IncludeAllMsgs: True
2025-08-30 17:36:36.153 :  ** INFO: Parameter - ValidateResourcesOnly: True
2025-08-30 17:36:36.206 :  ** INFO: Parameter - AWSProfile: 
2025-08-30 17:36:36.259 :  ** INFO: Parameter - UseSSOLogin: False
2025-08-30 17:36:36.313 :  ** INFO: Parameter - SqlUser: admin
2025-08-30 17:36:36.367 :  ** INFO: Parameter - SqlPassword: *********
2025-08-30 17:36:36.420 :  ** INFO: Parameter - ExportPath: 
2025-08-30 17:36:36.473 :  ** INFO: Parameter - FileNameDelimiter: ~~~~
2025-08-30 17:36:36.525 :  ** INFO: Parameter - DebugMode: False
2025-08-30 17:36:36.799 :  ** INFO: AWS CLI v2.x Detected: Version aws-cli/2.28.21 Python/3.13.7 Darwin/24.6.0 source/arm64
2025-08-30 17:36:40.344 :  ** INFO: PS Version: 7.5.2
2025-08-30 17:36:41.585 :  ** ERROR: PS Module AWS.Tools.Common Missing
2025-08-30 17:36:58.661 :  ** INFO: PS Module AWSPowerShell Found: Version 5.0.45
2025-08-30 17:37:00.570 :  ** INFO: PS Module AWSPowerShell.NetCore Found: Version 5.0.29
2025-08-30 17:37:04.216 :  ** INFO: ValidateResourcesOnly Selected : Disabling all other collections
2025-08-30 17:37:14.588 :  ** ERROR: Call to Get-EC2Region -RegionName us-east-2 had errors : The term 'Get-EC2Region' is not recognized as a name of a cmdlet, function, script file, or executable program.
Check the spelling of the name, or if a path was included, verify that the path is correct and try again.
