2025-08-30 17:06:06.078 :  ** INFO: Logfile Path Set: /Users/philekins/Documents/Evolve/GitRepos/mva-data-collection/Export/083025170606/Log/MVA_Log_083025170606.log
2025-08-30 17:06:06.130 :  ** INFO: MVA Data Collection Script - Version : 1.0.8
2025-08-30 17:06:06.545 :  ** INFO: Parameter - CollectConnectionsOnly: False
2025-08-30 17:06:06.596 :  ** INFO: Parameter - ExportDacPacs: False
2025-08-30 17:06:06.648 :  ** INFO: Parameter - CollectCloudWatchData: False
2025-08-30 17:06:06.700 :  ** INFO: Parameter - CollectTsqlData: False
2025-08-30 17:06:06.751 :  ** INFO: Parameter - CleanUpEnvironment: False
2025-08-30 17:06:06.803 :  ** INFO: Parameter - SqlServerConnectionTimeout: 300
2025-08-30 17:06:06.855 :  ** INFO: Parameter - SqlServerQueryTimeout: 5
2025-08-30 17:06:06.907 :  ** INFO: Parameter - CloudWatchCollectionPeriod: 30
2025-08-30 17:06:06.958 :  ** INFO: Parameter - IncludeAllMsgs: True
2025-08-30 17:06:07.010 :  ** INFO: Parameter - ValidateResourcesOnly: True
2025-08-30 17:06:07.062 :  ** INFO: Parameter - AWSProfile: 
2025-08-30 17:06:07.115 :  ** INFO: Parameter - UseSSOLogin: False
2025-08-30 17:06:07.166 :  ** INFO: Parameter - SqlUser: admin
2025-08-30 17:06:07.219 :  ** INFO: Parameter - SqlPassword: *********
2025-08-30 17:06:07.273 :  ** INFO: Parameter - ExportPath: 
2025-08-30 17:06:07.325 :  ** INFO: Parameter - FileNameDelimiter: ~~~~
2025-08-30 17:06:07.380 :  ** INFO: Parameter - DebugMode: False
2025-08-30 17:06:07.641 :  ** INFO: AWS CLI v2.x Detected: Version aws-cli/2.28.21 Python/3.13.7 Darwin/24.6.0 source/arm64
2025-08-30 17:06:11.523 :  ** INFO: PS Version: 7.5.2
2025-08-30 17:06:16.733 :  ** INFO: PS Module AWS.Tools.Common Missing
2025-08-30 17:09:00.620 :  ** INFO: Setting Script Path: /Users/philekins/Documents/Evolve/GitRepos/mva-data-collection
